Attaching SeuratObject
Performing log-normalization
0%   10   20   30   40   50   60   70   80   90   100%
[----|----|----|----|----|----|----|----|----|----|
**************************************************|
Calculating gene variances
0%   10   20   30   40   50   60   70   80   90   100%
[----|----|----|----|----|----|----|----|----|----|
**************************************************|
Calculating feature variances of standardized and clipped values
0%   10   20   30   40   50   60   70   80   90   100%
[----|----|----|----|----|----|----|----|----|----|
**************************************************|
Centering data matrix
  |                                                                              |                                                                      |   0%  |                                                                              |===================================                                   |  50%  |                                                                              |======================================================================| 100%
Performing TF-IDF normalization
Warning message:
In RunTFIDF.default(object = GetAssayData(object = object, slot = "counts"),  :
  Some features contain 0 total counts
Running SVD
Scaling cell embeddings
Calculating cell-specific modality weights
Finding 50 nearest neighbors for each modality.
Calculating kernel bandwidths
Finding multimodal neighbors
Constructing multimodal KNN graph
Constructing multimodal SNN graph
