starting at Tue Apr 16 13:06:59 CDT 2024 on mhgcp-d02.grid.bcm.edu
SLURM_JOBID=1352439
Modularity Optimizer version 1.3.0 by Ludo Waltman and Nees Jan van Eck

Number of nodes: 77930
Number of edges: 2364607

Running Louvain algorithm...
Maximum modularity in 10 random starts: 0.9023
Number of communities: 45
Elapsed time: 26 seconds
Modularity Optimizer version 1.3.0 by Ludo Waltman and Nees Jan van Eck

Number of nodes: 77930
Number of edges: 2364607

Running Louvain algorithm...
Maximum modularity in 10 random starts: 0.9237
Number of communities: 40
Elapsed time: 24 seconds
Modularity Optimizer version 1.3.0 by Ludo Waltman and Nees Jan van Eck

Number of nodes: 77930
Number of edges: 2364607

Running Louvain algorithm...
Maximum modularity in 10 random starts: 0.9689
Number of communities: 32
Elapsed time: 20 seconds
class: ArchRProject 
outputDirectory: /storage/singlecell/jeanl/organoid/data/archr/cherry_project 
samples(9): wt5-1 wt5-2 ... wt28-1 wt28-2
sampleColData names(1): ArrowFiles
cellColData names(16): Sample nMultiFrags ... Clusters0.5 Clusters0.1
numberOfCells(1): 77930
medianTSS(1): 10.425
medianFrags(1): 12773.5
ended at Tue Apr 16 13:25:41 CDT 2024 on mhgcp-d02.grid.bcm.edu. Time elapsed: 00:18:42
