Loading required package: ggplot2
Loading required package: SummarizedExperiment
Loading required package: MatrixGenerics
Loading required package: matrixStats

Attaching package: ‘MatrixGenerics’

The following objects are masked from ‘package:matrixStats’:

    colAlls, colAnyNAs, colAnys, colAvgsPerRowSet, colCollapse,
    colCounts, colCummaxs, colCummins, colCumprods, colCumsums,
    colDiffs, colIQRDiffs, colIQRs, colLogSumExps, colMadDiffs,
    colMads, colMaxs, colMeans2, colMedians, colMins, colOrderStats,
    colProds, colQuantiles, colRanges, colRanks, colSdDiffs, colSds,
    colSums2, colTabulates, colVarDiffs, colVars, colWeightedMads,
    colWeightedMeans, colWeightedMedians, colWeightedSds,
    colWeightedVars, rowAlls, rowAnyNAs, rowAnys, rowAvgsPerColSet,
    rowCollapse, rowCounts, rowCummaxs, rowCummins, rowCumprods,
    rowCumsums, rowDiffs, rowIQRDiffs, rowIQRs, rowLogSumExps,
    rowMadDiffs, rowMads, rowMaxs, rowMeans2, rowMedians, rowMins,
    rowOrderStats, rowProds, rowQuantiles, rowRanges, rowRanks,
    rowSdDiffs, rowSds, rowSums2, rowTabulates, rowVarDiffs, rowVars,
    rowWeightedMads, rowWeightedMeans, rowWeightedMedians,
    rowWeightedSds, rowWeightedVars

Loading required package: GenomicRanges
Loading required package: stats4
Loading required package: BiocGenerics

Attaching package: ‘BiocGenerics’

The following objects are masked from ‘package:stats’:

    IQR, mad, sd, var, xtabs

The following objects are masked from ‘package:base’:

    Filter, Find, Map, Position, Reduce, anyDuplicated, append,
    as.data.frame, basename, cbind, colnames, dirname, do.call,
    duplicated, eval, evalq, get, grep, grepl, intersect, is.unsorted,
    lapply, mapply, match, mget, order, paste, pmax, pmax.int, pmin,
    pmin.int, rank, rbind, rownames, sapply, setdiff, sort, table,
    tapply, union, unique, unsplit, which.max, which.min

Loading required package: S4Vectors

Attaching package: ‘S4Vectors’

The following objects are masked from ‘package:base’:

    I, expand.grid, unname

Loading required package: IRanges
Loading required package: GenomeInfoDb
Loading required package: Biobase
Welcome to Bioconductor

    Vignettes contain introductory material; view with
    'browseVignettes()'. To cite Bioconductor, see
    'citation("Biobase")', and for packages 'citation("pkgname")'.


Attaching package: ‘Biobase’

The following object is masked from ‘package:MatrixGenerics’:

    rowMedians

The following objects are masked from ‘package:matrixStats’:

    anyMissing, rowMedians

Loading required package: data.table

Attaching package: ‘data.table’

The following object is masked from ‘package:SummarizedExperiment’:

    shift

The following object is masked from ‘package:GenomicRanges’:

    shift

The following object is masked from ‘package:IRanges’:

    shift

The following objects are masked from ‘package:S4Vectors’:

    first, second

Loading required package: Matrix

Attaching package: ‘Matrix’

The following object is masked from ‘package:S4Vectors’:

    expand

Loading required package: rhdf5
Loading required package: magrittr
Successfully loaded ArchRProject!

                                                   / |
                                                 /    \
            .                                  /      |.
            \\\                              /        |.
              \\\                          /           `|.
                \\\                      /              |.
                  \                    /                |\
                  \\#####\           /                  ||
                ==###########>      /                   ||
                 \\##==......\    /                     ||
            ______ =       =|__ /__                     ||      \\\
        ,--' ,----`-,__ ___/'  --,-`-===================##========>
       \               '        ##_______ _____ ,--,__,=##,__   ///
        ,    __==    ___,-,__,--'#'  ==='      `-'    | ##,-/
        -,____,---'       \\####\\________________,--\\_##,/
           ___      .______        ______  __    __  .______      
          /   \     |   _  \      /      ||  |  |  | |   _  \     
         /  ^  \    |  |_)  |    |  ,----'|  |__|  | |  |_)  |    
        /  /_\  \   |      /     |  |     |   __   | |      /     
       /  _____  \  |  |\  \\___ |  `----.|  |  |  | |  |\  \\___.
      /__/     \__\ | _| `._____| \______||__|  |__| | _| `._____|
    
Checking Inputs...
ArchR logging to : ArchRLogs/ArchR-addIterativeLSI-5a57428ee2ba-Date-2024-04-16_Time-13-07-07.log
If there is an issue, please report to github with logFile!
2024-04-16 13:07:08 : Computing Total Across All Features, 0.005 mins elapsed.
2024-04-16 13:07:13 : Computing Top Features, 0.092 mins elapsed.
###########
2024-04-16 13:07:14 : Running LSI (1 of 2) on Top Features, 0.109 mins elapsed.
###########
2024-04-16 13:07:15 : Sampling Cells (N = 10005) for Estimated LSI, 0.11 mins elapsed.
2024-04-16 13:07:15 : Creating Sampled Partial Matrix, 0.11 mins elapsed.
2024-04-16 13:07:58 : Computing Estimated LSI (projectAll = FALSE), 0.841 mins elapsed.
2024-04-16 13:08:20 : Identifying Clusters, 1.199 mins elapsed.
2024-04-16 13:08:47 : Identified 6 Clusters, 1.644 mins elapsed.
2024-04-16 13:08:47 : Saving LSI Iteration, 1.644 mins elapsed.
WARNING: Error found with Cairo installation. Continuing without rasterization.
WARNING: Error found with Cairo installation. Continuing without rasterization.
2024-04-16 13:09:13 : Creating Cluster Matrix on the total Group Features, 2.083 mins elapsed.
2024-04-16 13:10:36 : Computing Variable Features, 3.47 mins elapsed.
###########
2024-04-16 13:10:36 : Running LSI (2 of 2) on Variable Features, 3.473 mins elapsed.
###########
2024-04-16 13:10:36 : Creating Partial Matrix, 3.474 mins elapsed.
2024-04-16 13:14:24 : Computing LSI, 7.274 mins elapsed.
2024-04-16 13:15:52 : Finished Running IterativeLSI, 8.732 mins elapsed.
ArchR logging to : ArchRLogs/ArchR-addClusters-5a571cec9bf7-Date-2024-04-16_Time-13-15-52.log
If there is an issue, please report to github with logFile!
2024-04-16 13:15:52 : Running Seurats FindClusters (Stuart et al. Cell 2019), 0.005 mins elapsed.
Computing nearest neighbor graph
Computing SNN
0%   10   20   30   40   50   60   70   80   90   100%
[----|----|----|----|----|----|----|----|----|----|
**************************************************|
26 singletons identified. 19 final clusters.
2024-04-16 13:18:16 : Testing Biased Clusters, 2.39 mins elapsed.
2024-04-16 13:18:16 : Testing Outlier Clusters, 2.392 mins elapsed.
2024-04-16 13:18:16 : Assigning Cluster Names to 19 Clusters, 2.392 mins elapsed.
2024-04-16 13:18:16 : Finished addClusters, 2.396 mins elapsed.
ArchR logging to : ArchRLogs/ArchR-addClusters-5a57647878f4-Date-2024-04-16_Time-13-18-16.log
If there is an issue, please report to github with logFile!
2024-04-16 13:18:16 : Running Seurats FindClusters (Stuart et al. Cell 2019), 0.004 mins elapsed.
Computing nearest neighbor graph
Computing SNN
0%   10   20   30   40   50   60   70   80   90   100%
[----|----|----|----|----|----|----|----|----|----|
**************************************************|
26 singletons identified. 14 final clusters.
2024-04-16 13:20:30 : Testing Outlier Clusters, 2.222 mins elapsed.
2024-04-16 13:20:30 : Assigning Cluster Names to 14 Clusters, 2.222 mins elapsed.
2024-04-16 13:20:30 : Finished addClusters, 2.225 mins elapsed.
ArchR logging to : ArchRLogs/ArchR-addClusters-5a5737583696-Date-2024-04-16_Time-13-20-30.log
If there is an issue, please report to github with logFile!
2024-04-16 13:20:30 : Running Seurats FindClusters (Stuart et al. Cell 2019), 0.004 mins elapsed.
Computing nearest neighbor graph
Computing SNN
0%   10   20   30   40   50   60   70   80   90   100%
[----|----|----|----|----|----|----|----|----|----|
**************************************************|
26 singletons identified. 6 final clusters.
2024-04-16 13:22:40 : Testing Outlier Clusters, 2.168 mins elapsed.
2024-04-16 13:22:40 : Assigning Cluster Names to 6 Clusters, 2.168 mins elapsed.
2024-04-16 13:22:40 : Finished addClusters, 2.171 mins elapsed.
13:22:40 UMAP embedding parameters a = 0.583 b = 1.334
13:22:40 Read 77930 rows and found 30 numeric columns
13:22:40 Using Annoy for neighbor search, n_neighbors = 30
13:22:40 Building Annoy index with metric = cosine, n_trees = 50
0%   10   20   30   40   50   60   70   80   90   100%
[----|----|----|----|----|----|----|----|----|----|
**************************************************|
13:22:53 Writing NN index file to temp file /storage/chen/home/u250758/../../tmp/RtmpMh1d2P/file5a5724c15f2f
13:22:53 Searching Annoy index using 24 threads, search_k = 3000
13:22:56 Annoy recall = 100%
13:22:59 Commencing smooth kNN distance calibration using 24 threads with target n_neighbors = 30
13:23:02 Initializing from normalized Laplacian + noise (using irlba)
13:23:08 Commencing optimization for 200 epochs, with 3985060 positive edges
Using method 'umap'
0%   10   20   30   40   50   60   70   80   90   100%
[----|----|----|----|----|----|----|----|----|----|
**************************************************|
13:25:01 Optimization finished
13:25:01 Creating temp model dir /storage/chen/home/u250758/../../tmp/RtmpMh1d2P/dir5a576abe46f8
13:25:01 Creating dir /storage/chen/home/u250758/../../tmp/RtmpMh1d2P/dir5a576abe46f8
13:25:08 Changing to /storage/chen/home/u250758/../../tmp/RtmpMh1d2P/dir5a576abe46f8
13:25:08 Creating /storage/singlecell/jeanl/organoid/data/archr/cherry_project/Embeddings/Save-Uwot-UMAP-Params-IterativeLSI-5a5716f6d275-Date-2024-04-16_Time-13-25-01.tar
Warning messages:
1: In sprintf(gettext(fmt, domain = domain), ...) :
  one argument not used by format 'invalid uid value replaced by that for user 'nobody''
2: invalid uid value replaced by that for user 'nobody' 
3: In sprintf(gettext(fmt, domain = domain), ...) :
  one argument not used by format 'invalid gid value replaced by that for user 'nobody''
4: invalid gid value replaced by that for user 'nobody' 
Saving ArchRProject...
Loading ArchRProject...
Successfully loaded ArchRProject!

                                                   / |
                                                 /    \
            .                                  /      |.
            \\\                              /        |.
              \\\                          /           `|.
                \\\                      /              |.
                  \                    /                |\
                  \\#####\           /                  ||
                ==###########>      /                   ||
                 \\##==......\    /                     ||
            ______ =       =|__ /__                     ||      \\\
        ,--' ,----`-,__ ___/'  --,-`-===================##========>
       \               '        ##_______ _____ ,--,__,=##,__   ///
        ,    __==    ___,-,__,--'#'  ==='      `-'    | ##,-/
        -,____,---'       \\####\\________________,--\\_##,/
           ___      .______        ______  __    __  .______      
          /   \     |   _  \      /      ||  |  |  | |   _  \     
         /  ^  \    |  |_)  |    |  ,----'|  |__|  | |  |_)  |    
        /  /_\  \   |      /     |  |     |   __   | |      /     
       /  _____  \  |  |\  \\___ |  `----.|  |  |  | |  |\  \\___.
      /__/     \__\ | _| `._____| \______||__|  |__| | _| `._____|
    

           ___      .______        ______  __    __  .______      
          /   \     |   _  \      /      ||  |  |  | |   _  \     
         /  ^  \    |  |_)  |    |  ,----'|  |__|  | |  |_)  |    
        /  /_\  \   |      /     |  |     |   __   | |      /     
       /  _____  \  |  |\  \\___ |  `----.|  |  |  | |  |\  \\___.
      /__/     \__\ | _| `._____| \______||__|  |__| | _| `._____|
    
ArchR logging to : ArchRLogs/ArchR-plotEmbedding-5a576e57bdcf-Date-2024-04-16_Time-13-25-18.log
If there is an issue, please report to github with logFile!
Plotting Embedding
1 WARNING: Error found with Cairo installation. Continuing without rasterization.

ArchR logging successful to : ArchRLogs/ArchR-plotEmbedding-5a576e57bdcf-Date-2024-04-16_Time-13-25-18.log
ArchR logging to : ArchRLogs/ArchR-plotEmbedding-5a576766b1e6-Date-2024-04-16_Time-13-25-19.log
If there is an issue, please report to github with logFile!
Plotting Embedding
1 WARNING: Error found with Cairo installation. Continuing without rasterization.

ArchR logging successful to : ArchRLogs/ArchR-plotEmbedding-5a576766b1e6-Date-2024-04-16_Time-13-25-19.log
ArchR logging to : ArchRLogs/ArchR-plotEmbedding-5a577606f61-Date-2024-04-16_Time-13-25-20.log
If there is an issue, please report to github with logFile!
Plotting Embedding
1 WARNING: Error found with Cairo installation. Continuing without rasterization.

ArchR logging successful to : ArchRLogs/ArchR-plotEmbedding-5a577606f61-Date-2024-04-16_Time-13-25-20.log
ArchR logging to : ArchRLogs/ArchR-plotEmbedding-5a5766ebb79d-Date-2024-04-16_Time-13-25-21.log
If there is an issue, please report to github with logFile!
Plotting Embedding
1 WARNING: Error found with Cairo installation. Continuing without rasterization.

ArchR logging successful to : ArchRLogs/ArchR-plotEmbedding-5a5766ebb79d-Date-2024-04-16_Time-13-25-21.log
Plotting Ggplot!
Plotting Ggplot!
Plotting Ggplot!
Plotting Ggplot!
