Loading required package: ggplot2
Loading required package: SummarizedExperiment
Loading required package: MatrixGenerics
Loading required package: matrixStats

Attaching package: ‘MatrixGenerics’

The following objects are masked from ‘package:matrixStats’:

    colAlls, colAnyNAs, colAnys, colAvgsPerRowSet, colCollapse,
    colCounts, colCummaxs, colCummins, colCumprods, colCumsums,
    colDiffs, colIQRDiffs, colIQRs, colLogSumExps, colMadDiffs,
    colMads, colMaxs, colMeans2, colMedians, colMins, colOrderStats,
    colProds, colQuantiles, colRanges, colRanks, colSdDiffs, colSds,
    colSums2, colTabulates, colVarDiffs, colVars, colWeightedMads,
    colWeightedMeans, colWeightedMedians, colWeightedSds,
    colWeightedVars, rowAlls, rowAnyNAs, rowAnys, rowAvgsPerColSet,
    rowCollapse, rowCounts, rowCummaxs, rowCummins, rowCumprods,
    rowCumsums, rowDiffs, rowIQRDiffs, rowIQRs, rowLogSumExps,
    rowMadDiffs, rowMads, rowMaxs, rowMeans2, rowMedians, rowMins,
    rowOrderStats, rowProds, rowQuantiles, rowRanges, rowRanks,
    rowSdDiffs, rowSds, rowSums2, rowTabulates, rowVarDiffs, rowVars,
    rowWeightedMads, rowWeightedMeans, rowWeightedMedians,
    rowWeightedSds, rowWeightedVars

Loading required package: GenomicRanges
Loading required package: stats4
Loading required package: BiocGenerics

Attaching package: ‘BiocGenerics’

The following objects are masked from ‘package:stats’:

    IQR, mad, sd, var, xtabs

The following objects are masked from ‘package:base’:

    Filter, Find, Map, Position, Reduce, anyDuplicated, append,
    as.data.frame, basename, cbind, colnames, dirname, do.call,
    duplicated, eval, evalq, get, grep, grepl, intersect, is.unsorted,
    lapply, mapply, match, mget, order, paste, pmax, pmax.int, pmin,
    pmin.int, rank, rbind, rownames, sapply, setdiff, sort, table,
    tapply, union, unique, unsplit, which.max, which.min

Loading required package: S4Vectors

Attaching package: ‘S4Vectors’

The following objects are masked from ‘package:base’:

    I, expand.grid, unname

Loading required package: IRanges
Loading required package: GenomeInfoDb
Loading required package: Biobase
Welcome to Bioconductor

    Vignettes contain introductory material; view with
    'browseVignettes()'. To cite Bioconductor, see
    'citation("Biobase")', and for packages 'citation("pkgname")'.


Attaching package: ‘Biobase’

The following object is masked from ‘package:MatrixGenerics’:

    rowMedians

The following objects are masked from ‘package:matrixStats’:

    anyMissing, rowMedians

Loading required package: data.table

Attaching package: ‘data.table’

The following object is masked from ‘package:SummarizedExperiment’:

    shift

The following object is masked from ‘package:GenomicRanges’:

    shift

The following object is masked from ‘package:IRanges’:

    shift

The following objects are masked from ‘package:S4Vectors’:

    first, second

Loading required package: Matrix

Attaching package: ‘Matrix’

The following object is masked from ‘package:S4Vectors’:

    expand

Loading required package: rhdf5
Loading required package: magrittr
Successfully loaded ArchRProject!

                                                   / |
                                                 /    \
            .                                  /      |.
            \\\                              /        |.
              \\\                          /           `|.
                \\\                      /              |.
                  \                    /                |\
                  \\#####\           /                  ||
                ==###########>      /                   ||
                 \\##==......\    /                     ||
            ______ =       =|__ /__                     ||      \\\
        ,--' ,----`-,__ ___/'  --,-`-===================##========>
       \               '        ##_______ _____ ,--,__,=##,__   ///
        ,    __==    ___,-,__,--'#'  ==='      `-'    | ##,-/
        -,____,---'       \\####\\________________,--\\_##,/
           ___      .______        ______  __    __  .______      
          /   \     |   _  \      /      ||  |  |  | |   _  \     
         /  ^  \    |  |_)  |    |  ,----'|  |__|  | |  |_)  |    
        /  /_\  \   |      /     |  |     |   __   | |      /     
       /  _____  \  |  |\  \\___ |  `----.|  |  |  | |  |\  \\___.
      /__/     \__\ | _| `._____| \______||__|  |__| | _| `._____|
    
Loading required package: SeuratObject
Loading required package: sp
The legacy packages maptools, rgdal, and rgeos, underpinning this package
will retire shortly. Please refer to R-spatial evolution reports on
https://r-spatial.org/r/2023/05/15/evolution4.html for details.
This package is now running under evolution status 0 

Attaching package: ‘sp’

The following object is masked from ‘package:IRanges’:

    %over%


Attaching package: ‘SeuratObject’

The following object is masked from ‘package:SummarizedExperiment’:

    Assays

ArchR logging to : ArchRLogs/ArchR-addGeneIntegrationMatrix-b0db491e2566-Date-2024-04-16_Time-15-57-41.log
If there is an issue, please report to github with logFile!
2024-04-16 15:57:41 : Running Seurat's Integration Stuart* et al 2019, 0.012 mins elapsed.
2024-04-16 15:57:48 : Checking ATAC Input, 0.118 mins elapsed.
2024-04-16 15:57:48 : Checking RNA Input, 0.119 mins elapsed.
2024-04-16 15:58:01 : Found 21369 overlapping gene names from gene scores and rna matrix!, 0.34 mins elapsed.
2024-04-16 15:58:01 : Creating Integration Blocks, 0.34 mins elapsed.
2024-04-16 15:58:09 : Prepping Interation Data, 0.472 mins elapsed.
2024-04-16 15:58:10 : Computing Integration in 8 Integration Blocks!, 0 mins elapsed.
2024-04-16 15:58:10 : Block (1 of 8) : Computing Integration, 0 mins elapsed.
2024-04-16 15:58:13 : Block (1 of 8) : Identifying Variable Genes, 0.04 mins elapsed.
2024-04-16 15:58:16 : Block (1 of 8) : Getting GeneScoreMatrix, 0.104 mins elapsed.
2024-04-16 15:58:51 : Block (1 of 8) : Imputing GeneScoreMatrix, 0.675 mins elapsed.
Getting ImputeWeights
2024-04-16 16:00:09 : Block (1 of 8) : Seurat FindTransferAnchors, 1.981 mins elapsed.
2024-04-16 16:02:06 : Block (1 of 8) : Seurat TransferData Cell Group Labels, 3.934 mins elapsed.
2024-04-16 16:02:09 : Block (1 of 8) : Seurat TransferData Cell Names Labels, 3.98 mins elapsed.
2024-04-16 16:02:38 : Block (1 of 8) : Seurat TransferData GeneMatrix, 4.466 mins elapsed.
2024-04-16 16:02:54 : Block (1 of 8) : Saving TransferAnchors Joint CCA, 4.727 mins elapsed.
2024-04-16 16:02:55 : Block (1 of 8) : Transferring Paired RNA to Temp File, 4.751 mins elapsed.
2024-04-16 16:03:19 : Block (1 of 8) : Completed Integration, 5.155 mins elapsed.
2024-04-16 16:03:21 : Block (2 of 8) : Computing Integration, 5.176 mins elapsed.
2024-04-16 16:03:23 : Block (2 of 8) : Identifying Variable Genes, 5.216 mins elapsed.
2024-04-16 16:03:27 : Block (2 of 8) : Getting GeneScoreMatrix, 5.28 mins elapsed.
2024-04-16 16:03:56 : Block (2 of 8) : Imputing GeneScoreMatrix, 5.763 mins elapsed.
Getting ImputeWeights
2024-04-16 16:05:12 : Block (2 of 8) : Seurat FindTransferAnchors, 7.038 mins elapsed.
2024-04-16 16:07:34 : Block (2 of 8) : Seurat TransferData Cell Group Labels, 9.403 mins elapsed.
2024-04-16 16:07:37 : Block (2 of 8) : Seurat TransferData Cell Names Labels, 9.453 mins elapsed.
2024-04-16 16:08:05 : Block (2 of 8) : Seurat TransferData GeneMatrix, 9.92 mins elapsed.
2024-04-16 16:08:21 : Block (2 of 8) : Saving TransferAnchors Joint CCA, 10.188 mins elapsed.
2024-04-16 16:08:23 : Block (2 of 8) : Transferring Paired RNA to Temp File, 10.208 mins elapsed.
2024-04-16 16:08:46 : Block (2 of 8) : Completed Integration, 10.605 mins elapsed.
2024-04-16 16:08:48 : Block (3 of 8) : Computing Integration, 10.624 mins elapsed.
2024-04-16 16:08:50 : Block (3 of 8) : Identifying Variable Genes, 10.661 mins elapsed.
2024-04-16 16:08:54 : Block (3 of 8) : Getting GeneScoreMatrix, 10.725 mins elapsed.
2024-04-16 16:09:24 : Block (3 of 8) : Imputing GeneScoreMatrix, 11.237 mins elapsed.
Getting ImputeWeights
2024-04-16 16:10:39 : Block (3 of 8) : Seurat FindTransferAnchors, 12.473 mins elapsed.
2024-04-16 16:12:58 : Block (3 of 8) : Seurat TransferData Cell Group Labels, 14.794 mins elapsed.
2024-04-16 16:13:01 : Block (3 of 8) : Seurat TransferData Cell Names Labels, 14.842 mins elapsed.
2024-04-16 16:13:30 : Block (3 of 8) : Seurat TransferData GeneMatrix, 15.329 mins elapsed.
2024-04-16 16:13:46 : Block (3 of 8) : Saving TransferAnchors Joint CCA, 15.604 mins elapsed.
2024-04-16 16:13:47 : Block (3 of 8) : Transferring Paired RNA to Temp File, 15.621 mins elapsed.
2024-04-16 16:14:11 : Block (3 of 8) : Completed Integration, 16.021 mins elapsed.
2024-04-16 16:14:13 : Block (4 of 8) : Computing Integration, 16.041 mins elapsed.
2024-04-16 16:14:15 : Block (4 of 8) : Identifying Variable Genes, 16.077 mins elapsed.
2024-04-16 16:14:18 : Block (4 of 8) : Getting GeneScoreMatrix, 16.131 mins elapsed.
2024-04-16 16:14:46 : Block (4 of 8) : Imputing GeneScoreMatrix, 16.601 mins elapsed.
Getting ImputeWeights
2024-04-16 16:16:00 : Block (4 of 8) : Seurat FindTransferAnchors, 17.834 mins elapsed.
2024-04-16 16:18:06 : Block (4 of 8) : Seurat TransferData Cell Group Labels, 19.93 mins elapsed.
2024-04-16 16:18:09 : Block (4 of 8) : Seurat TransferData Cell Names Labels, 19.976 mins elapsed.
2024-04-16 16:18:37 : Block (4 of 8) : Seurat TransferData GeneMatrix, 20.453 mins elapsed.
2024-04-16 16:18:53 : Block (4 of 8) : Saving TransferAnchors Joint CCA, 20.719 mins elapsed.
2024-04-16 16:18:55 : Block (4 of 8) : Transferring Paired RNA to Temp File, 20.74 mins elapsed.
2024-04-16 16:19:18 : Block (4 of 8) : Completed Integration, 21.127 mins elapsed.
2024-04-16 16:19:19 : Block (5 of 8) : Computing Integration, 21.145 mins elapsed.
2024-04-16 16:19:21 : Block (5 of 8) : Identifying Variable Genes, 21.18 mins elapsed.
2024-04-16 16:19:24 : Block (5 of 8) : Getting GeneScoreMatrix, 21.233 mins elapsed.
2024-04-16 16:19:52 : Block (5 of 8) : Imputing GeneScoreMatrix, 21.704 mins elapsed.
Getting ImputeWeights
2024-04-16 16:21:06 : Block (5 of 8) : Seurat FindTransferAnchors, 22.938 mins elapsed.
2024-04-16 16:23:07 : Block (5 of 8) : Seurat TransferData Cell Group Labels, 24.95 mins elapsed.
2024-04-16 16:23:10 : Block (5 of 8) : Seurat TransferData Cell Names Labels, 24.996 mins elapsed.
2024-04-16 16:23:39 : Block (5 of 8) : Seurat TransferData GeneMatrix, 25.475 mins elapsed.
2024-04-16 16:23:55 : Block (5 of 8) : Saving TransferAnchors Joint CCA, 25.747 mins elapsed.
2024-04-16 16:23:56 : Block (5 of 8) : Transferring Paired RNA to Temp File, 25.765 mins elapsed.
2024-04-16 16:24:19 : Block (5 of 8) : Completed Integration, 26.141 mins elapsed.
2024-04-16 16:24:20 : Block (6 of 8) : Computing Integration, 26.16 mins elapsed.
2024-04-16 16:24:22 : Block (6 of 8) : Identifying Variable Genes, 26.197 mins elapsed.
2024-04-16 16:24:25 : Block (6 of 8) : Getting GeneScoreMatrix, 26.247 mins elapsed.
2024-04-16 16:24:52 : Block (6 of 8) : Imputing GeneScoreMatrix, 26.704 mins elapsed.
Getting ImputeWeights
2024-04-16 16:26:06 : Block (6 of 8) : Seurat FindTransferAnchors, 27.937 mins elapsed.
2024-04-16 16:28:09 : Block (6 of 8) : Seurat TransferData Cell Group Labels, 29.98 mins elapsed.
2024-04-16 16:28:12 : Block (6 of 8) : Seurat TransferData Cell Names Labels, 30.027 mins elapsed.
2024-04-16 16:28:41 : Block (6 of 8) : Seurat TransferData GeneMatrix, 30.508 mins elapsed.
2024-04-16 16:28:57 : Block (6 of 8) : Saving TransferAnchors Joint CCA, 30.778 mins elapsed.
2024-04-16 16:28:58 : Block (6 of 8) : Transferring Paired RNA to Temp File, 30.795 mins elapsed.
2024-04-16 16:29:21 : Block (6 of 8) : Completed Integration, 31.181 mins elapsed.
2024-04-16 16:29:22 : Block (7 of 8) : Computing Integration, 31.198 mins elapsed.
2024-04-16 16:29:24 : Block (7 of 8) : Identifying Variable Genes, 31.232 mins elapsed.
2024-04-16 16:29:27 : Block (7 of 8) : Getting GeneScoreMatrix, 31.284 mins elapsed.
2024-04-16 16:29:55 : Block (7 of 8) : Imputing GeneScoreMatrix, 31.744 mins elapsed.
Getting ImputeWeights
2024-04-16 16:31:08 : Block (7 of 8) : Seurat FindTransferAnchors, 32.969 mins elapsed.
2024-04-16 16:33:20 : Block (7 of 8) : Seurat TransferData Cell Group Labels, 35.158 mins elapsed.
2024-04-16 16:33:22 : Block (7 of 8) : Seurat TransferData Cell Names Labels, 35.203 mins elapsed.
2024-04-16 16:33:53 : Block (7 of 8) : Seurat TransferData GeneMatrix, 35.72 mins elapsed.
2024-04-16 16:34:11 : Block (7 of 8) : Saving TransferAnchors Joint CCA, 36.017 mins elapsed.
2024-04-16 16:34:13 : Block (7 of 8) : Transferring Paired RNA to Temp File, 36.047 mins elapsed.
2024-04-16 16:34:40 : Block (7 of 8) : Completed Integration, 36.49 mins elapsed.
2024-04-16 16:34:41 : Block (8 of 8) : Computing Integration, 36.515 mins elapsed.
2024-04-16 16:34:44 : Block (8 of 8) : Identifying Variable Genes, 36.562 mins elapsed.
2024-04-16 16:34:47 : Block (8 of 8) : Getting GeneScoreMatrix, 36.62 mins elapsed.
2024-04-16 16:35:22 : Block (8 of 8) : Imputing GeneScoreMatrix, 37.2 mins elapsed.
Getting ImputeWeights
2024-04-16 16:36:38 : Block (8 of 8) : Seurat FindTransferAnchors, 38.467 mins elapsed.
2024-04-16 16:38:38 : Block (8 of 8) : Seurat TransferData Cell Group Labels, 40.463 mins elapsed.
2024-04-16 16:38:41 : Block (8 of 8) : Seurat TransferData Cell Names Labels, 40.508 mins elapsed.
2024-04-16 16:39:10 : Block (8 of 8) : Seurat TransferData GeneMatrix, 40.995 mins elapsed.
2024-04-16 16:39:25 : Block (8 of 8) : Saving TransferAnchors Joint CCA, 41.249 mins elapsed.
2024-04-16 16:39:26 : Block (8 of 8) : Transferring Paired RNA to Temp File, 41.27 mins elapsed.
2024-04-16 16:39:50 : Block (8 of 8) : Completed Integration, 41.657 mins elapsed.
2024-04-16 16:39:51 : Block (1 of 8) : Plotting Joint UMAP, 41.674 mins elapsed.
WARNING: Error found with Cairo installation. Continuing without rasterization.
WARNING: Error found with Cairo installation. Continuing without rasterization.
2024-04-16 16:40:37 : Block (2 of 8) : Plotting Joint UMAP, 42.448 mins elapsed.
WARNING: Error found with Cairo installation. Continuing without rasterization.
WARNING: Error found with Cairo installation. Continuing without rasterization.
2024-04-16 16:41:23 : Block (3 of 8) : Plotting Joint UMAP, 43.221 mins elapsed.
WARNING: Error found with Cairo installation. Continuing without rasterization.
WARNING: Error found with Cairo installation. Continuing without rasterization.
2024-04-16 16:42:10 : Block (4 of 8) : Plotting Joint UMAP, 43.993 mins elapsed.
WARNING: Error found with Cairo installation. Continuing without rasterization.
WARNING: Error found with Cairo installation. Continuing without rasterization.
2024-04-16 16:42:56 : Block (5 of 8) : Plotting Joint UMAP, 44.766 mins elapsed.
WARNING: Error found with Cairo installation. Continuing without rasterization.
WARNING: Error found with Cairo installation. Continuing without rasterization.
2024-04-16 16:43:43 : Block (6 of 8) : Plotting Joint UMAP, 45.546 mins elapsed.
WARNING: Error found with Cairo installation. Continuing without rasterization.
WARNING: Error found with Cairo installation. Continuing without rasterization.
2024-04-16 16:44:29 : Block (7 of 8) : Plotting Joint UMAP, 46.316 mins elapsed.
WARNING: Error found with Cairo installation. Continuing without rasterization.
WARNING: Error found with Cairo installation. Continuing without rasterization.
2024-04-16 16:45:16 : Block (8 of 8) : Plotting Joint UMAP, 47.098 mins elapsed.
WARNING: Error found with Cairo installation. Continuing without rasterization.
WARNING: Error found with Cairo installation. Continuing without rasterization.
2024-04-16 16:46:03 : Transferring Data to ArrowFiles, 47.875 mins elapsed.
2024-04-16 16:46:03 : wt5-1 (1 of 9) Getting GeneIntegrationMatrix From TempFiles!, 47.876 mins elapsed.
2024-04-16 16:46:37 : wt5-1 (1 of 9) Adding GeneIntegrationMatrix to ArrowFile!, 48.45 mins elapsed.
2024-04-16 16:47:23 : wt5-2 (2 of 9) Getting GeneIntegrationMatrix From TempFiles!, 49.207 mins elapsed.
2024-04-16 16:48:01 : wt5-2 (2 of 9) Adding GeneIntegrationMatrix to ArrowFile!, 49.848 mins elapsed.
2024-04-16 16:48:50 : wt28-1 (3 of 9) Getting GeneIntegrationMatrix From TempFiles!, 50.667 mins elapsed.
2024-04-16 16:49:15 : wt28-1 (3 of 9) Adding GeneIntegrationMatrix to ArrowFile!, 51.086 mins elapsed.
2024-04-16 16:49:56 : wt20-2 (4 of 9) Getting GeneIntegrationMatrix From TempFiles!, 51.764 mins elapsed.
2024-04-16 16:50:26 : wt20-2 (4 of 9) Adding GeneIntegrationMatrix to ArrowFile!, 52.267 mins elapsed.
2024-04-16 16:51:10 : wt20-1 (5 of 9) Getting GeneIntegrationMatrix From TempFiles!, 52.993 mins elapsed.
2024-04-16 16:51:44 : wt20-1 (5 of 9) Adding GeneIntegrationMatrix to ArrowFile!, 53.571 mins elapsed.
2024-04-16 16:52:31 : wt28-2 (6 of 9) Getting GeneIntegrationMatrix From TempFiles!, 54.345 mins elapsed.
2024-04-16 16:52:56 : wt28-2 (6 of 9) Adding GeneIntegrationMatrix to ArrowFile!, 54.761 mins elapsed.
2024-04-16 16:53:37 : wt12-2 (7 of 9) Getting GeneIntegrationMatrix From TempFiles!, 55.444 mins elapsed.
2024-04-16 16:53:55 : wt12-2 (7 of 9) Adding GeneIntegrationMatrix to ArrowFile!, 55.742 mins elapsed.
2024-04-16 16:54:30 : wt12-1 (8 of 9) Getting GeneIntegrationMatrix From TempFiles!, 56.332 mins elapsed.
2024-04-16 16:54:56 : wt12-1 (8 of 9) Adding GeneIntegrationMatrix to ArrowFile!, 56.77 mins elapsed.
2024-04-16 16:55:36 : wt12-3 (9 of 9) Getting GeneIntegrationMatrix From TempFiles!, 57.424 mins elapsed.
2024-04-16 16:55:50 : wt12-3 (9 of 9) Adding GeneIntegrationMatrix to ArrowFile!, 57.663 mins elapsed.
2024-04-16 16:56:26 : Completed Integration with RNA Matrix, 58.261 mins elapsed.
Overriding previous entry for predictedCell_Un
Overriding previous entry for predictedGroup_Un
Overriding previous entry for predictedScore_Un
ArchR logging successful to : ArchRLogs/ArchR-addGeneIntegrationMatrix-b0db491e2566-Date-2024-04-16_Time-15-57-41.log
Warning messages:
1: In sprintf("Completed Getting Magic Weights!", round(object.size(weightList)/10^9,  :
  one argument not used by format 'Completed Getting Magic Weights!'
2: In sprintf("Completed Getting Magic Weights!", round(object.size(weightList)/10^9,  :
  one argument not used by format 'Completed Getting Magic Weights!'
3: In sprintf("Completed Getting Magic Weights!", round(object.size(weightList)/10^9,  :
  one argument not used by format 'Completed Getting Magic Weights!'
4: In sprintf("Completed Getting Magic Weights!", round(object.size(weightList)/10^9,  :
  one argument not used by format 'Completed Getting Magic Weights!'
5: In sprintf("Completed Getting Magic Weights!", round(object.size(weightList)/10^9,  :
  one argument not used by format 'Completed Getting Magic Weights!'
6: In sprintf("Completed Getting Magic Weights!", round(object.size(weightList)/10^9,  :
  one argument not used by format 'Completed Getting Magic Weights!'
7: In sprintf("Completed Getting Magic Weights!", round(object.size(weightList)/10^9,  :
  one argument not used by format 'Completed Getting Magic Weights!'
8: In sprintf("Completed Getting Magic Weights!", round(object.size(weightList)/10^9,  :
  one argument not used by format 'Completed Getting Magic Weights!'
ArchR logging to : ArchRLogs/ArchR-plotEmbedding-b0db73f8a378-Date-2024-04-16_Time-16-56-26.log
If there is an issue, please report to github with logFile!
Plotting Embedding
1 WARNING: Error found with Cairo installation. Continuing without rasterization.

ArchR logging successful to : ArchRLogs/ArchR-plotEmbedding-b0db73f8a378-Date-2024-04-16_Time-16-56-26.log
ArchR logging to : ArchRLogs/ArchR-plotEmbedding-b0db6d0dc5ff-Date-2024-04-16_Time-16-56-28.log
If there is an issue, please report to github with logFile!
Plotting Embedding
1 WARNING: Error found with Cairo installation. Continuing without rasterization.

ArchR logging successful to : ArchRLogs/ArchR-plotEmbedding-b0db6d0dc5ff-Date-2024-04-16_Time-16-56-28.log
Plotting Ggplot!
Plotting Ggplot!
Saving ArchRProject...
Loading ArchRProject...
Successfully loaded ArchRProject!

                                                   / |
                                                 /    \
            .                                  /      |.
            \\\                              /        |.
              \\\                          /           `|.
                \\\                      /              |.
                  \                    /                |\
                  \\#####\           /                  ||
                ==###########>      /                   ||
                 \\##==......\    /                     ||
            ______ =       =|__ /__                     ||      \\\
        ,--' ,----`-,__ ___/'  --,-`-===================##========>
       \               '        ##_______ _____ ,--,__,=##,__   ///
        ,    __==    ___,-,__,--'#'  ==='      `-'    | ##,-/
        -,____,---'       \\####\\________________,--\\_##,/
           ___      .______        ______  __    __  .______      
          /   \     |   _  \      /      ||  |  |  | |   _  \     
         /  ^  \    |  |_)  |    |  ,----'|  |__|  | |  |_)  |    
        /  /_\  \   |      /     |  |     |   __   | |      /     
       /  _____  \  |  |\  \\___ |  `----.|  |  |  | |  |\  \\___.
      /__/     \__\ | _| `._____| \______||__|  |__| | _| `._____|
    

           ___      .______        ______  __    __  .______      
          /   \     |   _  \      /      ||  |  |  | |   _  \     
         /  ^  \    |  |_)  |    |  ,----'|  |__|  | |  |_)  |    
        /  /_\  \   |      /     |  |     |   __   | |      /     
       /  _____  \  |  |\  \\___ |  `----.|  |  |  | |  |\  \\___.
      /__/     \__\ | _| `._____| \______||__|  |__| | _| `._____|
    
