Loading required package: ggplot2
Loading required package: SummarizedExperiment
Loading required package: MatrixGenerics
Loading required package: matrixStats

Attaching package: ‘MatrixGenerics’

The following objects are masked from ‘package:matrixStats’:

    colAlls, colAnyNAs, colAnys, colAvgsPerRowSet, colCollapse,
    colCounts, colCummaxs, colCummins, colCumprods, colCumsums,
    colDiffs, colIQRDiffs, colIQRs, colLogSumExps, colMadDiffs,
    colMads, colMaxs, colMeans2, colMedians, colMins, colOrderStats,
    colProds, colQuantiles, colRanges, colRanks, colSdDiffs, colSds,
    colSums2, colTabulates, colVarDiffs, colVars, colWeightedMads,
    colWeightedMeans, colWeightedMedians, colWeightedSds,
    colWeightedVars, rowAlls, rowAnyNAs, rowAnys, rowAvgsPerColSet,
    rowCollapse, rowCounts, rowCummaxs, rowCummins, rowCumprods,
    rowCumsums, rowDiffs, rowIQRDiffs, rowIQRs, rowLogSumExps,
    rowMadDiffs, rowMads, rowMaxs, rowMeans2, rowMedians, rowMins,
    rowOrderStats, rowProds, rowQuantiles, rowRanges, rowRanks,
    rowSdDiffs, rowSds, rowSums2, rowTabulates, rowVarDiffs, rowVars,
    rowWeightedMads, rowWeightedMeans, rowWeightedMedians,
    rowWeightedSds, rowWeightedVars

Loading required package: GenomicRanges
Loading required package: stats4
Loading required package: BiocGenerics

Attaching package: ‘BiocGenerics’

The following objects are masked from ‘package:stats’:

    IQR, mad, sd, var, xtabs

The following objects are masked from ‘package:base’:

    Filter, Find, Map, Position, Reduce, anyDuplicated, append,
    as.data.frame, basename, cbind, colnames, dirname, do.call,
    duplicated, eval, evalq, get, grep, grepl, intersect, is.unsorted,
    lapply, mapply, match, mget, order, paste, pmax, pmax.int, pmin,
    pmin.int, rank, rbind, rownames, sapply, setdiff, sort, table,
    tapply, union, unique, unsplit, which.max, which.min

Loading required package: S4Vectors

Attaching package: ‘S4Vectors’

The following objects are masked from ‘package:base’:

    I, expand.grid, unname

Loading required package: IRanges
Loading required package: GenomeInfoDb
Loading required package: Biobase
Welcome to Bioconductor

    Vignettes contain introductory material; view with
    'browseVignettes()'. To cite Bioconductor, see
    'citation("Biobase")', and for packages 'citation("pkgname")'.


Attaching package: ‘Biobase’

The following object is masked from ‘package:MatrixGenerics’:

    rowMedians

The following objects are masked from ‘package:matrixStats’:

    anyMissing, rowMedians

Loading required package: data.table

Attaching package: ‘data.table’

The following object is masked from ‘package:SummarizedExperiment’:

    shift

The following object is masked from ‘package:GenomicRanges’:

    shift

The following object is masked from ‘package:IRanges’:

    shift

The following objects are masked from ‘package:S4Vectors’:

    first, second

Loading required package: Matrix

Attaching package: ‘Matrix’

The following object is masked from ‘package:S4Vectors’:

    expand

Loading required package: rhdf5
Loading required package: magrittr
Successfully loaded ArchRProject!

                                                   / |
                                                 /    \
            .                                  /      |.
            \\\                              /        |.
              \\\                          /           `|.
                \\\                      /              |.
                  \                    /                |\
                  \\#####\           /                  ||
                ==###########>      /                   ||
                 \\##==......\    /                     ||
            ______ =       =|__ /__                     ||      \\\
        ,--' ,----`-,__ ___/'  --,-`-===================##========>
       \               '        ##_______ _____ ,--,__,=##,__   ///
        ,    __==    ___,-,__,--'#'  ==='      `-'    | ##,-/
        -,____,---'       \\####\\________________,--\\_##,/
           ___      .______        ______  __    __  .______      
          /   \     |   _  \      /      ||  |  |  | |   _  \     
         /  ^  \    |  |_)  |    |  ,----'|  |__|  | |  |_)  |    
        /  /_\  \   |      /     |  |     |   __   | |      /     
       /  _____  \  |  |\  \\___ |  `----.|  |  |  | |  |\  \\___.
      /__/     \__\ | _| `._____| \______||__|  |__| | _| `._____|
    
ArchR logging to : ArchRLogs/ArchR-addImputeWeights-be955a093376-Date-2024-04-16_Time-17-01-42.log
If there is an issue, please report to github with logFile!
2024-04-16 17:01:42 : Computing Impute Weights Using Magic (Cell 2018), 0 mins elapsed.
Warning message:
In sprintf("Completed Getting Magic Weights!", round(object.size(weightList)/10^9,  :
  one argument not used by format 'Completed Getting Magic Weights!'
Getting ImputeWeights
ArchR logging to : ArchRLogs/ArchR-plotEmbedding-be9520815b75-Date-2024-04-16_Time-17-04-05.log
If there is an issue, please report to github with logFile!
2024-04-16 17:04:05 : Getting Matrix Values...
1 2 3 4 5 6 7 8 9 
Imputing Matrix
Plotting Embedding
1 2 3 4 5 6 7 8 9 10 11 12 13 14 15 16 17 18 19 20 
ArchR logging successful to : ArchRLogs/ArchR-plotEmbedding-be9520815b75-Date-2024-04-16_Time-17-04-05.log
Getting ImputeWeights
ArchR logging to : ArchRLogs/ArchR-plotEmbedding-be954b6940b-Date-2024-04-16_Time-17-05-49.log
If there is an issue, please report to github with logFile!
2024-04-16 17:05:49 : Getting Matrix Values...
1 2 3 4 5 6 7 8 9 
Imputing Matrix
Plotting Embedding
1 2 3 4 5 6 7 8 9 10 11 12 13 14 15 16 17 18 19 20 
ArchR logging successful to : ArchRLogs/ArchR-plotEmbedding-be954b6940b-Date-2024-04-16_Time-17-05-49.log
Plotting Ggplot!
Plotting Ggplot!
Plotting Ggplot!
Plotting Ggplot!
Plotting Ggplot!
Plotting Ggplot!
Plotting Ggplot!
Plotting Ggplot!
Plotting Ggplot!
Plotting Ggplot!
Plotting Ggplot!
Plotting Ggplot!
Plotting Ggplot!
Plotting Ggplot!
Plotting Ggplot!
Plotting Ggplot!
Plotting Ggplot!
Plotting Ggplot!
Plotting Ggplot!
Plotting Ggplot!
Plotting Ggplot!
Plotting Ggplot!
Plotting Ggplot!
Plotting Ggplot!
Plotting Ggplot!
Plotting Ggplot!
Plotting Ggplot!
Plotting Ggplot!
Plotting Ggplot!
Plotting Ggplot!
Plotting Ggplot!
Plotting Ggplot!
Plotting Ggplot!
Plotting Ggplot!
Plotting Ggplot!
Plotting Ggplot!
Plotting Ggplot!
Plotting Ggplot!
Plotting Ggplot!
Plotting Ggplot!
Saving ArchRProject...
Loading ArchRProject...
Successfully loaded ArchRProject!

                                                   / |
                                                 /    \
            .                                  /      |.
            \\\                              /        |.
              \\\                          /           `|.
                \\\                      /              |.
                  \                    /                |\
                  \\#####\           /                  ||
                ==###########>      /                   ||
                 \\##==......\    /                     ||
            ______ =       =|__ /__                     ||      \\\
        ,--' ,----`-,__ ___/'  --,-`-===================##========>
       \               '        ##_______ _____ ,--,__,=##,__   ///
        ,    __==    ___,-,__,--'#'  ==='      `-'    | ##,-/
        -,____,---'       \\####\\________________,--\\_##,/
           ___      .______        ______  __    __  .______      
          /   \     |   _  \      /      ||  |  |  | |   _  \     
         /  ^  \    |  |_)  |    |  ,----'|  |__|  | |  |_)  |    
        /  /_\  \   |      /     |  |     |   __   | |      /     
       /  _____  \  |  |\  \\___ |  `----.|  |  |  | |  |\  \\___.
      /__/     \__\ | _| `._____| \______||__|  |__| | _| `._____|
    

           ___      .______        ______  __    __  .______      
          /   \     |   _  \      /      ||  |  |  | |   _  \     
         /  ^  \    |  |_)  |    |  ,----'|  |__|  | |  |_)  |    
        /  /_\  \   |      /     |  |     |   __   | |      /     
       /  _____  \  |  |\  \\___ |  `----.|  |  |  | |  |\  \\___.
      /__/     \__\ | _| `._____| \______||__|  |__| | _| `._____|
    
