Global seed set to 0
/storage/chen/home/u250758/miniconda3/envs/scvi/lib/python3.7/site-packages/pytorch_lightning/utilities/warnings.py:54: LightningDeprecationWarning: pytorch_lightning.utilities.warnings.rank_zero_deprecation has been deprecated in v1.6 and will be removed in v1.8. Use the equivalent function from the pytorch_lightning.utilities.rank_zero module instead.
  "pytorch_lightning.utilities.warnings.rank_zero_deprecation has been deprecated in v1.6"
/storage/chen/home/u250758/miniconda3/envs/scvi/lib/python3.7/site-packages/pytorch_lightning/utilities/warnings.py:58: LightningDeprecationWarning: The `pytorch_lightning.loggers.base.rank_zero_experiment` is deprecated in v1.7 and will be removed in v1.9. Please use `pytorch_lightning.loggers.logger.rank_zero_experiment` instead.
  return new_rank_zero_deprecation(*args, **kwargs)
Global seed set to 0
/storage/chen/home/u250758/miniconda3/envs/scvi/lib/python3.7/site-packages/scvi/data/_utils.py:170: UserWarning: Category 21 in adata.obs['_scvi_batch'] has fewer than 3 cells. Models may not train properly.
  category, alternate_column_key
GPU available: True (cuda), used: True
TPU available: False, using: 0 TPU cores
IPU available: False, using: 0 IPUs
HPU available: False, using: 0 HPUs
LOCAL_RANK: 0 - CUDA_VISIBLE_DEVICES: [2]
`Trainer.fit` stopped: `max_epochs=234` reached.
WARNING: saving figure to file figures/umap_cherry_chen_merged_AC_leiden.png
Global seed set to 0
/storage/chen/home/u250758/miniconda3/envs/scvi/lib/python3.7/site-packages/scvi/data/_utils.py:170: UserWarning: Category 19 in adata.obs['_scvi_batch'] has fewer than 3 cells. Models may not train properly.
  category, alternate_column_key
GPU available: True (cuda), used: True
TPU available: False, using: 0 TPU cores
IPU available: False, using: 0 IPUs
HPU available: False, using: 0 HPUs
LOCAL_RANK: 0 - CUDA_VISIBLE_DEVICES: [2]
`Trainer.fit` stopped: `max_epochs=274` reached.
WARNING: saving figure to file figures/umap_cherry_chen_merged_BC_leiden.png
Global seed set to 0
/storage/chen/home/u250758/miniconda3/envs/scvi/lib/python3.7/site-packages/scvi/data/_utils.py:170: UserWarning: Category 37 in adata.obs['_scvi_batch'] has fewer than 3 cells. Models may not train properly.
  category, alternate_column_key
GPU available: True (cuda), used: True
TPU available: False, using: 0 TPU cores
IPU available: False, using: 0 IPUs
HPU available: False, using: 0 HPUs
LOCAL_RANK: 0 - CUDA_VISIBLE_DEVICES: [2]
`Trainer.fit` stopped: `max_epochs=400` reached.
WARNING: saving figure to file figures/umap_cherry_chen_merged_HC_leiden.png
Global seed set to 0
GPU available: True (cuda), used: True
TPU available: False, using: 0 TPU cores
IPU available: False, using: 0 IPUs
HPU available: False, using: 0 HPUs
LOCAL_RANK: 0 - CUDA_VISIBLE_DEVICES: [2]
`Trainer.fit` stopped: `max_epochs=157` reached.
WARNING: saving figure to file figures/umap_cherry_chen_merged_RGC_leiden.png
Global seed set to 0
/storage/chen/home/u250758/miniconda3/envs/scvi/lib/python3.7/site-packages/scvi/data/_utils.py:170: UserWarning: Category 36 in adata.obs['_scvi_batch'] has fewer than 3 cells. Models may not train properly.
  category, alternate_column_key
GPU available: True (cuda), used: True
TPU available: False, using: 0 TPU cores
IPU available: False, using: 0 IPUs
HPU available: False, using: 0 HPUs
LOCAL_RANK: 0 - CUDA_VISIBLE_DEVICES: [2]
`Trainer.fit` stopped: `max_epochs=180` reached.
WARNING: saving figure to file figures/umap_cherry_chen_merged_Cone_leiden.png
Global seed set to 0
/storage/chen/home/u250758/miniconda3/envs/scvi/lib/python3.7/site-packages/scvi/data/_utils.py:170: UserWarning: Category 23 in adata.obs['_scvi_batch'] has fewer than 3 cells. Models may not train properly.
  category, alternate_column_key
GPU available: True (cuda), used: True
TPU available: False, using: 0 TPU cores
IPU available: False, using: 0 IPUs
HPU available: False, using: 0 HPUs
LOCAL_RANK: 0 - CUDA_VISIBLE_DEVICES: [2]
`Trainer.fit` stopped: `max_epochs=103` reached.
WARNING: saving figure to file figures/umap_cherry_chen_merged_Rod_leiden.png
