/storage/chen/home/u250758/miniconda3/envs/cellfate/lib/python3.8/site-packages/anndata/_core/anndata.py:1840: UserWarning: Variable names are not unique. To make them unique, call `.var_names_make_unique`.
  utils.warn_names_duplicates("var")
/storage/chen/home/u250758/miniconda3/envs/cellfate/lib/python3.8/site-packages/scvelo/plotting/scatter.py:656: UserWarning: No data for colormapping provided via 'c'. Parameters 'cmap' will be ignored
  smp = ax.scatter(
/storage/chen/home/u250758/miniconda3/envs/cellfate/lib/python3.8/site-packages/scvelo/plotting/scatter.py:694: UserWarning: No data for colormapping provided via 'c'. Parameters 'cmap' will be ignored
  ax.scatter(
/storage/chen/home/u250758/miniconda3/envs/cellfate/lib/python3.8/site-packages/scvelo/plotting/utils.py:1391: UserWarning: No data for colormapping provided via 'c'. Parameters 'cmap' will be ignored
  ax.scatter(x, y, s=bg_size, marker=".", c=bg_color, zorder=zord - 2, **kwargs)
/storage/chen/home/u250758/miniconda3/envs/cellfate/lib/python3.8/site-packages/scvelo/plotting/utils.py:1392: UserWarning: No data for colormapping provided via 'c'. Parameters 'cmap' will be ignored
  ax.scatter(x, y, s=gp_size, marker=".", c=gp_color, zorder=zord - 1, **kwargs)
/storage/chen/home/u250758/miniconda3/envs/cellfate/lib/python3.8/site-packages/scvelo/plotting/scatter.py:656: UserWarning: No data for colormapping provided via 'c'. Parameters 'cmap' will be ignored
  smp = ax.scatter(
/storage/chen/home/u250758/miniconda3/envs/cellfate/lib/python3.8/site-packages/scvelo/plotting/scatter.py:694: UserWarning: No data for colormapping provided via 'c'. Parameters 'cmap' will be ignored
  ax.scatter(
/storage/chen/home/u250758/miniconda3/envs/cellfate/lib/python3.8/site-packages/scvelo/plotting/utils.py:1391: UserWarning: No data for colormapping provided via 'c'. Parameters 'cmap' will be ignored
  ax.scatter(x, y, s=bg_size, marker=".", c=bg_color, zorder=zord - 2, **kwargs)
/storage/chen/home/u250758/miniconda3/envs/cellfate/lib/python3.8/site-packages/scvelo/plotting/utils.py:1392: UserWarning: No data for colormapping provided via 'c'. Parameters 'cmap' will be ignored
  ax.scatter(x, y, s=gp_size, marker=".", c=gp_color, zorder=zord - 1, **kwargs)
/storage/chen/home/u250758/miniconda3/envs/cellfate/lib/python3.8/site-packages/scvelo/plotting/scatter.py:656: UserWarning: No data for colormapping provided via 'c'. Parameters 'cmap' will be ignored
  smp = ax.scatter(
/storage/chen/home/u250758/miniconda3/envs/cellfate/lib/python3.8/site-packages/scvelo/plotting/scatter.py:656: UserWarning: No data for colormapping provided via 'c'. Parameters 'cmap' will be ignored
  smp = ax.scatter(
/storage/chen/home/u250758/miniconda3/envs/cellfate/lib/python3.8/site-packages/scvelo/plotting/scatter.py:656: UserWarning: No data for colormapping provided via 'c'. Parameters 'cmap' will be ignored
  smp = ax.scatter(
/storage/chen/home/u250758/miniconda3/envs/cellfate/lib/python3.8/site-packages/scvelo/plotting/scatter.py:694: UserWarning: No data for colormapping provided via 'c'. Parameters 'cmap' will be ignored
  ax.scatter(
/storage/chen/home/u250758/miniconda3/envs/cellfate/lib/python3.8/site-packages/scvelo/plotting/utils.py:1391: UserWarning: No data for colormapping provided via 'c'. Parameters 'cmap' will be ignored
  ax.scatter(x, y, s=bg_size, marker=".", c=bg_color, zorder=zord - 2, **kwargs)
/storage/chen/home/u250758/miniconda3/envs/cellfate/lib/python3.8/site-packages/scvelo/plotting/utils.py:1392: UserWarning: No data for colormapping provided via 'c'. Parameters 'cmap' will be ignored
  ax.scatter(x, y, s=gp_size, marker=".", c=gp_color, zorder=zord - 1, **kwargs)
