/storage/chen/home/u250758/miniconda3/envs/cellfate/lib/python3.8/site-packages/anndata/_core/anndata.py:1840: UserWarning: Variable names are not unique. To make them unique, call `.var_names_make_unique`.
  utils.warn_names_duplicates("var")
/storage/chen/home/u250758/miniconda3/envs/cellfate/lib/python3.8/site-packages/scvelo/plotting/scatter.py:656: UserWarning: No data for colormapping provided via 'c'. Parameters 'cmap' will be ignored
  smp = ax.scatter(
/storage/chen/home/u250758/miniconda3/envs/cellfate/lib/python3.8/site-packages/scvelo/plotting/scatter.py:694: UserWarning: No data for colormapping provided via 'c'. Parameters 'cmap' will be ignored
  ax.scatter(
/storage/chen/home/u250758/miniconda3/envs/cellfate/lib/python3.8/site-packages/scvelo/plotting/utils.py:1391: UserWarning: No data for colormapping provided via 'c'. Parameters 'cmap' will be ignored
  ax.scatter(x, y, s=bg_size, marker=".", c=bg_color, zorder=zord - 2, **kwargs)
/storage/chen/home/u250758/miniconda3/envs/cellfate/lib/python3.8/site-packages/scvelo/plotting/utils.py:1392: UserWarning: No data for colormapping provided via 'c'. Parameters 'cmap' will be ignored
  ax.scatter(x, y, s=gp_size, marker=".", c=gp_color, zorder=zord - 1, **kwargs)
/storage/chen/home/u250758/miniconda3/envs/cellfate/lib/python3.8/site-packages/scvelo/plotting/scatter.py:656: UserWarning: No data for colormapping provided via 'c'. Parameters 'cmap' will be ignored
  smp = ax.scatter(
/storage/chen/home/u250758/miniconda3/envs/cellfate/lib/python3.8/site-packages/scvelo/plotting/scatter.py:694: UserWarning: No data for colormapping provided via 'c'. Parameters 'cmap' will be ignored
  ax.scatter(
/storage/chen/home/u250758/miniconda3/envs/cellfate/lib/python3.8/site-packages/scvelo/plotting/utils.py:1391: UserWarning: No data for colormapping provided via 'c'. Parameters 'cmap' will be ignored
  ax.scatter(x, y, s=bg_size, marker=".", c=bg_color, zorder=zord - 2, **kwargs)
/storage/chen/home/u250758/miniconda3/envs/cellfate/lib/python3.8/site-packages/scvelo/plotting/utils.py:1392: UserWarning: No data for colormapping provided via 'c'. Parameters 'cmap' will be ignored
  ax.scatter(x, y, s=gp_size, marker=".", c=gp_color, zorder=zord - 1, **kwargs)
/storage/chen/home/u250758/miniconda3/envs/cellfate/lib/python3.8/site-packages/scvelo/plotting/scatter.py:656: UserWarning: No data for colormapping provided via 'c'. Parameters 'cmap' will be ignored
  smp = ax.scatter(
/storage/chen/home/u250758/miniconda3/envs/cellfate/lib/python3.8/site-packages/scvelo/plotting/scatter.py:656: UserWarning: No data for colormapping provided via 'c'. Parameters 'cmap' will be ignored
  smp = ax.scatter(
Traceback (most recent call last):
  File "infer_fate.py", line 24, in <module>
    g.predict_initial_states()
  File "/storage/chen/home/u250758/miniconda3/envs/cellfate/lib/python3.8/site-packages/cellrank/estimators/terminal_states/_gpcca.py", line 375, in predict_initial_states
    return self.set_initial_states(states, n_cells=n_cells, allow_overlap=allow_overlap)
  File "/storage/chen/home/u250758/miniconda3/envs/cellfate/lib/python3.8/site-packages/cellrank/estimators/terminal_states/_gpcca.py", line 527, in set_initial_states
    self._write_states(
  File "/storage/chen/home/u250758/miniconda3/envs/cellfate/lib/python3.8/site-packages/cellrank/estimators/mixins/_utils.py", line 106, in logger
    msg = wrapped(*args, **kwargs)
  File "/storage/chen/home/u250758/miniconda3/envs/cellfate/lib/python3.8/site-packages/cellrank/estimators/mixins/_utils.py", line 120, in shadow
    res = wrapped(*args, **kwargs)
  File "/storage/chen/home/u250758/miniconda3/envs/cellfate/lib/python3.8/site-packages/cellrank/estimators/terminal_states/_gpcca.py", line 1356, in _write_states
    msg = super()._write_states(
  File "/storage/chen/home/u250758/miniconda3/envs/cellfate/lib/python3.8/site-packages/cellrank/estimators/mixins/_utils.py", line 106, in logger
    msg = wrapped(*args, **kwargs)
  File "/storage/chen/home/u250758/miniconda3/envs/cellfate/lib/python3.8/site-packages/cellrank/estimators/mixins/_utils.py", line 120, in shadow
    res = wrapped(*args, **kwargs)
  File "/storage/chen/home/u250758/miniconda3/envs/cellfate/lib/python3.8/site-packages/cellrank/estimators/terminal_states/_term_states_estimator.py", line 638, in _write_states
    raise ValueError(
ValueError: Found `30` overlapping cells between initial and terminal states. If this is intended, please use `allow_overlap=True`.
