starting at Tue Apr  2 11:48:12 CDT 2024 on mhgcp-d01.grid.bcm.edu
SLURM_JOBID=1336453
Modularity Optimizer version 1.3.0 by Ludo Waltman and Nees Jan van Eck

Number of nodes: 209091
Number of edges: 5488166

Running Louvain algorithm...
Maximum modularity in 10 random starts: 0.9246
Number of communities: 618
Elapsed time: 77 seconds
Modularity Optimizer version 1.3.0 by Ludo Waltman and Nees Jan van Eck

Number of nodes: 209091
Number of edges: 5488166

Running Louvain algorithm...
Maximum modularity in 10 random starts: 0.9385
Number of communities: 612
Elapsed time: 88 seconds
Modularity Optimizer version 1.3.0 by Ludo Waltman and Nees Jan van Eck

Number of nodes: 209091
Number of edges: 5488166

Running Louvain algorithm...
Maximum modularity in 10 random starts: 0.9720
Number of communities: 597
Elapsed time: 79 seconds
class: ArchRProject 
outputDirectory: /storage/singlecell/jeanl/organoid/data/archr/proj_all 
samples(18): Multi_H9_D35 Multi_H9_D47 ... wt28-1 wt28-2
sampleColData names(1): ArrowFiles
cellColData names(18): Sample nMultiFrags ... Clusters0.5 Clusters0.1
numberOfCells(1): 209091
medianTSS(1): 12.797
medianFrags(1): 7239
ended at Tue Apr  2 13:12:43 CDT 2024 on mhgcp-d01.grid.bcm.edu. Time elapsed: 01:24:31
