Loading required package: ggplot2
Loading required package: SummarizedExperiment
Loading required package: MatrixGenerics
Loading required package: matrixStats

Attaching package: ‘MatrixGenerics’

The following objects are masked from ‘package:matrixStats’:

    colAlls, colAnyNAs, colAnys, colAvgsPerRowSet, colCollapse,
    colCounts, colCummaxs, colCummins, colCumprods, colCumsums,
    colDiffs, colIQRDiffs, colIQRs, colLogSumExps, colMadDiffs,
    colMads, colMaxs, colMeans2, colMedians, colMins, colOrderStats,
    colProds, colQuantiles, colRanges, colRanks, colSdDiffs, colSds,
    colSums2, colTabulates, colVarDiffs, colVars, colWeightedMads,
    colWeightedMeans, colWeightedMedians, colWeightedSds,
    colWeightedVars, rowAlls, rowAnyNAs, rowAnys, rowAvgsPerColSet,
    rowCollapse, rowCounts, rowCummaxs, rowCummins, rowCumprods,
    rowCumsums, rowDiffs, rowIQRDiffs, rowIQRs, rowLogSumExps,
    rowMadDiffs, rowMads, rowMaxs, rowMeans2, rowMedians, rowMins,
    rowOrderStats, rowProds, rowQuantiles, rowRanges, rowRanks,
    rowSdDiffs, rowSds, rowSums2, rowTabulates, rowVarDiffs, rowVars,
    rowWeightedMads, rowWeightedMeans, rowWeightedMedians,
    rowWeightedSds, rowWeightedVars

Loading required package: GenomicRanges
Loading required package: stats4
Loading required package: BiocGenerics

Attaching package: ‘BiocGenerics’

The following objects are masked from ‘package:stats’:

    IQR, mad, sd, var, xtabs

The following objects are masked from ‘package:base’:

    Filter, Find, Map, Position, Reduce, anyDuplicated, append,
    as.data.frame, basename, cbind, colnames, dirname, do.call,
    duplicated, eval, evalq, get, grep, grepl, intersect, is.unsorted,
    lapply, mapply, match, mget, order, paste, pmax, pmax.int, pmin,
    pmin.int, rank, rbind, rownames, sapply, setdiff, sort, table,
    tapply, union, unique, unsplit, which.max, which.min

Loading required package: S4Vectors

Attaching package: ‘S4Vectors’

The following objects are masked from ‘package:base’:

    I, expand.grid, unname

Loading required package: IRanges
Loading required package: GenomeInfoDb
Loading required package: Biobase
Welcome to Bioconductor

    Vignettes contain introductory material; view with
    'browseVignettes()'. To cite Bioconductor, see
    'citation("Biobase")', and for packages 'citation("pkgname")'.


Attaching package: ‘Biobase’

The following object is masked from ‘package:MatrixGenerics’:

    rowMedians

The following objects are masked from ‘package:matrixStats’:

    anyMissing, rowMedians

Loading required package: data.table

Attaching package: ‘data.table’

The following object is masked from ‘package:SummarizedExperiment’:

    shift

The following object is masked from ‘package:GenomicRanges’:

    shift

The following object is masked from ‘package:IRanges’:

    shift

The following objects are masked from ‘package:S4Vectors’:

    first, second

Loading required package: Matrix

Attaching package: ‘Matrix’

The following object is masked from ‘package:S4Vectors’:

    expand

Loading required package: rhdf5
Loading required package: magrittr
Successfully loaded ArchRProject!

                                                   / |
                                                 /    \
            .                                  /      |.
            \\\                              /        |.
              \\\                          /           `|.
                \\\                      /              |.
                  \                    /                |\
                  \\#####\           /                  ||
                ==###########>      /                   ||
                 \\##==......\    /                     ||
            ______ =       =|__ /__                     ||      \\\
        ,--' ,----`-,__ ___/'  --,-`-===================##========>
       \               '        ##_______ _____ ,--,__,=##,__   ///
        ,    __==    ___,-,__,--'#'  ==='      `-'    | ##,-/
        -,____,---'       \\####\\________________,--\\_##,/
           ___      .______        ______  __    __  .______      
          /   \     |   _  \      /      ||  |  |  | |   _  \     
         /  ^  \    |  |_)  |    |  ,----'|  |__|  | |  |_)  |    
        /  /_\  \   |      /     |  |     |   __   | |      /     
       /  _____  \  |  |\  \\___ |  `----.|  |  |  | |  |\  \\___.
      /__/     \__\ | _| `._____| \______||__|  |__| | _| `._____|
    
Transposing data matrix
Initializing state using k-means centroids initialization
Harmony 1/10
0%   10   20   30   40   50   60   70   80   90   100%
[----|----|----|----|----|----|----|----|----|----|
**************************************************|
0%   10   20   30   40   50   60   70   80   90   100%
[----|----|----|----|----|----|----|----|----|----|
**************************************************|
Harmony 2/10
0%   10   20   30   40   50   60   70   80   90   100%
[----|----|----|----|----|----|----|----|----|----|
**************************************************|
0%   10   20   30   40   50   60   70   80   90   100%
[----|----|----|----|----|----|----|----|----|----|
**************************************************|
Harmony 3/10
0%   10   20   30   40   50   60   70   80   90   100%
[----|----|----|----|----|----|----|----|----|----|
**************************************************|
0%   10   20   30   40   50   60   70   80   90   100%
[----|----|----|----|----|----|----|----|----|----|
**************************************************|
Harmony converged after 3 iterations
Warning messages:
1: HarmonyMatrix is deprecated and will be removed in the future from the API in the future 
2: Warning: The parameters do_pca and npcs are deprecated. They will be ignored for this function call and please remove parameters do_pca and npcs and pass to harmony cell_embeddings directly.
This warning is displayed once per session. 
3: did not converge in 25 iterations 
4: Quick-TRANSfer stage steps exceeded maximum (= 10454550) 
5: Quick-TRANSfer stage steps exceeded maximum (= 10454550) 
6: Quick-TRANSfer stage steps exceeded maximum (= 10454550) 
7: Quick-TRANSfer stage steps exceeded maximum (= 10454550) 
8: Quick-TRANSfer stage steps exceeded maximum (= 10454550) 
9: Quick-TRANSfer stage steps exceeded maximum (= 10454550) 
10: Quick-TRANSfer stage steps exceeded maximum (= 10454550) 
ArchR logging to : ArchRLogs/ArchR-addClusters-1c9224594a15-Date-2024-04-03_Time-12-45-51.log
If there is an issue, please report to github with logFile!
2024-04-03 12:46:16 : Running Seurats FindClusters (Stuart et al. Cell 2019), 0.321 mins elapsed.
Computing nearest neighbor graph
Computing SNN
0%   10   20   30   40   50   60   70   80   90   100%
[----|----|----|----|----|----|----|----|----|----|
**************************************************|
1054 singletons identified. 48 final clusters.
2024-04-03 13:15:55 : Testing Biased Clusters, 29.973 mins elapsed.
2024-04-03 13:15:59 : Testing Outlier Clusters, 30.028 mins elapsed.
2024-04-03 13:15:59 : Assigning Outlier Clusters (n = 23, nOutlier < 5 cells) to Neighbors, 30.028 mins elapsed.
2024-04-03 13:16:51 : Assigning Cluster Names to 25 Clusters, 30.906 mins elapsed.
2024-04-03 13:16:52 : Finished addClusters, 30.921 mins elapsed.
ArchR logging to : ArchRLogs/ArchR-addClusters-1c923cb66dc3-Date-2024-04-03_Time-13-16-52.log
If there is an issue, please report to github with logFile!
2024-04-03 13:17:02 : Running Seurats FindClusters (Stuart et al. Cell 2019), 0.005 mins elapsed.
Computing nearest neighbor graph
Computing SNN
0%   10   20   30   40   50   60   70   80   90   100%
[----|----|----|----|----|----|----|----|----|----|
**************************************************|
1054 singletons identified. 36 final clusters.
2024-04-03 13:41:03 : Testing Biased Clusters, 24.02 mins elapsed.
2024-04-03 13:41:17 : Testing Outlier Clusters, 24.257 mins elapsed.
2024-04-03 13:41:25 : Assigning Outlier Clusters (n = 24, nOutlier < 5 cells) to Neighbors, 24.393 mins elapsed.
2024-04-03 13:42:02 : Assigning Cluster Names to 12 Clusters, 25.009 mins elapsed.
2024-04-03 13:42:05 : Finished addClusters, 25.058 mins elapsed.
13:42:20 UMAP embedding parameters a = 0.583 b = 1.334
13:42:20 Read 209091 rows and found 30 numeric columns
13:42:20 Using Annoy for neighbor search, n_neighbors = 30
13:42:20 Building Annoy index with metric = cosine, n_trees = 50
0%   10   20   30   40   50   60   70   80   90   100%
[----|----|----|----|----|----|----|----|----|----|
**************************************************|
13:43:12 Writing NN index file to temp file /storage/chen/home/u250758/../../tmp/Rtmp2JdC3Y/file1c923cfdad21
13:43:14 Searching Annoy index using 8 threads, search_k = 3000
13:43:33 Annoy recall = 91.19%
13:43:36 Commencing smooth kNN distance calibration using 8 threads with target n_neighbors = 30
13:43:43 Initializing from normalized Laplacian + noise (using irlba)
13:43:58 Commencing optimization for 200 epochs, with 11112028 positive edges
Using method 'umap'
0%   10   20   30   40   50   60   70   80   90   100%
[----|----|----|----|----|----|----|----|----|----|
**************************************************|
13:48:18 Optimization finished
13:49:12 Creating temp model dir /storage/chen/home/u250758/../../tmp/Rtmp2JdC3Y/dir1c92f34b9a8
13:49:12 Creating dir /storage/chen/home/u250758/../../tmp/Rtmp2JdC3Y/dir1c92f34b9a8
13:53:20 Changing to /storage/chen/home/u250758/../../tmp/Rtmp2JdC3Y/dir1c92f34b9a8
13:53:20 Creating /storage/singlecell/jeanl/organoid/data/archr/proj_all/Embeddings/Save-Uwot-UMAP-Params-Harmony-1c9244780383-Date-2024-04-03_Time-13-49-12.tar
Warning messages:
1: In sprintf(gettext(fmt, domain = domain), ...) :
  one argument not used by format 'invalid uid value replaced by that for user 'nobody''
2: invalid uid value replaced by that for user 'nobody' 
3: In sprintf(gettext(fmt, domain = domain), ...) :
  one argument not used by format 'invalid gid value replaced by that for user 'nobody''
4: invalid gid value replaced by that for user 'nobody' 
ArchR logging to : ArchRLogs/ArchR-plotEmbedding-1c92eecea19-Date-2024-04-03_Time-13-54-49.log
If there is an issue, please report to github with logFile!
Plotting Embedding
1 WARNING: Error found with Cairo installation. Continuing without rasterization.

ArchR logging successful to : ArchRLogs/ArchR-plotEmbedding-1c92eecea19-Date-2024-04-03_Time-13-54-49.log
ArchR logging to : ArchRLogs/ArchR-plotEmbedding-1c922f788290-Date-2024-04-03_Time-13-55-12.log
If there is an issue, please report to github with logFile!
Plotting Embedding
1 WARNING: Error found with Cairo installation. Continuing without rasterization.
Length of unique values greater than palette, interpolating..

ArchR logging successful to : ArchRLogs/ArchR-plotEmbedding-1c922f788290-Date-2024-04-03_Time-13-55-12.log
ArchR logging to : ArchRLogs/ArchR-plotEmbedding-1c92554fb8b4-Date-2024-04-03_Time-13-55-13.log
If there is an issue, please report to github with logFile!
Plotting Embedding
1 WARNING: Error found with Cairo installation. Continuing without rasterization.

ArchR logging successful to : ArchRLogs/ArchR-plotEmbedding-1c92554fb8b4-Date-2024-04-03_Time-13-55-13.log
Plotting Ggplot!
Plotting Ggplot!
Plotting Ggplot!
Saving ArchRProject...
Loading ArchRProject...
Successfully loaded ArchRProject!

                                                   / |
                                                 /    \
            .                                  /      |.
            \\\                              /        |.
              \\\                          /           `|.
                \\\                      /              |.
                  \                    /                |\
                  \\#####\           /                  ||
                ==###########>      /                   ||
                 \\##==......\    /                     ||
            ______ =       =|__ /__                     ||      \\\
        ,--' ,----`-,__ ___/'  --,-`-===================##========>
       \               '        ##_______ _____ ,--,__,=##,__   ///
        ,    __==    ___,-,__,--'#'  ==='      `-'    | ##,-/
        -,____,---'       \\####\\________________,--\\_##,/
           ___      .______        ______  __    __  .______      
          /   \     |   _  \      /      ||  |  |  | |   _  \     
         /  ^  \    |  |_)  |    |  ,----'|  |__|  | |  |_)  |    
        /  /_\  \   |      /     |  |     |   __   | |      /     
       /  _____  \  |  |\  \\___ |  `----.|  |  |  | |  |\  \\___.
      /__/     \__\ | _| `._____| \______||__|  |__| | _| `._____|
    

           ___      .______        ______  __    __  .______      
          /   \     |   _  \      /      ||  |  |  | |   _  \     
         /  ^  \    |  |_)  |    |  ,----'|  |__|  | |  |_)  |    
        /  /_\  \   |      /     |  |     |   __   | |      /     
       /  _____  \  |  |\  \\___ |  `----.|  |  |  | |  |\  \\___.
      /__/     \__\ | _| `._____| \______||__|  |__| | _| `._____|
    
