starting at Wed Apr  3 12:18:43 CDT 2024 on mhgcp-r03.grid.bcm.edu
SLURM_JOBID=1337294
Modularity Optimizer version 1.3.0 by Ludo Waltman and Nees Jan van Eck

Number of nodes: 209091
Number of edges: 5135998

Running Louvain algorithm...
Maximum modularity in 10 random starts: 0.9304
Number of communities: 1102
Elapsed time: 65 seconds
Modularity Optimizer version 1.3.0 by Ludo Waltman and Nees Jan van Eck

Number of nodes: 209091
Number of edges: 5135998

Running Louvain algorithm...
Maximum modularity in 10 random starts: 0.9542
Number of communities: 1090
Elapsed time: 84 seconds
class: ArchRProject 
outputDirectory: /storage/singlecell/jeanl/organoid/data/archr/proj_all 
samples(18): Multi_H9_D35 Multi_H9_D47 ... wt28-1 wt28-2
sampleColData names(1): ArrowFiles
cellColData names(20): Sample nMultiFrags ... ClustersHarm0.5
  ClustersHarm0.2
numberOfCells(1): 209091
medianTSS(1): 12.797
medianFrags(1): 7239
ended at Wed Apr  3 13:56:01 CDT 2024 on mhgcp-r03.grid.bcm.edu. Time elapsed: 01:37:18
