Loading required package: ggplot2
Loading required package: SummarizedExperiment
Loading required package: MatrixGenerics
Loading required package: matrixStats

Attaching package: ‘MatrixGenerics’

The following objects are masked from ‘package:matrixStats’:

    colAlls, colAnyNAs, colAnys, colAvgsPerRowSet, colCollapse,
    colCounts, colCummaxs, colCummins, colCumprods, colCumsums,
    colDiffs, colIQRDiffs, colIQRs, colLogSumExps, colMadDiffs,
    colMads, colMaxs, colMeans2, colMedians, colMins, colOrderStats,
    colProds, colQuantiles, colRanges, colRanks, colSdDiffs, colSds,
    colSums2, colTabulates, colVarDiffs, colVars, colWeightedMads,
    colWeightedMeans, colWeightedMedians, colWeightedSds,
    colWeightedVars, rowAlls, rowAnyNAs, rowAnys, rowAvgsPerColSet,
    rowCollapse, rowCounts, rowCummaxs, rowCummins, rowCumprods,
    rowCumsums, rowDiffs, rowIQRDiffs, rowIQRs, rowLogSumExps,
    rowMadDiffs, rowMads, rowMaxs, rowMeans2, rowMedians, rowMins,
    rowOrderStats, rowProds, rowQuantiles, rowRanges, rowRanks,
    rowSdDiffs, rowSds, rowSums2, rowTabulates, rowVarDiffs, rowVars,
    rowWeightedMads, rowWeightedMeans, rowWeightedMedians,
    rowWeightedSds, rowWeightedVars

Loading required package: GenomicRanges
Loading required package: stats4
Loading required package: BiocGenerics

Attaching package: ‘BiocGenerics’

The following objects are masked from ‘package:stats’:

    IQR, mad, sd, var, xtabs

The following objects are masked from ‘package:base’:

    Filter, Find, Map, Position, Reduce, anyDuplicated, append,
    as.data.frame, basename, cbind, colnames, dirname, do.call,
    duplicated, eval, evalq, get, grep, grepl, intersect, is.unsorted,
    lapply, mapply, match, mget, order, paste, pmax, pmax.int, pmin,
    pmin.int, rank, rbind, rownames, sapply, setdiff, sort, table,
    tapply, union, unique, unsplit, which.max, which.min

Loading required package: S4Vectors

Attaching package: ‘S4Vectors’

The following objects are masked from ‘package:base’:

    I, expand.grid, unname

Loading required package: IRanges
Loading required package: GenomeInfoDb
Loading required package: Biobase
Welcome to Bioconductor

    Vignettes contain introductory material; view with
    'browseVignettes()'. To cite Bioconductor, see
    'citation("Biobase")', and for packages 'citation("pkgname")'.


Attaching package: ‘Biobase’

The following object is masked from ‘package:MatrixGenerics’:

    rowMedians

The following objects are masked from ‘package:matrixStats’:

    anyMissing, rowMedians

Loading required package: data.table

Attaching package: ‘data.table’

The following object is masked from ‘package:SummarizedExperiment’:

    shift

The following object is masked from ‘package:GenomicRanges’:

    shift

The following object is masked from ‘package:IRanges’:

    shift

The following objects are masked from ‘package:S4Vectors’:

    first, second

Loading required package: Matrix

Attaching package: ‘Matrix’

The following object is masked from ‘package:S4Vectors’:

    expand

Loading required package: rhdf5
Loading required package: magrittr
Successfully loaded ArchRProject!

                                                   / |
                                                 /    \
            .                                  /      |.
            \\\                              /        |.
              \\\                          /           `|.
                \\\                      /              |.
                  \                    /                |\
                  \\#####\           /                  ||
                ==###########>      /                   ||
                 \\##==......\    /                     ||
            ______ =       =|__ /__                     ||      \\\
        ,--' ,----`-,__ ___/'  --,-`-===================##========>
       \               '        ##_______ _____ ,--,__,=##,__   ///
        ,    __==    ___,-,__,--'#'  ==='      `-'    | ##,-/
        -,____,---'       \\####\\________________,--\\_##,/
           ___      .______        ______  __    __  .______      
          /   \     |   _  \      /      ||  |  |  | |   _  \     
         /  ^  \    |  |_)  |    |  ,----'|  |__|  | |  |_)  |    
        /  /_\  \   |      /     |  |     |   __   | |      /     
       /  _____  \  |  |\  \\___ |  `----.|  |  |  | |  |\  \\___.
      /__/     \__\ | _| `._____| \______||__|  |__| | _| `._____|
    
ArchR logging to : ArchRLogs/ArchR-addImputeWeights-949f977715d-Date-2024-04-05_Time-14-52-43.log
If there is an issue, please report to github with logFile!
2024-04-05 14:52:43 : Computing Impute Weights Using Magic (Cell 2018), 0 mins elapsed.
Warning message:
In sprintf("Completed Getting Magic Weights!", round(object.size(weightList)/10^9,  :
  one argument not used by format 'Completed Getting Magic Weights!'
Getting ImputeWeights
ArchR logging to : ArchRLogs/ArchR-plotEmbedding-949f422c3c4e-Date-2024-04-05_Time-14-54-35.log
If there is an issue, please report to github with logFile!
2024-04-05 14:54:47 : Getting Matrix Values...
1 2 3 4 5 6 7 8 9 
Imputing Matrix
Plotting Embedding
1 2 3 4 5 6 7 8 9 10 11 12 13 14 15 16 17 18 19 20 
ArchR logging successful to : ArchRLogs/ArchR-plotEmbedding-949f422c3c4e-Date-2024-04-05_Time-14-54-35.log
Plotting Ggplot!
Plotting Ggplot!
Plotting Ggplot!
Plotting Ggplot!
Plotting Ggplot!
Plotting Ggplot!
Plotting Ggplot!
Plotting Ggplot!
Plotting Ggplot!
Plotting Ggplot!
Plotting Ggplot!
Plotting Ggplot!
Plotting Ggplot!
Plotting Ggplot!
Plotting Ggplot!
Plotting Ggplot!
Plotting Ggplot!
Plotting Ggplot!
Plotting Ggplot!
Plotting Ggplot!
ArchR logging to : ArchRLogs/ArchR-getMarkerFeatures-949f2d57c1ad-Date-2024-04-05_Time-14-57-32.log
If there is an issue, please report to github with logFile!
2024-04-05 14:57:32 : Matching Known Biases, 0.003 mins elapsed.
2024-04-05 14:57:44 : Computing Pairwise Tests (1 of 9), 0.209 mins elapsed.
2024-04-05 14:58:45 : Computing Pairwise Tests (2 of 9), 1.227 mins elapsed.
2024-04-05 14:59:38 : Computing Pairwise Tests (3 of 9), 2.104 mins elapsed.
2024-04-05 15:00:31 : Computing Pairwise Tests (4 of 9), 2.98 mins elapsed.
2024-04-05 15:01:20 : Computing Pairwise Tests (5 of 9), 3.811 mins elapsed.
2024-04-05 15:02:11 : Computing Pairwise Tests (6 of 9), 4.645 mins elapsed.
2024-04-05 15:02:58 : Computing Pairwise Tests (7 of 9), 5.439 mins elapsed.
2024-04-05 15:03:46 : Computing Pairwise Tests (8 of 9), 6.237 mins elapsed.
2024-04-05 15:04:33 : Computing Pairwise Tests (9 of 9), 7.028 mins elapsed.
###########
2024-04-05 15:05:20 : Completed Pairwise Tests, 7.803 mins elapsed.
###########
ArchR logging successful to : ArchRLogs/ArchR-getMarkerFeatures-949f2d57c1ad-Date-2024-04-05_Time-14-57-32.log
ArchR logging to : ArchRLogs/ArchR-plotMarkerHeatmap-949f7d0cf0a3-Date-2024-04-05_Time-15-05-20.log
If there is an issue, please report to github with logFile!
Printing Top Marker Genes:
AC:
	KNCN, KCNJ9, CD84, MIR181A1, MIR606, CCDC89, LOC574538, LOC101928937, LINC02423, LINC02439, MEDAG, GPHB5, LINC01567, HCCAT5, EFNB3
BC:
	HPCA, CEND1, GNG13, NRN1L, CA10, NETO1, LOC100505797, VSX1, LOC388813, LINC02027, GABRR3, LRRIQ4, BHMT, GRM6, LOC101928211
Cone:
	MTOR-AS1, MIR5585, SPATA42, LOR, LINC01743, RBP3, C10orf99, MIR4484, SPTY2D1OS, PRG3, ROBO4, MGP, PDE6H, LINC02451, KRT73-AS1
HC:
	MIR4695, C1QB, BARHL2, MIR190B, C10orf113, PTF1A, SFTPA1, LOC101929662, SLC16A12-AS1, INS, SAA4, SLC22A12, CRTAM, PDE1B, MIR492
MG:
	HSD52, IFI44L, F3, RGS4, LOC149373, ACTA2, LINC00502, HSPB2, TMEM225, OR8D4, LINC02389, MIR619, IL25, RASGRP1, RLBP1
NRPC:
	LINC01346, MTOR-AS1, NPPA, MIR4695, RNF186, C1QB, NKAIN1, MIR5585, HPCA, ZMYND12, C1orf210, KNCN, HSD52, IFI44L, BARHL2
PRPC:
	LENEP, VIM-AS1, IFITM2, IFITM1, ART1, OR2AG2, CSRP3, MIR130A, OR5A2, TAGLN, TAS2R7, ARHGDIB, CELA1, LINC00943, LINC00565
RGC:
	LINC01346, NPPA, RNF186, NKAIN1, ZMYND12, C1orf210, LINC01649, C1orf137, CNTN2, LGALS8, SLIT1-AS1, SLC18A2, SLC17A6, LINC01495, ALKBH3-AS1
Rod:
	ROM1, CABP4, RCVRN, LINC00266-1, NIPAL1, MUC7, SNORA24, LOC105375401, PLP2, GPR152, GNB3, PRPH2, LINC01346, MTOR-AS1, NPPA
Identified 386 markers!
Adding Annotations..
Preparing Main Heatmap..
'magick' package is suggested to install to give better rasterization.

Set `ht_opt$message = FALSE` to turn off this message.
ArchR logging successful to : ArchRLogs/ArchR-plotMarkerHeatmap-949f7d0cf0a3-Date-2024-04-05_Time-15-05-20.log
Warning message:
'markerHeatmap' is deprecated.
Use 'plotMarkerHeatmap' instead.
See help("Deprecated") 
Plotting ComplexHeatmap!
Saving ArchRProject...
Loading ArchRProject...
Successfully loaded ArchRProject!

                                                   / |
                                                 /    \
            .                                  /      |.
            \\\                              /        |.
              \\\                          /           `|.
                \\\                      /              |.
                  \                    /                |\
                  \\#####\           /                  ||
                ==###########>      /                   ||
                 \\##==......\    /                     ||
            ______ =       =|__ /__                     ||      \\\
        ,--' ,----`-,__ ___/'  --,-`-===================##========>
       \               '        ##_______ _____ ,--,__,=##,__   ///
        ,    __==    ___,-,__,--'#'  ==='      `-'    | ##,-/
        -,____,---'       \\####\\________________,--\\_##,/
           ___      .______        ______  __    __  .______      
          /   \     |   _  \      /      ||  |  |  | |   _  \     
         /  ^  \    |  |_)  |    |  ,----'|  |__|  | |  |_)  |    
        /  /_\  \   |      /     |  |     |   __   | |      /     
       /  _____  \  |  |\  \\___ |  `----.|  |  |  | |  |\  \\___.
      /__/     \__\ | _| `._____| \______||__|  |__| | _| `._____|
    

           ___      .______        ______  __    __  .______      
          /   \     |   _  \      /      ||  |  |  | |   _  \     
         /  ^  \    |  |_)  |    |  ,----'|  |__|  | |  |_)  |    
        /  /_\  \   |      /     |  |     |   __   | |      /     
       /  _____  \  |  |\  \\___ |  `----.|  |  |  | |  |\  \\___.
      /__/     \__\ | _| `._____| \______||__|  |__| | _| `._____|
    
