── Attaching core tidyverse packages ──────────────────────── tidyverse 2.0.0 ──
✔ dplyr     1.1.3     ✔ readr     2.1.4
✔ forcats   1.0.0     ✔ stringr   1.5.0
✔ ggplot2   3.4.4     ✔ tibble    3.2.1
✔ lubridate 1.9.3     ✔ tidyr     1.3.0
✔ purrr     1.0.2     
── Conflicts ────────────────────────────────────────── tidyverse_conflicts() ──
✖ dplyr::filter() masks stats::filter()
✖ dplyr::lag()    masks stats::lag()
ℹ Use the conflicted package (<http://conflicted.r-lib.org/>) to force all conflicts to become errors
Attaching SeuratObject
Loading required package: foreach

Attaching package: ‘foreach’

The following objects are masked from ‘package:purrr’:

    accumulate, when

Loading required package: iterators
Loading required package: parallel
Loading required package: GenomeInfoDb
Loading required package: BiocGenerics

Attaching package: ‘BiocGenerics’

The following objects are masked from ‘package:lubridate’:

    intersect, setdiff, union

The following objects are masked from ‘package:dplyr’:

    combine, intersect, setdiff, union

The following objects are masked from ‘package:stats’:

    IQR, mad, sd, var, xtabs

The following objects are masked from ‘package:base’:

    Filter, Find, Map, Position, Reduce, anyDuplicated, aperm, append,
    as.data.frame, basename, cbind, colnames, dirname, do.call,
    duplicated, eval, evalq, get, grep, grepl, intersect, is.unsorted,
    lapply, mapply, match, mget, order, paste, pmax, pmax.int, pmin,
    pmin.int, rank, rbind, rownames, sapply, setdiff, sort, table,
    tapply, union, unique, unsplit, which.max, which.min

Loading required package: S4Vectors
Loading required package: stats4

Attaching package: ‘S4Vectors’

The following objects are masked from ‘package:lubridate’:

    second, second<-

The following objects are masked from ‘package:dplyr’:

    first, rename

The following object is masked from ‘package:tidyr’:

    expand

The following object is masked from ‘package:utils’:

    findMatches

The following objects are masked from ‘package:base’:

    I, expand.grid, unname

Loading required package: IRanges

Attaching package: ‘IRanges’

The following object is masked from ‘package:lubridate’:

    %within%

The following objects are masked from ‘package:dplyr’:

    collapse, desc, slice

The following object is masked from ‘package:purrr’:

    reduce

Loading required package: BSgenome
Loading required package: GenomicRanges
Loading required package: Biostrings
Loading required package: XVector

Attaching package: ‘XVector’

The following object is masked from ‘package:purrr’:

    compact


Attaching package: ‘Biostrings’

The following object is masked from ‘package:base’:

    strsplit

Loading required package: rtracklayer
Selecting candidate regulatory regions near genes
Preparing model input
Fitting models for 1213 target genes
Found 162 TF modules
Computing gene-gene correlation
Computing weighted regulatory factor
Computing UMAP embedding
Getting network graph
Selecting candidate regulatory regions near genes
Preparing model input
Fitting models for 1216 target genes
Found 74 TF modules
Computing gene-gene correlation
Computing weighted regulatory factor
Computing UMAP embedding
Getting network graph
Selecting candidate regulatory regions near genes
Preparing model input
Fitting models for 1230 target genes
Found 103 TF modules
Computing gene-gene correlation
Computing weighted regulatory factor
Computing UMAP embedding
Getting network graph
Selecting candidate regulatory regions near genes
Preparing model input
Fitting models for 1181 target genes
Found 97 TF modules
Computing gene-gene correlation
Computing weighted regulatory factor
Computing UMAP embedding
Getting network graph
Selecting candidate regulatory regions near genes
Preparing model input
Fitting models for 1197 target genes
Found 72 TF modules
Computing gene-gene correlation
Computing weighted regulatory factor
Computing UMAP embedding
Getting network graph
Selecting candidate regulatory regions near genes
Preparing model input
Fitting models for 1244 target genes
Found 25 TF modules
Computing gene-gene correlation
Computing weighted regulatory factor
Computing UMAP embedding
Error in uwot(X = X, n_neighbors = n_neighbors, n_components = n_components,  : 
  n_neighbors must be smaller than the dataset size
Calls: get_network_graph ... get_umap -> %>% -> as_tibble -> <Anonymous> -> uwot
Execution halted
