starting at Tue Apr  9 12:26:09 CDT 2024 on mhgcp-d00.grid.bcm.edu
SLURM_JOBID=1342853

Processing sample wt5-1 now!
Processing sample wt5-1 finished!


Processing sample wt5-2 now!
Processing sample wt5-2 finished!


Processing sample wt12-1 now!
Processing sample wt12-1 finished!


Processing sample wt12-2 now!
Processing sample wt12-2 finished!


Processing sample wt12-3 now!
Processing sample wt12-3 finished!


Processing sample wt20-1 now!
Processing sample wt20-1 finished!


Processing sample wt20-2 now!
Processing sample wt20-2 finished!


Processing sample wt20-3 now!
Processing sample wt20-3 finished!


Processing sample wt28-1 now!
Processing sample wt28-1 finished!


Processing sample wt28-2 now!
Processing sample wt28-2 finished!


Processing sample wt28-3 now!
Processing sample wt28-3 finished!

ended at Tue Apr  9 12:35:08 CDT 2024 on mhgcp-d00.grid.bcm.edu. Time elapsed: 00:08:59
