starting at Mon Apr  8 17:32:03 CDT 2024 on mhgcp-d02.grid.bcm.edu
SLURM_JOBID=1342229

Processing sample wt5-1 now!
Processing sample wt5-1 finished!


Processing sample wt5-2 now!
Processing sample wt5-2 finished!


Processing sample wt12-1 now!
Processing sample wt12-1 finished!


Processing sample wt12-2 now!
Processing sample wt12-2 finished!


Processing sample wt12-3 now!
Processing sample wt12-3 finished!


Processing sample wt20-1 now!
Processing sample wt20-1 finished!


Processing sample wt20-2 now!
Processing sample wt20-2 finished!


Processing sample wt20-3 now!
Processing sample wt20-3 finished!


Processing sample wt28-1 now!
Processing sample wt28-1 finished!


Processing sample wt28-2 now!
Processing sample wt28-2 finished!


Processing sample wt28-3 now!
Processing sample wt28-3 finished!

ended at Mon Apr  8 17:39:47 CDT 2024 on mhgcp-d02.grid.bcm.edu. Time elapsed: 00:07:44
