
           ___      .______        ______  __    __  .______      
          /   \     |   _  \      /      ||  |  |  | |   _  \     
         /  ^  \    |  |_)  |    |  ,----'|  |__|  | |  |_)  |    
        /  /_\  \   |      /     |  |     |   __   | |      /     
       /  _____  \  |  |\  \\___ |  `----.|  |  |  | |  |\  \\___.
      /__/     \__\ | _| `._____| \______||__|  |__| | _| `._____|
    
Logging With ArchR!

Start Time : 2024-04-16 16:56:26

------- ArchR Info

ArchRThreads = 1

------- System Info

Computer OS = unix
Total Cores = 48

------- Session Info

R version 4.1.3 (2022-03-10)
Platform: x86_64-conda-linux-gnu (64-bit)
Running under: Red Hat Enterprise Linux

Matrix products: default
BLAS/LAPACK: /storage/chen/home/u250758/miniconda3/envs/archr/lib/libopenblasp-r0.3.23.so

locale:
 [1] LC_CTYPE=en_US.UTF-8 LC_NUMERIC=C         LC_TIME=C           
 [4] LC_COLLATE=C         LC_MONETARY=C        LC_MESSAGES=C       
 [7] LC_PAPER=C           LC_NAME=C            LC_ADDRESS=C        
[10] LC_TELEPHONE=C       LC_MEASUREMENT=C     LC_IDENTIFICATION=C 

attached base packages:
[1] parallel  stats4    stats     graphics  grDevices utils     datasets 
[8] methods   base     

other attached packages:
 [1] gtable_0.3.4                Seurat_4.3.0               
 [3] SeuratObject_4.1.3          sp_1.6-1                   
 [5] ArchR_1.0.1                 magrittr_2.0.3             
 [7] rhdf5_2.38.1                Matrix_1.6-1               
 [9] data.table_1.14.8           SummarizedExperiment_1.24.0
[11] Biobase_2.54.0              GenomicRanges_1.46.1       
[13] GenomeInfoDb_1.30.1         IRanges_2.28.0             
[15] S4Vectors_0.32.4            BiocGenerics_0.40.0        
[17] MatrixGenerics_1.6.0        matrixStats_1.0.0          
[19] ggplot2_3.4.3              

loaded via a namespace (and not attached):
  [1] Rtsne_0.16             colorspace_2.1-0       deldir_1.0-9          
  [4] ellipsis_0.3.2         ggridges_0.5.4         XVector_0.34.0        
  [7] spatstat.data_3.0-1    farver_2.1.1           leiden_0.4.3          
 [10] listenv_0.9.0          ggrepel_0.9.3          fansi_1.0.4           
 [13] codetools_0.2-19       splines_4.1.3          polyclip_1.10-4       
 [16] jsonlite_1.8.7         ica_1.0-3              cluster_2.1.4         
 [19] png_0.1-8              uwot_0.1.16            spatstat.sparse_3.0-1 
 [22] shiny_1.7.5            sctransform_0.3.5      compiler_4.1.3        
 [25] httr_1.4.7             fastmap_1.1.1          lazyeval_0.2.2        
 [28] cli_3.6.1              later_1.3.1            htmltools_0.5.6       
 [31] tools_4.1.3            igraph_1.4.3           glue_1.6.2            
 [34] GenomeInfoDbData_1.2.7 RANN_2.6.1             reshape2_1.4.4        
 [37] dplyr_1.1.3            Rcpp_1.0.11            scattermore_1.1       
 [40] vctrs_0.6.3            rhdf5filters_1.6.0     nlme_3.1-163          
 [43] spatstat.explore_3.2-1 progressr_0.13.0       lmtest_0.9-40         
 [46] spatstat.random_3.1-5  stringr_1.5.0          globals_0.16.2        
 [49] mime_0.12              miniUI_0.1.1.1         lifecycle_1.0.3       
 [52] irlba_2.3.5.1          gtools_3.9.4           goftest_1.2-3         
 [55] future_1.32.0          zlibbioc_1.40.0        MASS_7.3-60           
 [58] zoo_1.8-12             scales_1.2.1           promises_1.2.1        
 [61] spatstat.utils_3.0-3   RColorBrewer_1.1-3     reticulate_1.30       
 [64] pbapply_1.7-0          gridExtra_2.3          stringi_1.7.12        
 [67] rlang_1.1.1            pkgconfig_2.0.3        bitops_1.0-7          
 [70] lattice_0.21-8         tensor_1.5             ROCR_1.0-11           
 [73] purrr_1.0.2            Rhdf5lib_1.16.0        labeling_0.4.3        
 [76] patchwork_1.1.2        htmlwidgets_1.6.2      cowplot_1.1.1         
 [79] tidyselect_1.2.0       parallelly_1.36.0      RcppAnnoy_0.0.20      
 [82] plyr_1.8.8             R6_2.5.1               generics_0.1.3        
 [85] DelayedArray_0.20.0    pillar_1.9.0           withr_2.5.0           
 [88] fitdistrplus_1.1-11    abind_1.4-5            survival_3.5-5        
 [91] RCurl_1.98-1.12        tibble_3.2.1           future.apply_1.11.0   
 [94] KernSmooth_2.23-21     utf8_1.2.3             spatstat.geom_3.2-1   
 [97] plotly_4.10.2          nabor_0.5.0            grid_4.1.3            
[100] digest_0.6.33          xtable_1.8-4           tidyr_1.3.0           
[103] httpuv_1.6.11          munsell_0.5.0          viridisLite_0.4.2     


------- Log Info


2024-04-16 16:56:27 : Input-Parameters, Class = list

Input-Parameters$ArchRProj: length = 1

Input-Parameters$embedding: length = 1
[1] "UMAP"


Input-Parameters$colorBy: length = 1
[1] "cellColData"


Input-Parameters$name: length = 1
[1] "predictedGroup_Un"


Input-Parameters$log2Norm: length = 0
NULL


Input-Parameters$imputeWeights: length = 0
NULL


Input-Parameters$pal: length = 0
NULL


Input-Parameters$size: length = 1
[1] 0.1


Input-Parameters$sampleCells: length = 0
NULL


Input-Parameters$highlightCells: length = 0
NULL


Input-Parameters$rastr: length = 1
[1] TRUE


Input-Parameters$quantCut: length = 2
[1] 0.01 0.99


Input-Parameters$discreteSet: length = 0
NULL


Input-Parameters$continuousSet: length = 0
NULL


Input-Parameters$randomize: length = 1
[1] TRUE


Input-Parameters$keepAxis: length = 1
[1] FALSE


Input-Parameters$baseSize: length = 1
[1] 10


Input-Parameters$plotAs: length = 0
NULL


Input-Parameters$threads: length = 1
[1] 1


Input-Parameters$logFile: length = 1
[1] "ArchRLogs/ArchR-plotEmbedding-b0db73f8a378-Date-2024-04-16_Time-16-56-26.log"



2024-04-16 16:56:27 : Getting UMAP Embedding

2024-04-16 16:56:27 : Embedding data.frame, Class = data.frame
Embedding data.frame: nRows = 77930, nCols = 2
                         IterativeLSI#UMAP_Dimension_1
wt5-1#TTAGCGAAGTGTCACT-1                      6.228827
wt5-1#GTGCCAGGTTCAGAAA-1                      7.828236
wt5-1#CTACTTACACTGAAGG-1                      8.318253
wt5-1#TAAGTGCCAACTCAAC-1                      3.100343
wt5-1#AACAAAGTCTCGACAA-1                      6.788727
wt5-1#AGCGTGCGTACATGGG-1                      7.164586
                         IterativeLSI#UMAP_Dimension_2
wt5-1#TTAGCGAAGTGTCACT-1                      6.700024
wt5-1#GTGCCAGGTTCAGAAA-1                      5.279011
wt5-1#CTACTTACACTGAAGG-1                      5.437188
wt5-1#TAAGTGCCAACTCAAC-1                      3.161135
wt5-1#AACAAAGTCTCGACAA-1                      6.165235
wt5-1#AGCGTGCGTACATGGG-1                      6.641668



2024-04-16 16:56:27 : ColorBy = cellColData

2024-04-16 16:56:27 : ColorParams 1, Class = list

ColorParams 1$color: length = 77930
[1] "PRPC" "PRPC" "PRPC" "NRPC" "PRPC" "PRPC"


ColorParams 1$discrete: length = 1
[1] TRUE


ColorParams 1$continuousSet: length = 1
[1] "solarExtra"


ColorParams 1$discreteSet: length = 1
[1] "stallion"


ColorParams 1$title: length = 1
[1] "UMAP of IterativeLSI  colored by\ncolData :  predictedGroup_Un"



2024-04-16 16:56:27 : PlotParams-1, Class = list

PlotParams-1$color: length = 77930
[1] "PRPC" "PRPC" "PRPC" "NRPC" "PRPC" "PRPC"


PlotParams-1$discrete: length = 1
[1] TRUE


PlotParams-1$continuousSet: length = 1
[1] "solarExtra"


PlotParams-1$discreteSet: length = 1
[1] "stallion"


PlotParams-1$title: length = 1
[1] "UMAP of IterativeLSI  colored by\ncolData :  predictedGroup_Un"


PlotParams-1$x: length = 77930
[1] 6.228827 7.828236 8.318253 3.100343 6.788727 7.164586


PlotParams-1$y: length = 77930
[1] 6.700024 5.279011 5.437188 3.161135 6.165235 6.641668


PlotParams-1$baseSize: length = 1
[1] 10


PlotParams-1$xlabel: length = 1
[1] "UMAP Dimension 1"


PlotParams-1$ylabel: length = 1
[1] "UMAP Dimension 2"


PlotParams-1$rastr: length = 1
[1] TRUE


PlotParams-1$size: length = 1
[1] 0.1


PlotParams-1$randomize: length = 1
[1] TRUE



------- Completed

End Time : 2024-04-16 16:56:28
Elapsed Time Minutes = 0.0359241882960002
Elapsed Time Hours = 0.000598811838361952

-------



