
           ___      .______        ______  __    __  .______      
          /   \     |   _  \      /      ||  |  |  | |   _  \     
         /  ^  \    |  |_)  |    |  ,----'|  |__|  | |  |_)  |    
        /  /_\  \   |      /     |  |     |   __   | |      /     
       /  _____  \  |  |\  \\___ |  `----.|  |  |  | |  |\  \\___.
      /__/     \__\ | _| `._____| \______||__|  |__| | _| `._____|
    
Logging With ArchR!

Start Time : 2024-04-16 15:44:11

------- ArchR Info

ArchRThreads = 1

------- System Info

Computer OS = unix
Total Cores = 48

------- Session Info

R version 4.1.3 (2022-03-10)
Platform: x86_64-conda-linux-gnu (64-bit)
Running under: Red Hat Enterprise Linux

Matrix products: default
BLAS/LAPACK: /storage/chen/home/u250758/miniconda3/envs/archr/lib/libopenblasp-r0.3.23.so

locale:
 [1] LC_CTYPE=en_US.UTF-8 LC_NUMERIC=C         LC_TIME=C           
 [4] LC_COLLATE=C         LC_MONETARY=C        LC_MESSAGES=C       
 [7] LC_PAPER=C           LC_NAME=C            LC_ADDRESS=C        
[10] LC_TELEPHONE=C       LC_MEASUREMENT=C     LC_IDENTIFICATION=C 

attached base packages:
[1] parallel  stats4    stats     graphics  grDevices utils     datasets 
[8] methods   base     

other attached packages:
 [1] ArchR_1.0.1                 magrittr_2.0.3             
 [3] rhdf5_2.38.1                Matrix_1.6-1               
 [5] data.table_1.14.8           SummarizedExperiment_1.24.0
 [7] Biobase_2.54.0              GenomicRanges_1.46.1       
 [9] GenomeInfoDb_1.30.1         IRanges_2.28.0             
[11] S4Vectors_0.32.4            BiocGenerics_0.40.0        
[13] MatrixGenerics_1.6.0        matrixStats_1.0.0          
[15] ggplot2_3.4.3              

loaded via a namespace (and not attached):
 [1] Rcpp_1.0.11            nabor_0.5.0            pillar_1.9.0          
 [4] compiler_4.1.3         XVector_0.34.0         rhdf5filters_1.6.0    
 [7] bitops_1.0-7           tools_4.1.3            zlibbioc_1.40.0       
[10] lifecycle_1.0.3        tibble_3.2.1           gtable_0.3.4          
[13] lattice_0.21-8         pkgconfig_2.0.3        rlang_1.1.1           
[16] DelayedArray_0.20.0    cli_3.6.1              hexbin_1.28.3         
[19] GenomeInfoDbData_1.2.7 stringr_1.5.0          withr_2.5.0           
[22] dplyr_1.1.3            gtools_3.9.4           generics_0.1.3        
[25] vctrs_0.6.3            grid_4.1.3             tidyselect_1.2.0      
[28] glue_1.6.2             R6_2.5.1               fansi_1.0.4           
[31] farver_2.1.1           Rhdf5lib_1.16.0        codetools_0.2-19      
[34] scales_1.2.1           colorspace_2.1-0       labeling_0.4.3        
[37] utf8_1.2.3             stringi_1.7.12         RCurl_1.98-1.12       
[40] munsell_0.5.0         


------- Log Info


2024-04-16 15:44:11 : Input-Parameters, Class = list

Input-Parameters$ArchRProj: length = 1

Input-Parameters$embedding: length = 1
[1] "UMAP"


Input-Parameters$colorBy: length = 1
[1] "GeneIntegrationMatrix"


Input-Parameters$name: length = 20
[1] "RHO"   "RCVRN" "CRX"   "PROM1" "ARR3"  "OTX2" 


Input-Parameters$log2Norm: length = 0
NULL


Input-Parameters$pal: length = 0
NULL


Input-Parameters$size: length = 1
[1] 0.1


Input-Parameters$sampleCells: length = 0
NULL


Input-Parameters$highlightCells: length = 0
NULL


Input-Parameters$rastr: length = 1
[1] TRUE


Input-Parameters$quantCut: length = 2
[1] 0.01 0.99


Input-Parameters$discreteSet: length = 0
NULL


Input-Parameters$continuousSet: length = 0
NULL


Input-Parameters$randomize: length = 1
[1] TRUE


Input-Parameters$keepAxis: length = 1
[1] FALSE


Input-Parameters$baseSize: length = 1
[1] 10


Input-Parameters$plotAs: length = 0
NULL


Input-Parameters$threads: length = 1
[1] 1


Input-Parameters$logFile: length = 1
[1] "ArchRLogs/ArchR-plotEmbedding-ad0f4627bb9c-Date-2024-04-16_Time-15-44-11.log"



2024-04-16 15:44:11 : Getting UMAP Embedding

2024-04-16 15:44:11 : Embedding data.frame, Class = data.frame
Embedding data.frame: nRows = 77930, nCols = 2
                         IterativeLSI#UMAP_Dimension_1
wt5-1#TTAGCGAAGTGTCACT-1                      6.228827
wt5-1#GTGCCAGGTTCAGAAA-1                      7.828236
wt5-1#CTACTTACACTGAAGG-1                      8.318253
wt5-1#TAAGTGCCAACTCAAC-1                      3.100343
wt5-1#AACAAAGTCTCGACAA-1                      6.788727
wt5-1#AGCGTGCGTACATGGG-1                      7.164586
                         IterativeLSI#UMAP_Dimension_2
wt5-1#TTAGCGAAGTGTCACT-1                      6.700024
wt5-1#GTGCCAGGTTCAGAAA-1                      5.279011
wt5-1#CTACTTACACTGAAGG-1                      5.437188
wt5-1#TAAGTGCCAACTCAAC-1                      3.161135
wt5-1#AACAAAGTCTCGACAA-1                      6.165235
wt5-1#AGCGTGCGTACATGGG-1                      6.641668


