
           ___      .______        ______  __    __  .______      
          /   \     |   _  \      /      ||  |  |  | |   _  \     
         /  ^  \    |  |_)  |    |  ,----'|  |__|  | |  |_)  |    
        /  /_\  \   |      /     |  |     |   __   | |      /     
       /  _____  \  |  |\  \\___ |  `----.|  |  |  | |  |\  \\___.
      /__/     \__\ | _| `._____| \______||__|  |__| | _| `._____|
    
Logging With ArchR!

Start Time : 2024-02-13 16:15:07

------- ArchR Info

ArchRThreads = 8
ArchRGenome = Hg38

------- System Info

Computer OS = unix
Total Cores = 16

------- Session Info

R version 4.1.3 (2022-03-10)
Platform: x86_64-conda-linux-gnu (64-bit)
Running under: Red Hat Enterprise Linux

Matrix products: default
BLAS/LAPACK: /storage/chen/home/u250758/miniconda3/envs/archr/lib/libopenblasp-r0.3.23.so

locale:
 [1] LC_CTYPE=en_US.UTF-8 LC_NUMERIC=C         LC_TIME=C           
 [4] LC_COLLATE=C         LC_MONETARY=C        LC_MESSAGES=C       
 [7] LC_PAPER=C           LC_NAME=C            LC_ADDRESS=C        
[10] LC_TELEPHONE=C       LC_MEASUREMENT=C     LC_IDENTIFICATION=C 

attached base packages:
[1] parallel  stats4    stats     graphics  grDevices utils     datasets 
[8] methods   base     

other attached packages:
 [1] BSgenome.Hsapiens.UCSC.hg38_1.4.4 BSgenome_1.62.0                  
 [3] rtracklayer_1.54.0                Biostrings_2.62.0                
 [5] XVector_0.34.0                    ArchR_1.0.1                      
 [7] magrittr_2.0.3                    rhdf5_2.38.1                     
 [9] Matrix_1.6-1                      data.table_1.14.8                
[11] SummarizedExperiment_1.24.0       Biobase_2.54.0                   
[13] GenomicRanges_1.46.1              GenomeInfoDb_1.30.1              
[15] IRanges_2.28.0                    S4Vectors_0.32.4                 
[17] BiocGenerics_0.40.0               MatrixGenerics_1.6.0             
[19] matrixStats_1.0.0                 ggplot2_3.4.3                    

loaded via a namespace (and not attached):
 [1] tidyselect_1.2.0         lattice_0.21-8           colorspace_2.1-0        
 [4] vctrs_0.6.3              generics_0.1.3           yaml_2.3.7              
 [7] utf8_1.2.3               XML_3.99-0.14            rlang_1.1.1             
[10] pillar_1.9.0             glue_1.6.2               withr_2.5.0             
[13] BiocParallel_1.28.3      GenomeInfoDbData_1.2.7   lifecycle_1.0.3         
[16] stringr_1.5.0            zlibbioc_1.40.0          munsell_0.5.0           
[19] gtable_0.3.4             restfulr_0.0.15          fansi_1.0.4             
[22] Rcpp_1.0.11              scales_1.2.1             DelayedArray_0.20.0     
[25] Rsamtools_2.10.0         rjson_0.2.21             stringi_1.7.12          
[28] dplyr_1.1.3              BiocIO_1.4.0             grid_4.1.3              
[31] cli_3.6.1                tools_4.1.3              bitops_1.0-7            
[34] rhdf5filters_1.6.0       RCurl_1.98-1.12          tibble_3.2.1            
[37] crayon_1.5.2             pkgconfig_2.0.3          Rhdf5lib_1.16.0         
[40] R6_2.5.1                 GenomicAlignments_1.30.0 compiler_4.1.3          


------- Log Info


2024-02-13 16:15:07 : createArrowFiles Input-Parameters, Class = list

createArrowFiles Input-Parameters$inputFiles: length = 9
[1] "/storage/singlecell/zz4/multi_organoid/data/Multi_H9_D35/outs/atac_fragments.tsv.gz"           
[2] "/storage/singlecell/zz4/multi_organoid/data/Multi_H9_D47/outs/atac_fragments.tsv.gz"           
[3] "/storage/singlecell/zz4/multi_organoid/data/Multi_organoid_NRL_D075/outs/atac_fragments.tsv.gz"
[4] "/storage/singlecell/zz4/multi_organoid/data/Multi_H9_D100/outs/atac_fragments.tsv.gz"          
[5] "/storage/singlecell/zz4/multi_organoid/data/Multi_NRL_GFP_D123/outs/atac_fragments.tsv.gz"     
[6] "/storage/singlecell/zz4/multi_organoid/data/Multi_organoid_D133/outs/atac_fragments.tsv.gz"    


createArrowFiles Input-Parameters$sampleNames: length = 9
[1] "Multi_H9_D35"            "Multi_H9_D47"           
[3] "Multi_organoid_NRL_D075" "Multi_H9_D100"          
[5] "Multi_NRL_GFP_D123"      "Multi_organoid_D133"    


createArrowFiles Input-Parameters$outputNames: length = 9
[1] "Multi_H9_D35"            "Multi_H9_D47"           
[3] "Multi_organoid_NRL_D075" "Multi_H9_D100"          
[5] "Multi_NRL_GFP_D123"      "Multi_organoid_D133"    


createArrowFiles Input-Parameters$validBarcodes: length = 0
NULL


createArrowFiles Input-Parameters$minTSS: length = 1
[1] 4


createArrowFiles Input-Parameters$minFrags: length = 1
[1] 1000


createArrowFiles Input-Parameters$maxFrags: length = 1
[1] 1e+05


createArrowFiles Input-Parameters$QCDir: length = 1
[1] "QualityControl"


createArrowFiles Input-Parameters$nucLength: length = 1
[1] 147


createArrowFiles Input-Parameters$promoterRegion: length = 2
[1] 2000  100


createArrowFiles Input-Parameters$excludeChr: length = 2
[1] "chrM" "chrY"


createArrowFiles Input-Parameters$nChunk: length = 1
[1] 5


createArrowFiles Input-Parameters$bcTag: length = 1
[1] "qname"


createArrowFiles Input-Parameters$gsubExpression: length = 0
NULL


createArrowFiles Input-Parameters$bamFlag: length = 0
NULL


createArrowFiles Input-Parameters$offsetPlus: length = 1
[1] 4


createArrowFiles Input-Parameters$offsetMinus: length = 1
[1] -5


createArrowFiles Input-Parameters$addTileMat: length = 1
[1] TRUE


createArrowFiles Input-Parameters$addGeneScoreMat: length = 1
[1] TRUE


createArrowFiles Input-Parameters$force: length = 1
[1] FALSE


createArrowFiles Input-Parameters$threads: length = 1
[1] 8


createArrowFiles Input-Parameters$parallelParam: length = 0
NULL


createArrowFiles Input-Parameters$subThreading: length = 1
[1] TRUE


createArrowFiles Input-Parameters$verbose: length = 1
[1] TRUE


createArrowFiles Input-Parameters$cleanTmp: length = 1
[1] TRUE


createArrowFiles Input-Parameters$logFile: length = 1
[1] "ArchRLogs/ArchR-createArrows-778224e24183-Date-2024-02-13_Time-16-15-07.log"


createArrowFiles Input-Parameters$filterFrags: length = 1
[1] 1000


createArrowFiles Input-Parameters$filterTSS: length = 1
[1] 4



2024-02-13 16:15:07 : Cleaning Temporary Files
2024-02-13 16:15:07 : Batch Execution w/ safelapply!, 0 mins elapsed.

###########
2024-02-13 16:15:07 : Creating Arrow File Multi_organoid_D183.arrow (Multi_organoid_D183 : 1 of 9)
###########


2024-02-13 16:15:07 : validBC, Class = NULL

validBC: length = 0
NULL



###########
2024-02-13 16:15:07 : Creating Arrow File Multi_organoid_NRL_D243.arrow (Multi_organoid_NRL_D243 : 2 of 9)
###########


2024-02-13 16:15:07 : validBC, Class = NULL

validBC: length = 0
NULL



###########
2024-02-13 16:15:07 : Creating Arrow File Multi_organoid_NRL_D206.arrow (Multi_organoid_NRL_D206 : 3 of 9)
###########


2024-02-13 16:15:07 : validBC, Class = NULL

validBC: length = 0
NULL



2024-02-13 16:15:07 : (Multi_organoid_D183 : 1 of 9) Checking if completed file exists!

###########
2024-02-13 16:15:07 : Creating Arrow File Multi_H9_D35.arrow (Multi_H9_D35 : 4 of 9)
###########


2024-02-13 16:15:07 : validBC, Class = NULL

validBC: length = 0
NULL


2024-02-13 16:15:07 : (Multi_organoid_D183 : 1 of 9) Arrow Exists! Marking as completed since force = FALSE!, 0.001 mins elapsed.

2024-02-13 16:15:07 : (Multi_organoid_NRL_D243 : 2 of 9) Checking if completed file exists!

###########
2024-02-13 16:15:07 : Creating Arrow File Multi_organoid_NRL_D075.arrow (Multi_organoid_NRL_D075 : 5 of 9)
###########


2024-02-13 16:15:07 : validBC, Class = NULL

validBC: length = 0
NULL


2024-02-13 16:15:07 : (Multi_organoid_NRL_D243 : 2 of 9) Arrow Exists! Marking as completed since force = FALSE!, 0.001 mins elapsed.

2024-02-13 16:15:07 : (Multi_organoid_NRL_D206 : 3 of 9) Checking if completed file exists!

###########
2024-02-13 16:15:07 : Creating Arrow File Multi_H9_D47.arrow (Multi_H9_D47 : 6 of 9)
###########


2024-02-13 16:15:07 : validBC, Class = NULL

validBC: length = 0
NULL


2024-02-13 16:15:07 : (Multi_organoid_NRL_D206 : 3 of 9) Arrow Exists! Marking as completed since force = FALSE!, 0.002 mins elapsed.

2024-02-13 16:15:07 : (Multi_H9_D35 : 4 of 9) Checking if completed file exists!

###########
2024-02-13 16:15:07 : Creating Arrow File Multi_organoid_D133.arrow (Multi_organoid_D133 : 7 of 9)
###########


2024-02-13 16:15:07 : validBC, Class = NULL

validBC: length = 0
NULL


2024-02-13 16:15:07 : (Multi_H9_D35 : 4 of 9) Arrow Exists! Marking as completed since force = FALSE!, 0.002 mins elapsed.

2024-02-13 16:15:07 : (Multi_organoid_NRL_D075 : 5 of 9) Checking if completed file exists!

###########
2024-02-13 16:15:07 : Creating Arrow File Multi_NRL_GFP_D123.arrow (Multi_NRL_GFP_D123 : 8 of 9)
###########


2024-02-13 16:15:07 : validBC, Class = NULL

validBC: length = 0
NULL


2024-02-13 16:15:07 : (Multi_organoid_NRL_D075 : 5 of 9) Arrow Exists! Marking as completed since force = FALSE!, 0.002 mins elapsed.

2024-02-13 16:15:07 : (Multi_H9_D47 : 6 of 9) Checking if completed file exists!

###########
2024-02-13 16:15:07 : Creating Arrow File Multi_H9_D100.arrow (Multi_H9_D100 : 9 of 9)
###########


2024-02-13 16:15:07 : validBC, Class = NULL

validBC: length = 0
NULL
2024-02-13 16:15:07 : (Multi_H9_D47 : 6 of 9) Arrow Exists! Marking as completed since force = FALSE!, 0.002 mins elapsed.



2024-02-13 16:15:07 : (Multi_organoid_D133 : 7 of 9) Checking if completed file exists!
2024-02-13 16:15:07 : (Multi_organoid_D133 : 7 of 9) Arrow Exists! Marking as completed since force = FALSE!, 0.003 mins elapsed.

2024-02-13 16:15:07 : (Multi_NRL_GFP_D123 : 8 of 9) Checking if completed file exists!
2024-02-13 16:15:08 : (Multi_NRL_GFP_D123 : 8 of 9) Arrow Exists! Marking as completed since force = FALSE!, 0.003 mins elapsed.

2024-02-13 16:15:08 : (Multi_H9_D100 : 9 of 9) Checking if completed file exists!
2024-02-13 16:15:08 : (Multi_H9_D100 : 9 of 9) Arrow Exists! Marking as completed since force = FALSE!, 0.003 mins elapsed.

------- Completed

End Time : 2024-02-13 16:15:08
Elapsed Time Minutes = 0.0169841329256694
Elapsed Time Hours = 0.000283298624886407

-------



