
           ___      .______        ______  __    __  .______      
          /   \     |   _  \      /      ||  |  |  | |   _  \     
         /  ^  \    |  |_)  |    |  ,----'|  |__|  | |  |_)  |    
        /  /_\  \   |      /     |  |     |   __   | |      /     
       /  _____  \  |  |\  \\___ |  `----.|  |  |  | |  |\  \\___.
      /__/     \__\ | _| `._____| \______||__|  |__| | _| `._____|
    
Logging With ArchR!

Start Time : 2024-04-10 15:31:05

------- ArchR Info

ArchRThreads = 8

------- System Info

Computer OS = unix
Total Cores = 16

------- Session Info

R version 4.1.3 (2022-03-10)
Platform: x86_64-conda-linux-gnu (64-bit)
Running under: Red Hat Enterprise Linux

Matrix products: default
BLAS/LAPACK: /storage/chen/home/u250758/miniconda3/envs/archr/lib/libopenblasp-r0.3.23.so

locale:
 [1] LC_CTYPE=en_US.UTF-8 LC_NUMERIC=C         LC_TIME=C           
 [4] LC_COLLATE=C         LC_MONETARY=C        LC_MESSAGES=C       
 [7] LC_PAPER=C           LC_NAME=C            LC_ADDRESS=C        
[10] LC_TELEPHONE=C       LC_MEASUREMENT=C     LC_IDENTIFICATION=C 

attached base packages:
[1] parallel  stats4    stats     graphics  grDevices utils     datasets 
[8] methods   base     

other attached packages:
 [1] nabor_0.5.0                 ArchR_1.0.1                
 [3] magrittr_2.0.3              rhdf5_2.38.1               
 [5] Matrix_1.6-1                data.table_1.14.8          
 [7] SummarizedExperiment_1.24.0 Biobase_2.54.0             
 [9] GenomicRanges_1.46.1        GenomeInfoDb_1.30.1        
[11] IRanges_2.28.0              S4Vectors_0.32.4           
[13] BiocGenerics_0.40.0         MatrixGenerics_1.6.0       
[15] matrixStats_1.0.0           ggplot2_3.4.3              

loaded via a namespace (and not attached):
 [1] Rcpp_1.0.11            plyr_1.8.8             pillar_1.9.0          
 [4] compiler_4.1.3         XVector_0.34.0         rhdf5filters_1.6.0    
 [7] bitops_1.0-7           tools_4.1.3            zlibbioc_1.40.0       
[10] lifecycle_1.0.3        tibble_3.2.1           gtable_0.3.4          
[13] lattice_0.21-8         pkgconfig_2.0.3        rlang_1.1.1           
[16] DelayedArray_0.20.0    cli_3.6.1              GenomeInfoDbData_1.2.7
[19] stringr_1.5.0          withr_2.5.0            dplyr_1.1.3           
[22] gtools_3.9.4           generics_0.1.3         vctrs_0.6.3           
[25] grid_4.1.3             tidyselect_1.2.0       glue_1.6.2            
[28] R6_2.5.1               fansi_1.0.4            Rhdf5lib_1.16.0       
[31] codetools_0.2-19       scales_1.2.1           colorspace_2.1-0      
[34] utf8_1.2.3             stringi_1.7.12         RCurl_1.98-1.12       
[37] munsell_0.5.0         


------- Log Info


2024-04-10 15:31:07 : markerHeatmap Input-Parameters, Class = list

markerHeatmap Input-Parameters$seMarker: length = 24919
class: SummarizedExperiment 
dim: 6 9 
metadata(2): MatchInfo Params
assays(7): Log2FC Mean ... AUC MeanBGD
rownames(6): 1 2 ... 5 6
rowData names(6): seqnames start ... name idx
colnames(9): AC BC ... RGC Rod
colData names(0):


markerHeatmap Input-Parameters$cutOff: length = 1
[1] "FDR <= 0.01 & Log2FC >= 0.5"


markerHeatmap Input-Parameters$log2Norm: length = 1
[1] TRUE


markerHeatmap Input-Parameters$scaleTo: length = 1
[1] 10000


markerHeatmap Input-Parameters$scaleRows: length = 1
[1] TRUE


markerHeatmap Input-Parameters$plotLog2FC: length = 1
[1] FALSE


markerHeatmap Input-Parameters$limits: length = 2
[1] -2  2


markerHeatmap Input-Parameters$grepExclude: length = 24899
[1] "1" "2" "3" "4" "5" "6"


markerHeatmap Input-Parameters$pal: length = 0
NULL


markerHeatmap Input-Parameters$binaryClusterRows: length = 1
[1] TRUE


markerHeatmap Input-Parameters$clusterCols: length = 1
[1] TRUE


markerHeatmap Input-Parameters$labelMarkers: length = 20
[1] "RHO"   "RCVRN" "CRX"   "PROM1" "ARR3"  "OTX2" 


markerHeatmap Input-Parameters$nLabel: length = 1
[1] 15


markerHeatmap Input-Parameters$nPrint: length = 1
[1] 15


markerHeatmap Input-Parameters$labelRows: length = 1
[1] FALSE


markerHeatmap Input-Parameters$returnMatrix: length = 1
[1] FALSE


markerHeatmap Input-Parameters$transpose: length = 1
[1] TRUE


markerHeatmap Input-Parameters$invert: length = 1
[1] FALSE


markerHeatmap Input-Parameters$logFile: length = 1
[1] "ArchRLogs/ArchR-plotMarkerHeatmap-3b92703d1583-Date-2024-04-10_Time-15-31-05.log"



2024-04-10 15:31:08 : passMat, Class = matrix
 
2024-04-10 15:31:08 : passMat, Class = array
     AC    BC  Cone    HC    MG
1 FALSE FALSE FALSE FALSE FALSE
2 FALSE FALSE FALSE FALSE FALSE
3 FALSE FALSE FALSE FALSE FALSE
4 FALSE FALSE FALSE FALSE FALSE
5 FALSE FALSE FALSE FALSE FALSE

passMat: nRows = 24919, nCols = 9


2024-04-10 15:31:08 : mat, Class = matrix
 
2024-04-10 15:31:08 : mat, Class = array
         AC         BC       Cone          HC         MG
1       NaN        NaN        NaN         NaN        NaN
2       NaN        NaN        NaN         NaN        NaN
3       NaN        NaN        NaN         NaN        NaN
4 -1.341019 -0.7356496 -0.8386489  0.99155192  0.4944621
5  1.358135  0.1129382  1.3385165 -0.09517579 -1.1352305

mat: nRows = 24919, nCols = 9


2024-04-10 15:31:08 : mat-plot, Class = matrix
 
2024-04-10 15:31:08 : mat-plot, Class = array
                    AC        BC     Cone         HC         MG
P3H3      -0.587538026 1.6135215 1.146227 -0.6279182 -1.0303103
GNB3      -0.843864127 1.1658131 1.365437 -0.8381177 -0.9077635
OTX2      -0.837119811 1.5584585 1.307829 -0.9749109 -1.0344406
LINC00599 -0.009261165 1.0752184 1.126626  0.2426948 -1.4795773
DFFB      -0.195400009 0.1439432 1.016732 -1.2273832 -1.0219590

mat-plot: nRows = 1802, nCols = 9


------- Completed

End Time : 2024-04-10 15:31:11
Elapsed Time Minutes = 0.106110994021098
Elapsed Time Hours = 0.00176857656902737

-------



