
           ___      .______        ______  __    __  .______      
          /   \     |   _  \      /      ||  |  |  | |   _  \     
         /  ^  \    |  |_)  |    |  ,----'|  |__|  | |  |_)  |    
        /  /_\  \   |      /     |  |     |   __   | |      /     
       /  _____  \  |  |\  \\___ |  `----.|  |  |  | |  |\  \\___.
      /__/     \__\ | _| `._____| \______||__|  |__| | _| `._____|
    
Logging With ArchR!

Start Time : 2024-04-05 15:05:20

------- ArchR Info

ArchRThreads = 1

------- System Info

Computer OS = unix
Total Cores = 48

------- Session Info

R version 4.1.3 (2022-03-10)
Platform: x86_64-conda-linux-gnu (64-bit)
Running under: Red Hat Enterprise Linux

Matrix products: default
BLAS/LAPACK: /storage/chen/home/u250758/miniconda3/envs/archr/lib/libopenblasp-r0.3.23.so

locale:
 [1] LC_CTYPE=en_US.UTF-8 LC_NUMERIC=C         LC_TIME=C           
 [4] LC_COLLATE=C         LC_MONETARY=C        LC_MESSAGES=C       
 [7] LC_PAPER=C           LC_NAME=C            LC_ADDRESS=C        
[10] LC_TELEPHONE=C       LC_MEASUREMENT=C     LC_IDENTIFICATION=C 

attached base packages:
 [1] grid      parallel  stats4    stats     graphics  grDevices utils    
 [8] datasets  methods   base     

other attached packages:
 [1] presto_1.0.0                Rcpp_1.0.11                
 [3] nabor_0.5.0                 gridExtra_2.3              
 [5] ArchR_1.0.1                 magrittr_2.0.3             
 [7] rhdf5_2.38.1                Matrix_1.6-1               
 [9] data.table_1.14.8           SummarizedExperiment_1.24.0
[11] Biobase_2.54.0              GenomicRanges_1.46.1       
[13] GenomeInfoDb_1.30.1         IRanges_2.28.0             
[15] S4Vectors_0.32.4            BiocGenerics_0.40.0        
[17] MatrixGenerics_1.6.0        matrixStats_1.0.0          
[19] ggplot2_3.4.3              

loaded via a namespace (and not attached):
 [1] plyr_1.8.8             pillar_1.9.0           compiler_4.1.3        
 [4] XVector_0.34.0         rhdf5filters_1.6.0     bitops_1.0-7          
 [7] tools_4.1.3            zlibbioc_1.40.0        lifecycle_1.0.3       
[10] tibble_3.2.1           gtable_0.3.4           lattice_0.21-8        
[13] pkgconfig_2.0.3        rlang_1.1.1            DelayedArray_0.20.0   
[16] cli_3.6.1              hexbin_1.28.3          GenomeInfoDbData_1.2.7
[19] stringr_1.5.0          withr_2.5.0            dplyr_1.1.3           
[22] gtools_3.9.4           generics_0.1.3         vctrs_0.6.3           
[25] tidyselect_1.2.0       glue_1.6.2             R6_2.5.1              
[28] fansi_1.0.4            purrr_1.0.2            farver_2.1.1          
[31] Rhdf5lib_1.16.0        codetools_0.2-19       scales_1.2.1          
[34] colorspace_2.1-0       labeling_0.4.3         utf8_1.2.3            
[37] stringi_1.7.12         RCurl_1.98-1.12        munsell_0.5.0         


------- Log Info


2024-04-05 15:05:20 : markerHeatmap Input-Parameters, Class = list

markerHeatmap Input-Parameters$seMarker: length = 24919
class: SummarizedExperiment 
dim: 6 9 
metadata(2): MatchInfo Params
assays(7): Log2FC Mean ... AUC MeanBGD
rownames(6): 1 2 ... 5 6
rowData names(6): seqnames start ... name idx
colnames(9): AC BC ... RGC Rod
colData names(0):


markerHeatmap Input-Parameters$cutOff: length = 1
[1] "FDR <= 0.01 & Log2FC >= 1.25"


markerHeatmap Input-Parameters$log2Norm: length = 1
[1] TRUE


markerHeatmap Input-Parameters$scaleTo: length = 1
[1] 10000


markerHeatmap Input-Parameters$scaleRows: length = 1
[1] TRUE


markerHeatmap Input-Parameters$plotLog2FC: length = 1
[1] FALSE


markerHeatmap Input-Parameters$limits: length = 2
[1] -2  2


markerHeatmap Input-Parameters$grepExclude: length = 0
NULL


markerHeatmap Input-Parameters$pal: length = 0
NULL


markerHeatmap Input-Parameters$binaryClusterRows: length = 1
[1] TRUE


markerHeatmap Input-Parameters$clusterCols: length = 1
[1] TRUE


markerHeatmap Input-Parameters$labelMarkers: length = 20
[1] "RHO"   "RCVRN" "CRX"   "PROM1" "ARR3"  "OTX2" 


markerHeatmap Input-Parameters$nLabel: length = 1
[1] 15


markerHeatmap Input-Parameters$nPrint: length = 1
[1] 15


markerHeatmap Input-Parameters$labelRows: length = 1
[1] FALSE


markerHeatmap Input-Parameters$returnMatrix: length = 1
[1] FALSE


markerHeatmap Input-Parameters$transpose: length = 1
[1] TRUE


markerHeatmap Input-Parameters$invert: length = 1
[1] FALSE


markerHeatmap Input-Parameters$logFile: length = 1
[1] "ArchRLogs/ArchR-plotMarkerHeatmap-949f7d0cf0a3-Date-2024-04-05_Time-15-05-20.log"



2024-04-05 15:05:21 : passMat, Class = matrix
 
2024-04-05 15:05:21 : passMat, Class = array
     AC    BC  Cone    HC    MG
1 FALSE FALSE FALSE FALSE FALSE
2 FALSE FALSE FALSE FALSE FALSE
3 FALSE FALSE FALSE FALSE FALSE
4 FALSE FALSE FALSE FALSE FALSE
5 FALSE FALSE FALSE FALSE FALSE

passMat: nRows = 24919, nCols = 9


2024-04-05 15:05:21 : mat, Class = matrix
 
2024-04-05 15:05:21 : mat, Class = array
         AC         BC       Cone          HC         MG
1       NaN        NaN        NaN         NaN        NaN
2       NaN        NaN        NaN         NaN        NaN
3       NaN        NaN        NaN         NaN        NaN
4 -1.341019 -0.7356496 -0.8386489  0.99155192  0.4944621
5  1.358135  0.1129382  1.3385165 -0.09517579 -1.1352305

mat: nRows = 24919, nCols = 9


2024-04-05 15:05:21 : mat-plot, Class = matrix
 
2024-04-05 15:05:21 : mat-plot, Class = array
                AC         BC        Cone        HC         MG
MIR181B1  2.000000 -0.7328088 -0.63024857 0.9350605 -0.7035832
ANGPT4    1.221635 -0.7976928 -0.57321587 1.0905730 -0.9026213
PSMB5     1.841388 -0.6880263  0.02963149 0.1096075 -0.8780774
MIR4528   1.857491 -0.2942009 -0.65260766 1.0833362 -0.6189729
MYT1L-AS1 1.638756 -0.5230912 -0.81659128 0.9175254 -0.6525339

mat-plot: nRows = 386, nCols = 9


------- Completed

End Time : 2024-04-05 15:05:23
Elapsed Time Minutes = 0.0505019068717957
Elapsed Time Hours = 0.000841769443617927

-------



