
           ___      .______        ______  __    __  .______      
          /   \     |   _  \      /      ||  |  |  | |   _  \     
         /  ^  \    |  |_)  |    |  ,----'|  |__|  | |  |_)  |    
        /  /_\  \   |      /     |  |     |   __   | |      /     
       /  _____  \  |  |\  \\___ |  `----.|  |  |  | |  |\  \\___.
      /__/     \__\ | _| `._____| \______||__|  |__| | _| `._____|
    
Logging With ArchR!

Start Time : 2024-04-10 17:13:37

------- ArchR Info

ArchRThreads = 8

------- System Info

Computer OS = unix
Total Cores = 16

------- Session Info

R version 4.1.3 (2022-03-10)
Platform: x86_64-conda-linux-gnu (64-bit)
Running under: Red Hat Enterprise Linux

Matrix products: default
BLAS/LAPACK: /storage/chen/home/u250758/miniconda3/envs/archr/lib/libopenblasp-r0.3.23.so

locale:
 [1] LC_CTYPE=en_US.UTF-8 LC_NUMERIC=C         LC_TIME=C           
 [4] LC_COLLATE=C         LC_MONETARY=C        LC_MESSAGES=C       
 [7] LC_PAPER=C           LC_NAME=C            LC_ADDRESS=C        
[10] LC_TELEPHONE=C       LC_MEASUREMENT=C     LC_IDENTIFICATION=C 

attached base packages:
[1] parallel  stats4    stats     graphics  grDevices utils     datasets 
[8] methods   base     

other attached packages:
 [1] ArchR_1.0.1                 magrittr_2.0.3             
 [3] rhdf5_2.38.1                Matrix_1.6-1               
 [5] data.table_1.14.8           SummarizedExperiment_1.24.0
 [7] Biobase_2.54.0              GenomicRanges_1.46.1       
 [9] GenomeInfoDb_1.30.1         IRanges_2.28.0             
[11] S4Vectors_0.32.4            BiocGenerics_0.40.0        
[13] MatrixGenerics_1.6.0        matrixStats_1.0.0          
[15] ggplot2_3.4.3              

loaded via a namespace (and not attached):
 [1] Rcpp_1.0.11            pillar_1.9.0           compiler_4.1.3        
 [4] XVector_0.34.0         rhdf5filters_1.6.0     bitops_1.0-7          
 [7] tools_4.1.3            zlibbioc_1.40.0        lifecycle_1.0.3       
[10] tibble_3.2.1           gtable_0.3.4           lattice_0.21-8        
[13] pkgconfig_2.0.3        rlang_1.1.1            DelayedArray_0.20.0   
[16] cli_3.6.1              GenomeInfoDbData_1.2.7 stringr_1.5.0         
[19] withr_2.5.0            dplyr_1.1.3            gtools_3.9.4          
[22] generics_0.1.3         vctrs_0.6.3            grid_4.1.3            
[25] tidyselect_1.2.0       glue_1.6.2             R6_2.5.1              
[28] fansi_1.0.4            Rhdf5lib_1.16.0        scales_1.2.1          
[31] colorspace_2.1-0       utf8_1.2.3             stringi_1.7.12        
[34] RCurl_1.98-1.12        munsell_0.5.0         


------- Log Info


2024-04-10 17:13:37 : Input-Parameters, Class = list

Input-Parameters$ArchRProj: length = 1

Input-Parameters$embedding: length = 1
[1] "HarmUMAP"


Input-Parameters$colorBy: length = 1
[1] "cellColData"


Input-Parameters$name: length = 1
[1] "predictedGroup_Un"


Input-Parameters$log2Norm: length = 0
NULL


Input-Parameters$imputeWeights: length = 0
NULL


Input-Parameters$pal: length = 0
NULL


Input-Parameters$size: length = 1
[1] 0.1


Input-Parameters$sampleCells: length = 0
NULL


Input-Parameters$highlightCells: length = 0
NULL


Input-Parameters$rastr: length = 1
[1] TRUE


Input-Parameters$quantCut: length = 2
[1] 0.01 0.99


Input-Parameters$discreteSet: length = 0
NULL


Input-Parameters$continuousSet: length = 0
NULL


Input-Parameters$randomize: length = 1
[1] TRUE


Input-Parameters$keepAxis: length = 1
[1] FALSE


Input-Parameters$baseSize: length = 1
[1] 10


Input-Parameters$plotAs: length = 0
NULL


Input-Parameters$threads: length = 1
[1] 8


Input-Parameters$logFile: length = 1
[1] "ArchRLogs/ArchR-plotEmbedding-63523596ef13-Date-2024-04-10_Time-17-13-37.log"



2024-04-10 17:13:37 : Getting UMAP Embedding

2024-04-10 17:13:37 : Embedding data.frame, Class = data.frame
Embedding data.frame: nRows = 209091, nCols = 2
                                Harmony#UMAP_Dimension_1
Multi_H9_D35#TTGGATCAGGGTCTAT-1              -4.28139635
Multi_H9_D35#AACCTTGCATCGCTTT-1              -3.42044254
Multi_H9_D35#CATCAATCATATAACC-1              -1.61457439
Multi_H9_D35#CCCGCAACAGCCAGAA-1              -3.01133009
Multi_H9_D35#AGTCCTGAGCTCCTAC-1               0.06501107
Multi_H9_D35#GTCATTAAGGATCCGC-1              -1.61650129
                                Harmony#UMAP_Dimension_2
Multi_H9_D35#TTGGATCAGGGTCTAT-1                1.6876802
Multi_H9_D35#AACCTTGCATCGCTTT-1                3.6580894
Multi_H9_D35#CATCAATCATATAACC-1               -1.5211041
Multi_H9_D35#CCCGCAACAGCCAGAA-1               -3.8617024
Multi_H9_D35#AGTCCTGAGCTCCTAC-1               -0.8664352
Multi_H9_D35#GTCATTAAGGATCCGC-1               -4.2374019



2024-04-10 17:13:38 : ColorBy = cellColData

2024-04-10 17:13:38 : ColorParams 1, Class = list

ColorParams 1$color: length = 209091
[1] "PRPC" "PRPC" "PRPC" "PRPC" "PRPC" "RGC" 


ColorParams 1$discrete: length = 1
[1] TRUE


ColorParams 1$continuousSet: length = 1
[1] "solarExtra"


ColorParams 1$discreteSet: length = 1
[1] "stallion"


ColorParams 1$title: length = 1
[1] "HarmUMAP of Harmony  colored by\ncolData :  predictedGroup_Un"



2024-04-10 17:13:38 : PlotParams-1, Class = list

PlotParams-1$color: length = 209091
[1] "PRPC" "PRPC" "PRPC" "PRPC" "PRPC" "RGC" 


PlotParams-1$discrete: length = 1
[1] TRUE


PlotParams-1$continuousSet: length = 1
[1] "solarExtra"


PlotParams-1$discreteSet: length = 1
[1] "stallion"


PlotParams-1$title: length = 1
[1] "HarmUMAP of Harmony  colored by\ncolData :  predictedGroup_Un"


PlotParams-1$x: length = 209091
[1] -4.28139635 -3.42044254 -1.61457439 -3.01133009  0.06501107 -1.61650129


PlotParams-1$y: length = 209091
[1]  1.6876802  3.6580894 -1.5211041 -3.8617024 -0.8664352 -4.2374019


PlotParams-1$baseSize: length = 1
[1] 10


PlotParams-1$xlabel: length = 1
[1] "UMAP Dimension 1"


PlotParams-1$ylabel: length = 1
[1] "UMAP Dimension 2"


PlotParams-1$rastr: length = 1
[1] TRUE


PlotParams-1$size: length = 1
[1] 0.1


PlotParams-1$randomize: length = 1
[1] TRUE



------- Completed

End Time : 2024-04-10 17:13:39
Elapsed Time Minutes = 0.0342194557189941
Elapsed Time Hours = 0.000570373402701484

-------



