
           ___      .______        ______  __    __  .______      
          /   \     |   _  \      /      ||  |  |  | |   _  \     
         /  ^  \    |  |_)  |    |  ,----'|  |__|  | |  |_)  |    
        /  /_\  \   |      /     |  |     |   __   | |      /     
       /  _____  \  |  |\  \\___ |  `----.|  |  |  | |  |\  \\___.
      /__/     \__\ | _| `._____| \______||__|  |__| | _| `._____|
    
Logging With ArchR!

Start Time : 2024-03-27 13:55:14

------- ArchR Info

ArchRThreads = 8
ArchRGenome = Hg38

------- System Info

Computer OS = unix
Total Cores = 48

------- Session Info

R version 4.1.3 (2022-03-10)
Platform: x86_64-conda-linux-gnu (64-bit)
Running under: Red Hat Enterprise Linux

Matrix products: default
BLAS/LAPACK: /storage/chen/home/u250758/miniconda3/envs/archr/lib/libopenblasp-r0.3.23.so

locale:
 [1] LC_CTYPE=en_US.UTF-8 LC_NUMERIC=C         LC_TIME=C           
 [4] LC_COLLATE=C         LC_MONETARY=C        LC_MESSAGES=C       
 [7] LC_PAPER=C           LC_NAME=C            LC_ADDRESS=C        
[10] LC_TELEPHONE=C       LC_MEASUREMENT=C     LC_IDENTIFICATION=C 

attached base packages:
[1] parallel  stats4    stats     graphics  grDevices utils     datasets 
[8] methods   base     

other attached packages:
 [1] BSgenome.Hsapiens.UCSC.hg38_1.4.4 BSgenome_1.62.0                  
 [3] rtracklayer_1.54.0                Biostrings_2.62.0                
 [5] XVector_0.34.0                    ArchR_1.0.1                      
 [7] magrittr_2.0.3                    rhdf5_2.38.1                     
 [9] Matrix_1.6-1                      data.table_1.14.8                
[11] SummarizedExperiment_1.24.0       Biobase_2.54.0                   
[13] GenomicRanges_1.46.1              GenomeInfoDb_1.30.1              
[15] IRanges_2.28.0                    S4Vectors_0.32.4                 
[17] BiocGenerics_0.40.0               MatrixGenerics_1.6.0             
[19] matrixStats_1.0.0                 ggplot2_3.4.3                    

loaded via a namespace (and not attached):
 [1] tidyselect_1.2.0         lattice_0.21-8           colorspace_2.1-0        
 [4] vctrs_0.6.3              generics_0.1.3           yaml_2.3.7              
 [7] utf8_1.2.3               XML_3.99-0.14            rlang_1.1.1             
[10] pillar_1.9.0             glue_1.6.2               withr_2.5.0             
[13] BiocParallel_1.28.3      GenomeInfoDbData_1.2.7   lifecycle_1.0.3         
[16] stringr_1.5.0            zlibbioc_1.40.0          munsell_0.5.0           
[19] gtable_0.3.4             restfulr_0.0.15          fansi_1.0.4             
[22] Rcpp_1.0.11              scales_1.2.1             DelayedArray_0.20.0     
[25] Rsamtools_2.10.0         rjson_0.2.21             stringi_1.7.12          
[28] dplyr_1.1.3              BiocIO_1.4.0             grid_4.1.3              
[31] cli_3.6.1                tools_4.1.3              bitops_1.0-7            
[34] rhdf5filters_1.6.0       RCurl_1.98-1.12          tibble_3.2.1            
[37] crayon_1.5.2             pkgconfig_2.0.3          Rhdf5lib_1.16.0         
[40] R6_2.5.1                 GenomicAlignments_1.30.0 compiler_4.1.3          


------- Log Info


2024-03-27 13:55:14 : addDoubletScores Input-Parameters, Class = list

addDoubletScores Input-Parameters$input: length = 18
[1] "wt5-1.arrow"                   "wt5-2.arrow"                  
[3] "Multi_organoid_D183.arrow"     "Multi_organoid_NRL_D243.arrow"
[5] "wt20-1.arrow"                  "Multi_organoid_NRL_D206.arrow"


addDoubletScores Input-Parameters$useMatrix: length = 1
[1] "TileMatrix"


addDoubletScores Input-Parameters$k: length = 1
[1] 10


addDoubletScores Input-Parameters$nTrials: length = 1
[1] 5


addDoubletScores Input-Parameters$dimsToUse: length = 30
[1] 1 2 3 4 5 6


addDoubletScores Input-Parameters$LSIMethod: length = 1
[1] 1


addDoubletScores Input-Parameters$scaleDims: length = 1
[1] FALSE


addDoubletScores Input-Parameters$corCutOff: length = 1
[1] 0.75


addDoubletScores Input-Parameters$knnMethod: length = 1
[1] "UMAP"


addDoubletScores Input-Parameters$outDir: length = 1
[1] "QualityControl"


addDoubletScores Input-Parameters$threads: length = 1
[1] 8


addDoubletScores Input-Parameters$force: length = 1
[1] FALSE


addDoubletScores Input-Parameters$parallelParam: length = 0
NULL


addDoubletScores Input-Parameters$verbose: length = 1
[1] TRUE


addDoubletScores Input-Parameters$logFile: length = 1
[1] "ArchRLogs/ArchR-addDoubletScores-18ac3fd988a7-Date-2024-03-27_Time-13-55-14.log"


2024-03-27 13:55:14 : Batch Execution w/ safelapply!, 0 mins elapsed.
