
           ___      .______        ______  __    __  .______      
          /   \     |   _  \      /      ||  |  |  | |   _  \     
         /  ^  \    |  |_)  |    |  ,----'|  |__|  | |  |_)  |    
        /  /_\  \   |      /     |  |     |   __   | |      /     
       /  _____  \  |  |\  \\___ |  `----.|  |  |  | |  |\  \\___.
      /__/     \__\ | _| `._____| \______||__|  |__| | _| `._____|
    
Logging With ArchR!

Start Time : 2024-04-10 16:11:27

------- ArchR Info

ArchRThreads = 8

------- System Info

Computer OS = unix
Total Cores = 16

------- Session Info

R version 4.1.3 (2022-03-10)
Platform: x86_64-conda-linux-gnu (64-bit)
Running under: Red Hat Enterprise Linux

Matrix products: default
BLAS/LAPACK: /storage/chen/home/u250758/miniconda3/envs/archr/lib/libopenblasp-r0.3.23.so

locale:
 [1] LC_CTYPE=en_US.UTF-8 LC_NUMERIC=C         LC_TIME=C           
 [4] LC_COLLATE=C         LC_MONETARY=C        LC_MESSAGES=C       
 [7] LC_PAPER=C           LC_NAME=C            LC_ADDRESS=C        
[10] LC_TELEPHONE=C       LC_MEASUREMENT=C     LC_IDENTIFICATION=C 

attached base packages:
 [1] grid      parallel  stats4    stats     graphics  grDevices utils    
 [8] datasets  methods   base     

other attached packages:
 [1] circlize_0.4.15             ComplexHeatmap_2.10.0      
 [3] nabor_0.5.0                 ArchR_1.0.1                
 [5] magrittr_2.0.3              rhdf5_2.38.1               
 [7] Matrix_1.6-1                data.table_1.14.8          
 [9] SummarizedExperiment_1.24.0 Biobase_2.54.0             
[11] GenomicRanges_1.46.1        GenomeInfoDb_1.30.1        
[13] IRanges_2.28.0              S4Vectors_0.32.4           
[15] BiocGenerics_0.40.0         MatrixGenerics_1.6.0       
[17] matrixStats_1.0.0           ggplot2_3.4.3              

loaded via a namespace (and not attached):
 [1] shape_1.4.6            gtools_3.9.4           GetoptLong_1.0.5      
 [4] tidyselect_1.2.0       lattice_0.21-8         colorspace_2.1-0      
 [7] vctrs_0.6.3            generics_0.1.3         utf8_1.2.3            
[10] rlang_1.1.1            pillar_1.9.0           glue_1.6.2            
[13] withr_2.5.0            RColorBrewer_1.1-3     GenomeInfoDbData_1.2.7
[16] foreach_1.5.2          lifecycle_1.0.3        plyr_1.8.8            
[19] stringr_1.5.0          zlibbioc_1.40.0        munsell_0.5.0         
[22] gtable_0.3.4           GlobalOptions_0.1.2    codetools_0.2-19      
[25] doParallel_1.0.17      fansi_1.0.4            Rcpp_1.0.11           
[28] scales_1.2.1           DelayedArray_0.20.0    XVector_0.34.0        
[31] rjson_0.2.21           png_0.1-8              digest_0.6.33         
[34] stringi_1.7.12         dplyr_1.1.3            clue_0.3-64           
[37] cli_3.6.1              tools_4.1.3            bitops_1.0-7          
[40] rhdf5filters_1.6.0     RCurl_1.98-1.12        tibble_3.2.1          
[43] cluster_2.1.4          crayon_1.5.2           pkgconfig_2.0.3       
[46] iterators_1.0.14       Rhdf5lib_1.16.0        R6_2.5.1              
[49] compiler_4.1.3        


------- Log Info


2024-04-10 16:11:32 : markerHeatmap Input-Parameters, Class = list

markerHeatmap Input-Parameters$seMarker: length = 20
class: SummarizedExperiment 
dim: 6 9 
metadata(2): MatchInfo Params
assays(7): Log2FC Mean ... AUC MeanBGD
rownames(6): 2623 7141 ... 8383 9750
rowData names(6): seqnames start ... name idx
colnames(9): AC BC ... RGC Rod
colData names(0):


markerHeatmap Input-Parameters$cutOff: length = 1
[1] "FDR <=1 & Log2FC >= 0"


markerHeatmap Input-Parameters$log2Norm: length = 1
[1] TRUE


markerHeatmap Input-Parameters$scaleTo: length = 1
[1] 10000


markerHeatmap Input-Parameters$scaleRows: length = 1
[1] TRUE


markerHeatmap Input-Parameters$plotLog2FC: length = 1
[1] FALSE


markerHeatmap Input-Parameters$limits: length = 2
[1] -2  2


markerHeatmap Input-Parameters$grepExclude: length = 0
NULL


markerHeatmap Input-Parameters$pal: length = 0
NULL


markerHeatmap Input-Parameters$binaryClusterRows: length = 1
[1] FALSE


markerHeatmap Input-Parameters$clusterCols: length = 1
[1] FALSE


markerHeatmap Input-Parameters$labelMarkers: length = 20
[1] "RHO"   "RCVRN" "CRX"   "PROM1" "ARR3"  "OTX2" 


markerHeatmap Input-Parameters$nLabel: length = 1
[1] 15


markerHeatmap Input-Parameters$nPrint: length = 1
[1] 15


markerHeatmap Input-Parameters$labelRows: length = 1
[1] FALSE


markerHeatmap Input-Parameters$returnMatrix: length = 1
[1] FALSE


markerHeatmap Input-Parameters$transpose: length = 1
[1] TRUE


markerHeatmap Input-Parameters$invert: length = 1
[1] FALSE


markerHeatmap Input-Parameters$logFile: length = 1
[1] "ArchRLogs/ArchR-plotMarkerHeatmap-3b922383322f-Date-2024-04-10_Time-16-11-27.log"



2024-04-10 16:11:32 : passMat, Class = matrix
 
2024-04-10 16:11:32 : passMat, Class = array
        AC    BC  Cone    HC    MG
2623  TRUE  TRUE FALSE  TRUE FALSE
7141 FALSE  TRUE  TRUE FALSE FALSE
7295 FALSE  TRUE FALSE FALSE  TRUE
8024 FALSE  TRUE  TRUE  TRUE FALSE
8383 FALSE FALSE FALSE FALSE  TRUE

passMat: nRows = 20, nCols = 9


2024-04-10 16:11:32 : mat, Class = matrix
 
2024-04-10 16:11:32 : mat, Class = array
             AC          BC       Cone         HC         MG
2623  1.1640101 -0.06509295 -1.2460565  0.9277033 -0.4445134
7141 -0.7646530  1.41467142  1.1823883 -1.1000464 -1.2037212
7295 -0.3883766  1.46714151 -1.3879168 -0.9118462  0.5957962
8024 -0.1370079 -0.88836502 -0.1501194  2.0000000 -0.4664896
8383 -0.9543048 -0.21659222 -0.8984495 -0.2662797  2.0000000

mat: nRows = 20, nCols = 9


2024-04-10 16:11:32 : mat-plot, Class = matrix
 
2024-04-10 16:11:32 : mat-plot, Class = array
                AC          BC       Cone         HC         MG
GAD2     1.1640101 -0.06509295 -1.2460565  0.9277033 -0.4445134
OTX2    -0.7646530  1.41467142  1.1823883 -1.1000464 -1.2037212
VSX2    -0.3883766  1.46714151 -1.3879168 -0.9118462  0.5957962
ONECUT1 -0.1370079 -0.88836502 -0.1501194  2.0000000 -0.4664896
RLBP1   -0.9543048 -0.21659222 -0.8984495 -0.2662797  2.0000000

mat-plot: nRows = 20, nCols = 9


------- Completed

End Time : 2024-04-10 16:11:32
Elapsed Time Minutes = 0.0991073330243429
Elapsed Time Hours = 0.00165185517734951

-------



