
           ___      .______        ______  __    __  .______      
          /   \     |   _  \      /      ||  |  |  | |   _  \     
         /  ^  \    |  |_)  |    |  ,----'|  |__|  | |  |_)  |    
        /  /_\  \   |      /     |  |     |   __   | |      /     
       /  _____  \  |  |\  \\___ |  `----.|  |  |  | |  |\  \\___.
      /__/     \__\ | _| `._____| \______||__|  |__| | _| `._____|
    
Logging With ArchR!

Start Time : 2024-04-02 13:11:29

------- ArchR Info

ArchRThreads = 1

------- System Info

Computer OS = unix
Total Cores = 48

------- Session Info

R version 4.1.3 (2022-03-10)
Platform: x86_64-conda-linux-gnu (64-bit)
Running under: Red Hat Enterprise Linux

Matrix products: default
BLAS/LAPACK: /storage/chen/home/u250758/miniconda3/envs/archr/lib/libopenblasp-r0.3.23.so

locale:
 [1] LC_CTYPE=en_US.UTF-8 LC_NUMERIC=C         LC_TIME=C           
 [4] LC_COLLATE=C         LC_MONETARY=C        LC_MESSAGES=C       
 [7] LC_PAPER=C           LC_NAME=C            LC_ADDRESS=C        
[10] LC_TELEPHONE=C       LC_MEASUREMENT=C     LC_IDENTIFICATION=C 

attached base packages:
 [1] grid      parallel  stats4    stats     graphics  grDevices utils    
 [8] datasets  methods   base     

other attached packages:
 [1] gridExtra_2.3               uwot_0.1.16                
 [3] nabor_0.5.0                 SeuratObject_4.1.3         
 [5] Seurat_4.3.0                ArchR_1.0.1                
 [7] magrittr_2.0.3              rhdf5_2.38.1               
 [9] Matrix_1.6-1                data.table_1.14.8          
[11] SummarizedExperiment_1.24.0 Biobase_2.54.0             
[13] GenomicRanges_1.46.1        GenomeInfoDb_1.30.1        
[15] IRanges_2.28.0              S4Vectors_0.32.4           
[17] BiocGenerics_0.40.0         MatrixGenerics_1.6.0       
[19] matrixStats_1.0.0           ggplot2_3.4.3              

loaded via a namespace (and not attached):
  [1] Rtsne_0.16             colorspace_2.1-0       deldir_1.0-9          
  [4] ellipsis_0.3.2         ggridges_0.5.4         XVector_0.34.0        
  [7] spatstat.data_3.0-1    farver_2.1.1           leiden_0.4.3          
 [10] listenv_0.9.0          ggrepel_0.9.3          fansi_1.0.4           
 [13] codetools_0.2-19       splines_4.1.3          polyclip_1.10-4       
 [16] jsonlite_1.8.7         ica_1.0-3              cluster_2.1.4         
 [19] png_0.1-8              spatstat.sparse_3.0-1  shiny_1.7.5           
 [22] sctransform_0.3.5      compiler_4.1.3         httr_1.4.7            
 [25] fastmap_1.1.1          lazyeval_0.2.2         cli_3.6.1             
 [28] later_1.3.1            htmltools_0.5.6        tools_4.1.3           
 [31] igraph_1.4.3           gtable_0.3.4           glue_1.6.2            
 [34] GenomeInfoDbData_1.2.7 RANN_2.6.1             reshape2_1.4.4        
 [37] dplyr_1.1.3            Rcpp_1.0.11            scattermore_1.1       
 [40] vctrs_0.6.3            rhdf5filters_1.6.0     nlme_3.1-163          
 [43] spatstat.explore_3.2-1 progressr_0.13.0       lmtest_0.9-40         
 [46] spatstat.random_3.1-5  stringr_1.5.0          globals_0.16.2        
 [49] mime_0.12              miniUI_0.1.1.1         lifecycle_1.0.3       
 [52] irlba_2.3.5.1          gtools_3.9.4           goftest_1.2-3         
 [55] future_1.32.0          zlibbioc_1.40.0        MASS_7.3-60           
 [58] zoo_1.8-12             scales_1.2.1           promises_1.2.1        
 [61] spatstat.utils_3.0-3   RColorBrewer_1.1-3     reticulate_1.30       
 [64] pbapply_1.7-0          stringi_1.7.12         rlang_1.1.1           
 [67] pkgconfig_2.0.3        bitops_1.0-7           lattice_0.21-8        
 [70] tensor_1.5             ROCR_1.0-11            purrr_1.0.2           
 [73] Rhdf5lib_1.16.0        labeling_0.4.3         patchwork_1.1.2       
 [76] htmlwidgets_1.6.2      cowplot_1.1.1          tidyselect_1.2.0      
 [79] parallelly_1.36.0      RcppAnnoy_0.0.20       plyr_1.8.8            
 [82] R6_2.5.1               generics_0.1.3         DelayedArray_0.20.0   
 [85] pillar_1.9.0           withr_2.5.0            fitdistrplus_1.1-11   
 [88] abind_1.4-5            survival_3.5-5         RCurl_1.98-1.12       
 [91] sp_1.6-1               tibble_3.2.1           future.apply_1.11.0   
 [94] KernSmooth_2.23-21     utf8_1.2.3             spatstat.geom_3.2-1   
 [97] plotly_4.10.2          digest_0.6.33          xtable_1.8-4          
[100] tidyr_1.3.0            httpuv_1.6.11          munsell_0.5.0         
[103] viridisLite_0.4.2     


------- Log Info


2024-04-02 13:11:29 : Input-Parameters, Class = list

Input-Parameters$ArchRProj: length = 1

Input-Parameters$embedding: length = 1
[1] "UMAP"


Input-Parameters$colorBy: length = 1
[1] "cellColData"


Input-Parameters$name: length = 1
[1] "Clusters0.5"


Input-Parameters$log2Norm: length = 0
NULL


Input-Parameters$imputeWeights: length = 0
NULL


Input-Parameters$pal: length = 0
NULL


Input-Parameters$size: length = 1
[1] 0.1


Input-Parameters$sampleCells: length = 0
NULL


Input-Parameters$highlightCells: length = 0
NULL


Input-Parameters$rastr: length = 1
[1] TRUE


Input-Parameters$quantCut: length = 2
[1] 0.01 0.99


Input-Parameters$discreteSet: length = 0
NULL


Input-Parameters$continuousSet: length = 0
NULL


Input-Parameters$randomize: length = 1
[1] TRUE


Input-Parameters$keepAxis: length = 1
[1] FALSE


Input-Parameters$baseSize: length = 1
[1] 10


Input-Parameters$plotAs: length = 0
NULL


Input-Parameters$threads: length = 1
[1] 1


Input-Parameters$logFile: length = 1
[1] "ArchRLogs/ArchR-plotEmbedding-8992416d22f-Date-2024-04-02_Time-13-11-29.log"



2024-04-02 13:11:29 : Getting UMAP Embedding

2024-04-02 13:11:29 : Embedding data.frame, Class = data.frame
Embedding data.frame: nRows = 209091, nCols = 2
                                IterativeLSI#UMAP_Dimension_1
Multi_H9_D35#TTGGATCAGGGTCTAT-1                     5.0708557
Multi_H9_D35#AACCTTGCATCGCTTT-1                     6.0156885
Multi_H9_D35#CATCAATCATATAACC-1                     1.9766741
Multi_H9_D35#CCCGCAACAGCCAGAA-1                     0.6560911
Multi_H9_D35#AGTCCTGAGCTCCTAC-1                     2.3640109
Multi_H9_D35#GTCATTAAGGATCCGC-1                     2.6946962
                                IterativeLSI#UMAP_Dimension_2
Multi_H9_D35#TTGGATCAGGGTCTAT-1                     6.2174748
Multi_H9_D35#AACCTTGCATCGCTTT-1                     4.2164400
Multi_H9_D35#CATCAATCATATAACC-1                     4.7480181
Multi_H9_D35#CCCGCAACAGCCAGAA-1                     1.4003843
Multi_H9_D35#AGTCCTGAGCTCCTAC-1                     3.6814121
Multi_H9_D35#GTCATTAAGGATCCGC-1                     0.6343063



2024-04-02 13:11:29 : ColorBy = cellColData

2024-04-02 13:11:30 : ColorParams 1, Class = list

ColorParams 1$color: length = 209091
[1] "C9"  "C9"  "C10" "C22" "C10" "C16"


ColorParams 1$discrete: length = 1
[1] TRUE


ColorParams 1$continuousSet: length = 1
[1] "solarExtra"


ColorParams 1$discreteSet: length = 1
[1] "stallion"


ColorParams 1$title: length = 1
[1] "UMAP of IterativeLSI  colored by\ncolData :  Clusters0.5"



2024-04-02 13:11:30 : PlotParams-1, Class = list

PlotParams-1$color: length = 209091
[1] "C9"  "C9"  "C10" "C22" "C10" "C16"


PlotParams-1$discrete: length = 1
[1] TRUE


PlotParams-1$continuousSet: length = 1
[1] "solarExtra"


PlotParams-1$discreteSet: length = 1
[1] "stallion"


PlotParams-1$title: length = 1
[1] "UMAP of IterativeLSI  colored by\ncolData :  Clusters0.5"


PlotParams-1$x: length = 209091
[1] 5.0708557 6.0156885 1.9766741 0.6560911 2.3640109 2.6946962


PlotParams-1$y: length = 209091
[1] 6.2174748 4.2164400 4.7480181 1.4003843 3.6814121 0.6343063


PlotParams-1$baseSize: length = 1
[1] 10


PlotParams-1$xlabel: length = 1
[1] "UMAP Dimension 1"


PlotParams-1$ylabel: length = 1
[1] "UMAP Dimension 2"


PlotParams-1$rastr: length = 1
[1] TRUE


PlotParams-1$size: length = 1
[1] 0.1


PlotParams-1$randomize: length = 1
[1] TRUE



------- Completed

End Time : 2024-04-02 13:11:30
Elapsed Time Minutes = 0.0271514256795247
Elapsed Time Hours = 0.000452600452635023

-------



