
           ___      .______        ______  __    __  .______      
          /   \     |   _  \      /      ||  |  |  | |   _  \     
         /  ^  \    |  |_)  |    |  ,----'|  |__|  | |  |_)  |    
        /  /_\  \   |      /     |  |     |   __   | |      /     
       /  _____  \  |  |\  \\___ |  `----.|  |  |  | |  |\  \\___.
      /__/     \__\ | _| `._____| \______||__|  |__| | _| `._____|
    
Logging With ArchR!

Start Time : 2024-04-02 11:48:29

------- ArchR Info

ArchRThreads = 1

------- System Info

Computer OS = unix
Total Cores = 48

------- Session Info

R version 4.1.3 (2022-03-10)
Platform: x86_64-conda-linux-gnu (64-bit)
Running under: Red Hat Enterprise Linux

Matrix products: default
BLAS/LAPACK: /storage/chen/home/u250758/miniconda3/envs/archr/lib/libopenblasp-r0.3.23.so

locale:
 [1] LC_CTYPE=en_US.UTF-8 LC_NUMERIC=C         LC_TIME=C           
 [4] LC_COLLATE=C         LC_MONETARY=C        LC_MESSAGES=C       
 [7] LC_PAPER=C           LC_NAME=C            LC_ADDRESS=C        
[10] LC_TELEPHONE=C       LC_MEASUREMENT=C     LC_IDENTIFICATION=C 

attached base packages:
[1] parallel  stats4    stats     graphics  grDevices utils     datasets 
[8] methods   base     

other attached packages:
 [1] ArchR_1.0.1                 magrittr_2.0.3             
 [3] rhdf5_2.38.1                Matrix_1.6-1               
 [5] data.table_1.14.8           SummarizedExperiment_1.24.0
 [7] Biobase_2.54.0              GenomicRanges_1.46.1       
 [9] GenomeInfoDb_1.30.1         IRanges_2.28.0             
[11] S4Vectors_0.32.4            BiocGenerics_0.40.0        
[13] MatrixGenerics_1.6.0        matrixStats_1.0.0          
[15] ggplot2_3.4.3              

loaded via a namespace (and not attached):
 [1] Rcpp_1.0.11            pillar_1.9.0           compiler_4.1.3        
 [4] XVector_0.34.0         rhdf5filters_1.6.0     bitops_1.0-7          
 [7] tools_4.1.3            zlibbioc_1.40.0        lifecycle_1.0.3       
[10] tibble_3.2.1           gtable_0.3.4           lattice_0.21-8        
[13] pkgconfig_2.0.3        rlang_1.1.1            DelayedArray_0.20.0   
[16] cli_3.6.1              GenomeInfoDbData_1.2.7 stringr_1.5.0         
[19] withr_2.5.0            dplyr_1.1.3            generics_0.1.3        
[22] vctrs_0.6.3            grid_4.1.3             tidyselect_1.2.0      
[25] glue_1.6.2             R6_2.5.1               fansi_1.0.4           
[28] Rhdf5lib_1.16.0        scales_1.2.1           colorspace_2.1-0      
[31] utf8_1.2.3             stringi_1.7.12         RCurl_1.98-1.12       
[34] munsell_0.5.0         


------- Log Info


2024-04-02 11:48:29 : IterativeLSI Input-Parameters, Class = list

IterativeLSI Input-Parameters$ArchRProj: length = 1

IterativeLSI Input-Parameters$useMatrix: length = 1
[1] "TileMatrix"


IterativeLSI Input-Parameters$name: length = 1
[1] "IterativeLSI"


IterativeLSI Input-Parameters$iterations: length = 1
[1] 2


IterativeLSI Input-Parameters$firstSelection: length = 1
[1] "top"


IterativeLSI Input-Parameters$depthCol: length = 1
[1] "nFrags"


IterativeLSI Input-Parameters$varFeatures: length = 1
[1] 25000


IterativeLSI Input-Parameters$dimsToUse: length = 30
[1] 1 2 3 4 5 6


IterativeLSI Input-Parameters$LSIMethod: length = 1
[1] 2


IterativeLSI Input-Parameters$scaleDims: length = 1
[1] TRUE


IterativeLSI Input-Parameters$corCutOff: length = 1
[1] 0.75


IterativeLSI Input-Parameters$binarize: length = 1
[1] TRUE


IterativeLSI Input-Parameters$outlierQuantiles: length = 2
[1] 0.02 0.98


IterativeLSI Input-Parameters$filterBias: length = 1
[1] TRUE


IterativeLSI Input-Parameters$sampleCellsPre: length = 1
[1] 10000


IterativeLSI Input-Parameters$projectCellsPre: length = 1
[1] FALSE


IterativeLSI Input-Parameters$sampleCellsFinal: length = 0
NULL


IterativeLSI Input-Parameters$selectionMethod: length = 1
[1] "var"


IterativeLSI Input-Parameters$scaleTo: length = 1
[1] 10000


IterativeLSI Input-Parameters$totalFeatures: length = 1
[1] 5e+05


IterativeLSI Input-Parameters$filterQuantile: length = 1
[1] 0.995


IterativeLSI Input-Parameters$excludeChr: length = 0
NULL


IterativeLSI Input-Parameters$saveIterations: length = 1
[1] TRUE


IterativeLSI Input-Parameters$nPlot: length = 1
[1] 10000


IterativeLSI Input-Parameters$outDir: length = 1
[1] "/storage/singlecell/jeanl/organoid/data/archr/proj_all"


IterativeLSI Input-Parameters$threads: length = 1
[1] 1


IterativeLSI Input-Parameters$seed: length = 1
[1] 1


IterativeLSI Input-Parameters$verbose: length = 1
[1] TRUE


IterativeLSI Input-Parameters$force: length = 1
[1] FALSE


IterativeLSI Input-Parameters$logFile: length = 1
[1] "ArchRLogs/ArchR-addIterativeLSI-89977d6162d-Date-2024-04-02_Time-11-48-29.log"


2024-04-02 11:49:28 : Computing Total Across All Features, 0.839 mins elapsed.
2024-04-02 11:49:42 : Computing Top Features, 1.081 mins elapsed.
###########
2024-04-02 11:49:44 : Running LSI (1 of 2) on Top Features, 1.113 mins elapsed.
###########
2024-04-02 11:49:44 : Sampling Cells (N = 10009) for Estimated LSI, 1.116 mins elapsed.
2024-04-02 11:49:44 : Creating Sampled Partial Matrix, 1.116 mins elapsed.
2024-04-02 11:51:08 : Computing Estimated LSI (projectAll = FALSE), 2.503 mins elapsed.

2024-04-02 11:51:08 : LSI Parameters, Class = list

LSI Parameters$: length = 1
                       
1 function (name)      
2 .Internal(args(name))


LSI Parameters$mat: nRows = 25000, nCols = 10009
LSI Parameters$mat: NonZeroEntries = 20029140, EntryRange = [ 1 , 1 ]
5 x 5 sparse Matrix of class "dgCMatrix"
     Multi_H9_D100#AAACCGGCAAGGAATC-1 Multi_H9_D100#AAACGGATCAAGTGTC-1
[1,]                                .                                .
[2,]                                .                                .
[3,]                                .                                .
[4,]                                .                                .
[5,]                                .                                .
     Multi_H9_D100#AAAGCACCAGCTTAGC-1 Multi_H9_D100#AAAGCCCGTTAGTACG-1
[1,]                                .                                .
[2,]                                .                                .
[3,]                                .                                .
[4,]                                .                                .
[5,]                                .                                .
     Multi_H9_D100#AAAGCTTGTACCGTTT-1
[1,]                                .
[2,]                                .
[3,]                                1
[4,]                                .
[5,]                                .


LSI Parameters$LSIMethod: length = 1
[1] 2


LSI Parameters$scaleTo: length = 1
[1] 10000


LSI Parameters$nDimensions: length = 1
[1] 30


LSI Parameters$binarize: length = 1
[1] TRUE


LSI Parameters$outlierQuantiles: length = 2
[1] 0.02 0.98


LSI Parameters$seed: length = 1
[1] 1


LSI Parameters$verbose: length = 1
[1] FALSE


LSI Parameters$tstart: length = 1
[1] "2024-04-02 11:48:37 CDT"


LSI Parameters$logFile: length = 1
[1] "ArchRLogs/ArchR-addIterativeLSI-89977d6162d-Date-2024-04-02_Time-11-48-29.log"


2024-04-02 11:51:09 : Running LSI, Input Matrix = 0.241 GB, 2.522 mins elapsed.
2024-04-02 11:51:09 : Binarizing Matrix, 2.522 mins elapsed.
2024-04-02 11:51:09 : Computing Term Frequency, 2.529 mins elapsed.
2024-04-02 11:51:09 : Filtering Outliers Based On Counts, 2.53 mins elapsed.
2024-04-02 11:51:09 : Removing 0 Sum Rows, 2.534 mins elapsed.
2024-04-02 11:51:10 : Computing Inverse Document Frequency, 2.542 mins elapsed.
2024-04-02 11:51:12 : Computing SVD using irlba, 2.573 mins elapsed.
2024-04-02 11:51:32 : Projecting Outliers with LSI-Projection (Granja* et al 2019), 2.908 mins elapsed.

2024-04-02 11:51:32 : LSI-Projection Parameters, Class = list

LSI-Projection Parameters$: length = 1
                       
1 function (name)      
2 .Internal(args(name))


LSI-Projection Parameters$mat: nRows = 25000, nCols = 10
LSI-Projection Parameters$mat: NonZeroEntries = 17943, EntryRange = [ 1 , 1 ]
5 x 5 sparse Matrix of class "dgCMatrix"
     Multi_H9_D100#AAACCGGCAAGGAATC-1 Multi_H9_D100#AAACGGATCAAGTGTC-1
[1,]                                .                                .
[2,]                                .                                .
[3,]                                .                                .
[4,]                                .                                .
[5,]                                .                                .
     Multi_H9_D100#AAAGCACCAGCTTAGC-1 Multi_H9_D100#AAAGCCCGTTAGTACG-1
[1,]                                .                                .
[2,]                                .                                .
[3,]                                .                                .
[4,]                                .                                .
[5,]                                .                                .
     Multi_H9_D100#AAAGCTTGTACCGTTT-1
[1,]                                .
[2,]                                .
[3,]                                1
[4,]                                .
[5,]                                .


LSI-Projection Parameters$matSVD: nRows = 9604, nCols = 30
                                      LSI1       LSI2       LSI3      LSI4
Multi_H9_D100#AAACCGGCAAGGAATC-1 -61.86399 -13.567197 -6.4057753 -4.874759
Multi_H9_D100#AAACGGATCAAGTGTC-1 -65.63974  14.308545 -8.3232349 -2.235881
Multi_H9_D100#AAAGCACCAGCTTAGC-1 -40.65726  -6.807015 -2.1015242 -2.268452
Multi_H9_D100#AAAGCCCGTTAGTACG-1 -56.45356  16.282875 -3.9919911 -1.878645
Multi_H9_D100#AAAGCTTGTACCGTTT-1 -50.35463   9.253407 -0.6152867  2.471948
                                       LSI5
Multi_H9_D100#AAACCGGCAAGGAATC-1  0.9526871
Multi_H9_D100#AAACGGATCAAGTGTC-1 -5.0467447
Multi_H9_D100#AAAGCACCAGCTTAGC-1  0.6535855
Multi_H9_D100#AAAGCCCGTTAGTACG-1 -2.6534182
Multi_H9_D100#AAAGCTTGTACCGTTT-1 -4.7038943


LSI-Projection Parameters$returnModel: length = 1
[1] FALSE


LSI-Projection Parameters$verbose: length = 1
[1] FALSE


LSI-Projection Parameters$tstart: length = 0
NULL


LSI-Projection Parameters$logFile: length = 1
[1] "ArchRLogs/ArchR-addIterativeLSI-89977d6162d-Date-2024-04-02_Time-11-48-29.log"


2024-04-02 11:51:32 : Projecting LSI, Input Matrix = 0 GB, 0 mins elapsed.
2024-04-02 11:51:32 : Subsetting by Non-Zero features in inital Matrix, 0 mins elapsed.
2024-04-02 11:51:32 : Binarizing Matrix, 0 mins elapsed.
2024-04-02 11:51:32 : Computing Term Frequency, 0 mins elapsed.
2024-04-02 11:51:32 : Computing Inverse Document Frequency, 0 mins elapsed.
2024-04-02 11:51:32 : Computing TF-IDF Matrix, 0 mins elapsed.
2024-04-02 11:51:33 : Calculating V Matrix, 0.011 mins elapsed.
2024-04-02 11:51:33 : Computing Projected Coordinates, 0.011 mins elapsed.

2024-04-02 11:51:33 : LSI-Projection Parameters, Class = list

LSI-Projection Parameters$: length = 1
                       
1 function (name)      
2 .Internal(args(name))


LSI-Projection Parameters$mat: nRows = 25000, nCols = 405
LSI-Projection Parameters$mat: NonZeroEntries = 1605019, EntryRange = [ 1 , 1 ]
5 x 5 sparse Matrix of class "dgCMatrix"
     Multi_H9_D100#TTGTTGCGTCATCATC-1 Multi_H9_D35#AACCGGCTCTCACAAA-1
[1,]                                .                               .
[2,]                                .                               .
[3,]                                .                               .
[4,]                                .                               .
[5,]                                .                               .
     Multi_H9_D35#ACAACAGAGGACTTAC-1 Multi_H9_D35#ACTCAGTAGGTCGAGG-1
[1,]                               .                               .
[2,]                               .                               .
[3,]                               .                               .
[4,]                               .                               .
[5,]                               .                               .
     Multi_H9_D35#CAGGTCCAGTTCCCAC-1
[1,]                               .
[2,]                               .
[3,]                               .
[4,]                               .
[5,]                               .


LSI-Projection Parameters$matSVD: nRows = 9604, nCols = 30
                                      LSI1       LSI2       LSI3      LSI4
Multi_H9_D100#AAACCGGCAAGGAATC-1 -61.86399 -13.567197 -6.4057753 -4.874759
Multi_H9_D100#AAACGGATCAAGTGTC-1 -65.63974  14.308545 -8.3232349 -2.235881
Multi_H9_D100#AAAGCACCAGCTTAGC-1 -40.65726  -6.807015 -2.1015242 -2.268452
Multi_H9_D100#AAAGCCCGTTAGTACG-1 -56.45356  16.282875 -3.9919911 -1.878645
Multi_H9_D100#AAAGCTTGTACCGTTT-1 -50.35463   9.253407 -0.6152867  2.471948
                                       LSI5
Multi_H9_D100#AAACCGGCAAGGAATC-1  0.9526871
Multi_H9_D100#AAACGGATCAAGTGTC-1 -5.0467447
Multi_H9_D100#AAAGCACCAGCTTAGC-1  0.6535855
Multi_H9_D100#AAAGCCCGTTAGTACG-1 -2.6534182
Multi_H9_D100#AAAGCTTGTACCGTTT-1 -4.7038943


LSI-Projection Parameters$returnModel: length = 1
[1] FALSE


LSI-Projection Parameters$verbose: length = 1
[1] FALSE


LSI-Projection Parameters$tstart: length = 0
NULL


LSI-Projection Parameters$logFile: length = 1
[1] "ArchRLogs/ArchR-addIterativeLSI-89977d6162d-Date-2024-04-02_Time-11-48-29.log"


2024-04-02 11:51:33 : Projecting LSI, Input Matrix = 0.019 GB, 0 mins elapsed.
2024-04-02 11:51:33 : Subsetting by Non-Zero features in inital Matrix, 0 mins elapsed.
2024-04-02 11:51:33 : Binarizing Matrix, 0 mins elapsed.
2024-04-02 11:51:33 : Computing Term Frequency, 0.001 mins elapsed.
2024-04-02 11:51:33 : Computing Inverse Document Frequency, 0.001 mins elapsed.
2024-04-02 11:51:33 : Computing TF-IDF Matrix, 0.001 mins elapsed.
2024-04-02 11:51:33 : Calculating V Matrix, 0.012 mins elapsed.
2024-04-02 11:51:34 : Computing Projected Coordinates, 0.014 mins elapsed.
2024-04-02 11:51:34 : Finished LSI (TF-IDF SVD) using irlba, 2.937 mins elapsed.

2024-04-02 11:51:35 : outLSI-1, Class = SimpleList

outLSI-1$matSVD: nRows = 10009, nCols = 30
                                      LSI1       LSI2       LSI3      LSI4
Multi_H9_D100#AAACCGGCAAGGAATC-1 -61.86399 -13.567197 -6.4057753 -4.874759
Multi_H9_D100#AAACGGATCAAGTGTC-1 -65.63974  14.308545 -8.3232349 -2.235881
Multi_H9_D100#AAAGCACCAGCTTAGC-1 -40.65726  -6.807015 -2.1015242 -2.268452
Multi_H9_D100#AAAGCCCGTTAGTACG-1 -56.45356  16.282875 -3.9919911 -1.878645
Multi_H9_D100#AAAGCTTGTACCGTTT-1 -50.35463   9.253407 -0.6152867  2.471948
                                       LSI5
Multi_H9_D100#AAACCGGCAAGGAATC-1  0.9526871
Multi_H9_D100#AAACGGATCAAGTGTC-1 -5.0467447
Multi_H9_D100#AAAGCACCAGCTTAGC-1  0.6535855
Multi_H9_D100#AAAGCCCGTTAGTACG-1 -2.6534182
Multi_H9_D100#AAAGCTTGTACCGTTT-1 -4.7038943


outLSI-1$rowSm: length = 25000
[1] 393 513 462 441 554 569


outLSI-1$nCol: length = 1
[1] 9604


outLSI-1$exclude: length = 0
NULL


outLSI-1$idx: length = 25000
[1] 1 2 3 4 5 6


outLSI-1$u: nRows = 25000, nCols = 30
             [,1]         [,2]         [,3]          [,4]          [,5]
[1,] -0.003877718 0.0006441366 -0.002134052 -0.0031838157 -0.0015751798
[2,] -0.004788502 0.0016334053 -0.004918518 -0.0045085958 -0.0009093578
[3,] -0.004393898 0.0032185188 -0.005689488  0.0002496673  0.0005312754
[4,] -0.004221899 0.0014388460 -0.008268105  0.0013609966 -0.0002169448
[5,] -0.004948615 0.0009855492 -0.003029101  0.0068047443  0.0001921124


outLSI-1$v: nRows = 9604, nCols = 30
             [,1]         [,2]          [,3]         [,4]         [,5]
[1,] -0.010841217 -0.011757274 -0.0088750394 -0.010497211  0.002162529
[2,] -0.011502890  0.012399723 -0.0115316310 -0.004814702 -0.011455738
[3,] -0.007124890 -0.005898930 -0.0029116085 -0.004884839  0.001483591
[4,] -0.009893079  0.014110669 -0.0055308025 -0.004045436 -0.006023063
[5,] -0.008824285  0.008018962 -0.0008524642  0.005323043 -0.010677493


outLSI-1$binarize: length = 1
[1] TRUE


outLSI-1$scaleTo: length = 1
[1] 10000


outLSI-1$nDimensions: length = 1
[1] 30


outLSI-1$LSIMethod: length = 1
[1] 2


outLSI-1$outliers: length = 405
[1] "Multi_H9_D100#TTGTTGCGTCATCATC-1" "Multi_H9_D35#AACCGGCTCTCACAAA-1" 
[3] "Multi_H9_D35#ACAACAGAGGACTTAC-1"  "Multi_H9_D35#ACTCAGTAGGTCGAGG-1" 
[5] "Multi_H9_D35#CAGGTCCAGTTCCCAC-1"  "Multi_H9_D35#CCCAATTGTTGCGGAT-1" 


outLSI-1$date: length = 1
[1] "2024-04-02"


outLSI-1$seed: length = 1
[1] 1


outLSI-1$scaleDims: length = 1
[1] TRUE


outLSI-1$useMatrix: length = 1
[1] "TileMatrix"


outLSI-1$tileSize: length = 1
[1] 500



2024-04-02 11:51:35 : Cluster Params, Class = list

Cluster Params$: length = 1
                       
1 function (name)      
2 .Internal(args(name))


Cluster Params$matSVD: nRows = 10009, nCols = 30
                                      LSI1       LSI2       LSI3      LSI4
Multi_H9_D100#AAACCGGCAAGGAATC-1 -61.86399 -13.567197 -6.4057753 -4.874759
Multi_H9_D100#AAACGGATCAAGTGTC-1 -65.63974  14.308545 -8.3232349 -2.235881
Multi_H9_D100#AAAGCACCAGCTTAGC-1 -40.65726  -6.807015 -2.1015242 -2.268452
Multi_H9_D100#AAAGCCCGTTAGTACG-1 -56.45356  16.282875 -3.9919911 -1.878645
Multi_H9_D100#AAAGCTTGTACCGTTT-1 -50.35463   9.253407 -0.6152867  2.471948
                                       LSI5
Multi_H9_D100#AAACCGGCAAGGAATC-1  0.9526871
Multi_H9_D100#AAACGGATCAAGTGTC-1 -5.0467447
Multi_H9_D100#AAAGCACCAGCTTAGC-1  0.6535855
Multi_H9_D100#AAAGCCCGTTAGTACG-1 -2.6534182
Multi_H9_D100#AAAGCTTGTACCGTTT-1 -4.7038943


Cluster Params$corCutOff: length = 1
[1] 0.75


Cluster Params$dimsToUse: length = 30
[1] 1 2 3 4 5 6


Cluster Params$scaleDims: length = 1
[1] TRUE


Cluster Params$verbose: length = 1
[1] TRUE


Cluster Params$j: length = 1
[1] 1


Cluster Params$filterBias: length = 1
[1] TRUE


Cluster Params$cellNames: length = 209091
[1] "Multi_H9_D35#TTGGATCAGGGTCTAT-1" "Multi_H9_D35#AACCTTGCATCGCTTT-1"
[3] "Multi_H9_D35#CATCAATCATATAACC-1" "Multi_H9_D35#CCCGCAACAGCCAGAA-1"
[5] "Multi_H9_D35#AGTCCTGAGCTCCTAC-1" "Multi_H9_D35#GTCATTAAGGATCCGC-1"


Cluster Params$cellDepth: length = 209091
Multi_H9_D35#TTGGATCAGGGTCTAT-1 Multi_H9_D35#AACCTTGCATCGCTTT-1 
                       4.999791                        4.988488 
Multi_H9_D35#CATCAATCATATAACC-1 Multi_H9_D35#CCCGCAACAGCCAGAA-1 
                       4.981506                        4.956394 
Multi_H9_D35#AGTCCTGAGCTCCTAC-1 Multi_H9_D35#GTCATTAAGGATCCGC-1 
                       4.946501                        4.945084 


Cluster Params$tstart: length = 1
[1] "2024-04-02 11:48:37 CDT"


Cluster Params$logFile: length = 1
[1] "ArchRLogs/ArchR-addIterativeLSI-89977d6162d-Date-2024-04-02_Time-11-48-29.log"


2024-04-02 11:51:35 : Identifying Clusters, 2.959 mins elapsed.

2024-04-02 11:51:35 : addClusters Input-Parameters, Class = list

addClusters Input-Parameters$: length = 1
                       
1 function (name)      
2 .Internal(args(name))


addClusters Input-Parameters$input: nRows = 10009, nCols = 30
                                      LSI1       LSI2       LSI3        LSI4
Multi_H9_D100#AAACCGGCAAGGAATC-1 -5.004641 -0.9446280 -0.3426116 -0.21390853
Multi_H9_D100#AAACGGATCAAGTGTC-1 -5.040483  1.2332591 -0.5427132 -0.06502337
Multi_H9_D100#AAAGCACCAGCTTAGC-1 -5.033496 -0.7338016 -0.1361050 -0.15730834
Multi_H9_D100#AAAGCCCGTTAGTACG-1 -4.945511  1.5342137 -0.2719726 -0.08370512
Multi_H9_D100#AAAGCTTGTACCGTTT-1 -5.082133  1.0898362  0.0680063  0.38766647
                                       LSI5
Multi_H9_D100#AAACCGGCAAGGAATC-1  0.2759688
Multi_H9_D100#AAACGGATCAAGTGTC-1 -0.2855989
Multi_H9_D100#AAAGCACCAGCTTAGC-1  0.2138520
Multi_H9_D100#AAAGCCCGTTAGTACG-1 -0.1527258
Multi_H9_D100#AAAGCTTGTACCGTTT-1 -0.3553386


addClusters Input-Parameters$reducedDims: length = 1
[1] "IterativeLSI"


addClusters Input-Parameters$name: length = 1
[1] "Clusters"


addClusters Input-Parameters$sampleCells: length = 1
[1] 10000


addClusters Input-Parameters$seed: length = 1
[1] 1


addClusters Input-Parameters$method: length = 1
[1] "Seurat"


addClusters Input-Parameters$dimsToUse: length = 0
NULL


addClusters Input-Parameters$scaleDims: length = 0
NULL


addClusters Input-Parameters$corCutOff: length = 1
[1] 0.75


addClusters Input-Parameters$knnAssign: length = 1
[1] 10


addClusters Input-Parameters$nOutlier: length = 1
[1] 5


addClusters Input-Parameters$maxClusters: length = 1
[1] 25


addClusters Input-Parameters$testBias: length = 1
[1] TRUE


addClusters Input-Parameters$filterBias: length = 1
[1] TRUE


addClusters Input-Parameters$biasClusters: length = 1
[1] 0.01


addClusters Input-Parameters$biasCol: length = 1
[1] "nFrags"


addClusters Input-Parameters$biasVals: length = 10009
[1] 3.937919 3.829046 3.531990 3.783832 3.812579 3.359835


addClusters Input-Parameters$biasQuantiles: length = 2
[1] 0.05 0.95


addClusters Input-Parameters$biasEnrich: length = 1
[1] 10


addClusters Input-Parameters$biasProportion: length = 1
[1] 0.5


addClusters Input-Parameters$biasPval: length = 1
[1] 0.05


addClusters Input-Parameters$nPerm: length = 1
[1] 500


addClusters Input-Parameters$prefix: length = 1
[1] "C"


addClusters Input-Parameters$ArchRProj: length = 0
NULL


addClusters Input-Parameters$verbose: length = 1
[1] FALSE


addClusters Input-Parameters$tstart: length = 0
NULL


addClusters Input-Parameters$force: length = 1
[1] FALSE


addClusters Input-Parameters$logFile: length = 1
[1] "ArchRLogs/ArchR-addIterativeLSI-89977d6162d-Date-2024-04-02_Time-11-48-29.log"


addClusters Input-Parameters$...: length = 2

2024-04-02 11:51:35 : Estimating Clusters by Sampling, 0 mins elapsed.
2024-04-02 11:51:45 : Running Seurats FindClusters (Stuart et al. Cell 2019), 0.166 mins elapsed.
2024-04-02 11:52:05 : Finding Nearest Clusters, 0.493 mins elapsed.
2024-04-02 11:52:05 : Assigning Nearest Clusters, 0.505 mins elapsed.
2024-04-02 11:52:06 : Testing Outlier Clusters, 0.519 mins elapsed.
2024-04-02 11:52:06 : Assigning Cluster Names to 6 Clusters, 0.52 mins elapsed.
2024-04-02 11:52:06 : Finished addClusters, 0.52 mins elapsed.
2024-04-02 11:52:06 : Identified 6 Clusters, 3.481 mins elapsed.

2024-04-02 11:52:06 : clusterDF-1, Class = DFrame
DataFrame with 10009 rows and 2 columns
                   cellNames    clusters
                 <character> <character>
1     Multi_H9_D100#AAACCG..          C5
2     Multi_H9_D100#AAACGG..          C1
3     Multi_H9_D100#AAAGCA..          C5
4     Multi_H9_D100#AAAGCC..          C1
5     Multi_H9_D100#AAAGCT..          C1
...                      ...         ...
10005 wt5-2#TTTGGTTTCACCCT..          C4
10006 wt5-2#TTTGGTTTCGCTAG..          C5
10007 wt5-2#TTTGTGTAGAAGGG..          C2
10008 wt5-2#TTTGTGTCAGCAAA..          C4
10009 wt5-2#TTTGTGTGTTTGAA..          C4

2024-04-02 11:52:06 : Saving LSI Iteration, 3.481 mins elapsed.

2024-04-02 11:52:06 : Save iteration, Class = list

Save iteration$: length = 1
                       
1 function (name)      
2 .Internal(args(name))


Save iteration$matSVD: nRows = 10009, nCols = 30
                                      LSI1       LSI2       LSI3      LSI4
Multi_H9_D100#AAACCGGCAAGGAATC-1 -61.86399 -13.567197 -6.4057753 -4.874759
Multi_H9_D100#AAACGGATCAAGTGTC-1 -65.63974  14.308545 -8.3232349 -2.235881
Multi_H9_D100#AAAGCACCAGCTTAGC-1 -40.65726  -6.807015 -2.1015242 -2.268452
Multi_H9_D100#AAAGCCCGTTAGTACG-1 -56.45356  16.282875 -3.9919911 -1.878645
Multi_H9_D100#AAAGCTTGTACCGTTT-1 -50.35463   9.253407 -0.6152867  2.471948
                                       LSI5
Multi_H9_D100#AAACCGGCAAGGAATC-1  0.9526871
Multi_H9_D100#AAACGGATCAAGTGTC-1 -5.0467447
Multi_H9_D100#AAAGCACCAGCTTAGC-1  0.6535855
Multi_H9_D100#AAAGCCCGTTAGTACG-1 -2.6534182
Multi_H9_D100#AAAGCTTGTACCGTTT-1 -4.7038943


Save iteration$clusters: length = 10009
[1] "C5" "C1" "C5" "C1" "C1" "C5"


Save iteration$nPlot: length = 1
[1] 10000


Save iteration$ArchRProj: length = 1

Save iteration$scaleDims: length = 1
[1] TRUE


Save iteration$corCutOff: length = 1
[1] 0.75


Save iteration$dimsToUse: length = 30
[1] 1 2 3 4 5 6


Save iteration$j: length = 1
[1] 1


Save iteration$threads: length = 1
[1] 1


Save iteration$outDir: length = 1
[1] "/storage/singlecell/jeanl/organoid/data/archr/proj_all/IterativeLSI"


Save iteration$logFile: length = 1
[1] "ArchRLogs/ArchR-addIterativeLSI-89977d6162d-Date-2024-04-02_Time-11-48-29.log"


2024-04-02 11:52:40 : Creating Cluster Matrix on the total Group Features, 4.038 mins elapsed.
2024-04-02 11:54:11 : Computing Variable Features, 5.56 mins elapsed.
###########
2024-04-02 11:54:11 : Running LSI (2 of 2) on Variable Features, 5.563 mins elapsed.
###########
2024-04-02 11:54:11 : Creating Partial Matrix, 5.564 mins elapsed.
2024-04-02 12:01:06 : Computing LSI, 12.481 mins elapsed.

2024-04-02 12:01:06 : LSI Parameters, Class = list

LSI Parameters$: length = 1
                       
1 function (name)      
2 .Internal(args(name))


LSI Parameters$mat: nRows = 25000, nCols = 209091
LSI Parameters$mat: NonZeroEntries = 371557589, EntryRange = [ 1 , 1 ]
5 x 5 sparse Matrix of class "dgCMatrix"
     Multi_H9_D35#TTGGATCAGGGTCTAT-1 Multi_H9_D35#AACCTTGCATCGCTTT-1
[1,]                               .                               .
[2,]                               .                               .
[3,]                               1                               .
[4,]                               .                               .
[5,]                               .                               .
     Multi_H9_D35#CATCAATCATATAACC-1 Multi_H9_D35#CCCGCAACAGCCAGAA-1
[1,]                               .                               .
[2,]                               .                               .
[3,]                               .                               .
[4,]                               .                               .
[5,]                               .                               1
     Multi_H9_D35#AGTCCTGAGCTCCTAC-1
[1,]                               .
[2,]                               .
[3,]                               1
[4,]                               .
[5,]                               .


LSI Parameters$LSIMethod: length = 1
[1] 2


LSI Parameters$scaleTo: length = 1
[1] 10000


LSI Parameters$nDimensions: length = 1
[1] 30


LSI Parameters$binarize: length = 1
[1] TRUE


LSI Parameters$outlierQuantiles: length = 2
[1] 0.02 0.98


LSI Parameters$seed: length = 1
[1] 1


LSI Parameters$verbose: length = 1
[1] FALSE


LSI Parameters$tstart: length = 1
[1] "2024-04-02 11:48:37 CDT"


LSI Parameters$logFile: length = 1
[1] "ArchRLogs/ArchR-addIterativeLSI-89977d6162d-Date-2024-04-02_Time-11-48-29.log"


2024-04-02 12:01:13 : Running LSI, Input Matrix = 4.48 GB, 12.592 mins elapsed.
2024-04-02 12:01:13 : Binarizing Matrix, 12.592 mins elapsed.
2024-04-02 12:01:20 : Computing Term Frequency, 12.714 mins elapsed.
2024-04-02 12:01:21 : Filtering Outliers Based On Counts, 12.734 mins elapsed.
2024-04-02 12:01:26 : Removing 0 Sum Rows, 12.807 mins elapsed.
2024-04-02 12:01:34 : Computing Inverse Document Frequency, 12.942 mins elapsed.
2024-04-02 12:01:56 : Computing SVD using irlba, 13.311 mins elapsed.
2024-04-02 12:04:09 : Projecting Outliers with LSI-Projection (Granja* et al 2019), 15.53 mins elapsed.

2024-04-02 12:04:09 : LSI-Projection Parameters, Class = list

LSI-Projection Parameters$: length = 1
                       
1 function (name)      
2 .Internal(args(name))


LSI-Projection Parameters$mat: nRows = 25000, nCols = 10
LSI-Projection Parameters$mat: NonZeroEntries = 35047, EntryRange = [ 1 , 1 ]
5 x 5 sparse Matrix of class "dgCMatrix"
     Multi_H9_D35#TTGGATCAGGGTCTAT-1 Multi_H9_D35#AACCTTGCATCGCTTT-1
[1,]                               .                               .
[2,]                               .                               .
[3,]                               1                               .
[4,]                               .                               .
[5,]                               .                               .
     Multi_H9_D35#CCCGCAACAGCCAGAA-1 Multi_H9_D35#GTCATTAAGGATCCGC-1
[1,]                               .                               .
[2,]                               .                               1
[3,]                               .                               .
[4,]                               .                               .
[5,]                               1                               .
     Multi_H9_D35#TGGTTCCTCCTTCGTA-1
[1,]                               .
[2,]                               .
[3,]                               1
[4,]                               .
[5,]                               .


LSI-Projection Parameters$matSVD: nRows = 200521, nCols = 30
                                      LSI1        LSI2        LSI3        LSI4
Multi_H9_D35#TTGGATCAGGGTCTAT-1  -78.08077 -23.0333751  0.06449353   0.8165972
Multi_H9_D35#AACCTTGCATCGCTTT-1  -97.82879 -28.6439045 -3.49556864   6.9047250
Multi_H9_D35#CCCGCAACAGCCAGAA-1  -66.93797   0.6730149  6.15404254  -2.7336698
Multi_H9_D35#GTCATTAAGGATCCGC-1 -103.65397 -14.3187619  1.04172926 -15.0869732
Multi_H9_D35#TGGTTCCTCCTTCGTA-1  -82.01521 -26.2579345 -6.15102003  -2.2526599
                                     LSI5
Multi_H9_D35#TTGGATCAGGGTCTAT-1 10.973248
Multi_H9_D35#AACCTTGCATCGCTTT-1  9.195295
Multi_H9_D35#CCCGCAACAGCCAGAA-1  2.258385
Multi_H9_D35#GTCATTAAGGATCCGC-1 -1.023360
Multi_H9_D35#TGGTTCCTCCTTCGTA-1 12.791595


LSI-Projection Parameters$returnModel: length = 1
[1] FALSE


LSI-Projection Parameters$verbose: length = 1
[1] FALSE


LSI-Projection Parameters$tstart: length = 0
NULL


LSI-Projection Parameters$logFile: length = 1
[1] "ArchRLogs/ArchR-addIterativeLSI-89977d6162d-Date-2024-04-02_Time-11-48-29.log"


2024-04-02 12:04:09 : Projecting LSI, Input Matrix = 0 GB, 0 mins elapsed.
2024-04-02 12:04:09 : Subsetting by Non-Zero features in inital Matrix, 0 mins elapsed.
2024-04-02 12:04:09 : Binarizing Matrix, 0 mins elapsed.
2024-04-02 12:04:09 : Computing Term Frequency, 0 mins elapsed.
2024-04-02 12:04:09 : Computing Inverse Document Frequency, 0 mins elapsed.
2024-04-02 12:04:09 : Computing TF-IDF Matrix, 0 mins elapsed.
2024-04-02 12:04:10 : Calculating V Matrix, 0.013 mins elapsed.
2024-04-02 12:04:10 : Computing Projected Coordinates, 0.013 mins elapsed.

2024-04-02 12:04:10 : LSI-Projection Parameters, Class = list

LSI-Projection Parameters$: length = 1
                       
1 function (name)      
2 .Internal(args(name))


LSI-Projection Parameters$mat: nRows = 25000, nCols = 8570
LSI-Projection Parameters$mat: NonZeroEntries = 30840708, EntryRange = [ 1 , 1 ]
5 x 5 sparse Matrix of class "dgCMatrix"
     Multi_H9_D35#CATCAATCATATAACC-1 Multi_H9_D35#AGTCCTGAGCTCCTAC-1
[1,]                               .                               .
[2,]                               .                               .
[3,]                               .                               1
[4,]                               .                               .
[5,]                               .                               .
     Multi_H9_D35#ATTACTGAGTGGCGGA-1 Multi_H9_D35#CCGACAGGTCTCAGCC-1
[1,]                               .                               .
[2,]                               .                               .
[3,]                               1                               .
[4,]                               1                               .
[5,]                               .                               .
     Multi_H9_D35#ACATTAGTCTCAATTC-1
[1,]                               .
[2,]                               .
[3,]                               .
[4,]                               1
[5,]                               .


LSI-Projection Parameters$matSVD: nRows = 200521, nCols = 30
                                      LSI1        LSI2        LSI3        LSI4
Multi_H9_D35#TTGGATCAGGGTCTAT-1  -78.08077 -23.0333751  0.06449353   0.8165972
Multi_H9_D35#AACCTTGCATCGCTTT-1  -97.82879 -28.6439045 -3.49556864   6.9047250
Multi_H9_D35#CCCGCAACAGCCAGAA-1  -66.93797   0.6730149  6.15404254  -2.7336698
Multi_H9_D35#GTCATTAAGGATCCGC-1 -103.65397 -14.3187619  1.04172926 -15.0869732
Multi_H9_D35#TGGTTCCTCCTTCGTA-1  -82.01521 -26.2579345 -6.15102003  -2.2526599
                                     LSI5
Multi_H9_D35#TTGGATCAGGGTCTAT-1 10.973248
Multi_H9_D35#AACCTTGCATCGCTTT-1  9.195295
Multi_H9_D35#CCCGCAACAGCCAGAA-1  2.258385
Multi_H9_D35#GTCATTAAGGATCCGC-1 -1.023360
Multi_H9_D35#TGGTTCCTCCTTCGTA-1 12.791595


LSI-Projection Parameters$returnModel: length = 1
[1] FALSE


LSI-Projection Parameters$verbose: length = 1
[1] FALSE


LSI-Projection Parameters$tstart: length = 0
NULL


LSI-Projection Parameters$logFile: length = 1
[1] "ArchRLogs/ArchR-addIterativeLSI-89977d6162d-Date-2024-04-02_Time-11-48-29.log"


2024-04-02 12:04:11 : Projecting LSI, Input Matrix = 0.371 GB, 0 mins elapsed.
2024-04-02 12:04:11 : Subsetting by Non-Zero features in inital Matrix, 0 mins elapsed.
2024-04-02 12:04:11 : Binarizing Matrix, 0.005 mins elapsed.
2024-04-02 12:04:12 : Computing Term Frequency, 0.016 mins elapsed.
2024-04-02 12:04:12 : Computing Inverse Document Frequency, 0.021 mins elapsed.
2024-04-02 12:04:12 : Computing TF-IDF Matrix, 0.021 mins elapsed.
2024-04-02 12:04:14 : Calculating V Matrix, 0.063 mins elapsed.
2024-04-02 12:04:17 : Computing Projected Coordinates, 0.101 mins elapsed.
2024-04-02 12:04:17 : Finished LSI (TF-IDF SVD) using irlba, 15.658 mins elapsed.

2024-04-02 12:04:18 : outLSI-2, Class = SimpleList

outLSI-2$matSVD: nRows = 209091, nCols = 30
                                      LSI1        LSI2        LSI3       LSI4
Multi_H9_D35#TTGGATCAGGGTCTAT-1  -78.08077 -23.0333751  0.06449353  0.8165972
Multi_H9_D35#AACCTTGCATCGCTTT-1  -97.82879 -28.6439045 -3.49556864  6.9047250
Multi_H9_D35#CATCAATCATATAACC-1 -129.74771 -21.5396050  7.76819114 -5.9020117
Multi_H9_D35#CCCGCAACAGCCAGAA-1  -66.93797   0.6730149  6.15404254 -2.7336698
Multi_H9_D35#AGTCCTGAGCTCCTAC-1 -141.10781 -19.3064434 11.62550069 -4.6508741
                                     LSI5
Multi_H9_D35#TTGGATCAGGGTCTAT-1 10.973248
Multi_H9_D35#AACCTTGCATCGCTTT-1  9.195295
Multi_H9_D35#CATCAATCATATAACC-1 16.469528
Multi_H9_D35#CCCGCAACAGCCAGAA-1  2.258385
Multi_H9_D35#AGTCCTGAGCTCCTAC-1 14.440999


outLSI-2$rowSm: length = 25000
[1]  3650 12229 12712 20449  4687 20082


outLSI-2$nCol: length = 1
[1] 200521


outLSI-2$exclude: length = 0
NULL


outLSI-2$idx: length = 25000
[1] 1 2 3 4 5 6


outLSI-2$u: nRows = 25000, nCols = 30
             [,1]          [,2]          [,3]         [,4]          [,5]
[1,] -0.002100580  0.0039424918 -4.725054e-03  0.001719426 -0.0008345323
[2,] -0.005337915  0.0157833151 -9.420120e-03  0.007466294  0.0017421003
[3,] -0.005563313  0.0002495925  5.789542e-03  0.003012551 -0.0082768701
[4,] -0.007895458 -0.0032387629  7.219941e-03  0.003416339  0.0055672549
[5,] -0.002505132 -0.0021112003  6.688208e-05 -0.010267091 -0.0105173948


outLSI-2$v: nRows = 200521, nCols = 30
             [,1]          [,2]          [,3]          [,4]          [,5]
[1,] -0.002983871 -0.0029944712  0.0000194856  0.0002705525  0.0042004640
[2,] -0.003738546 -0.0037238723 -0.0010561250  0.0022876524  0.0035198790
[3,] -0.002558047  0.0000874958  0.0018593365 -0.0009057111  0.0008644902
[4,] -0.003961156 -0.0018615214  0.0003147403 -0.0049985698 -0.0003917333
[5,] -0.003134227 -0.0034136825 -0.0018584233 -0.0007463444  0.0048965112


outLSI-2$binarize: length = 1
[1] TRUE


outLSI-2$scaleTo: length = 1
[1] 10000


outLSI-2$nDimensions: length = 1
[1] 30


outLSI-2$LSIMethod: length = 1
[1] 2


outLSI-2$outliers: length = 8570
[1] "Multi_H9_D35#CATCAATCATATAACC-1" "Multi_H9_D35#AGTCCTGAGCTCCTAC-1"
[3] "Multi_H9_D35#ATTACTGAGTGGCGGA-1" "Multi_H9_D35#CCGACAGGTCTCAGCC-1"
[5] "Multi_H9_D35#ACATTAGTCTCAATTC-1" "Multi_H9_D35#GGAAGCTAGTTAGCCG-1"


outLSI-2$date: length = 1
[1] "2024-04-02"


outLSI-2$seed: length = 1
[1] 1


outLSI-2$scaleDims: length = 1
[1] TRUE


outLSI-2$useMatrix: length = 1
[1] "TileMatrix"


outLSI-2$tileSize: length = 1
[1] 500


2024-04-02 12:04:19 : Finished Running IterativeLSI, 15.701 mins elapsed.
