
           ___      .______        ______  __    __  .______      
          /   \     |   _  \      /      ||  |  |  | |   _  \     
         /  ^  \    |  |_)  |    |  ,----'|  |__|  | |  |_)  |    
        /  /_\  \   |      /     |  |     |   __   | |      /     
       /  _____  \  |  |\  \\___ |  `----.|  |  |  | |  |\  \\___.
      /__/     \__\ | _| `._____| \______||__|  |__| | _| `._____|
    
Logging With ArchR!

Start Time : 2024-04-02 15:11:08

------- ArchR Info

ArchRThreads = 1

------- System Info

Computer OS = unix
Total Cores = 48

------- Session Info

R version 4.1.3 (2022-03-10)
Platform: x86_64-conda-linux-gnu (64-bit)
Running under: Red Hat Enterprise Linux

Matrix products: default
BLAS/LAPACK: /storage/chen/home/u250758/miniconda3/envs/archr/lib/libopenblasp-r0.3.23.so

locale:
 [1] LC_CTYPE=en_US.UTF-8 LC_NUMERIC=C         LC_TIME=C           
 [4] LC_COLLATE=C         LC_MONETARY=C        LC_MESSAGES=C       
 [7] LC_PAPER=C           LC_NAME=C            LC_ADDRESS=C        
[10] LC_TELEPHONE=C       LC_MEASUREMENT=C     LC_IDENTIFICATION=C 

attached base packages:
[1] parallel  stats4    stats     graphics  grDevices utils     datasets 
[8] methods   base     

other attached packages:
 [1] harmony_1.2.0               Rcpp_1.0.11                
 [3] ArchR_1.0.1                 magrittr_2.0.3             
 [5] rhdf5_2.38.1                Matrix_1.6-1               
 [7] data.table_1.14.8           SummarizedExperiment_1.24.0
 [9] Biobase_2.54.0              GenomicRanges_1.46.1       
[11] GenomeInfoDb_1.30.1         IRanges_2.28.0             
[13] S4Vectors_0.32.4            BiocGenerics_0.40.0        
[15] MatrixGenerics_1.6.0        matrixStats_1.0.0          
[17] ggplot2_3.4.3              

loaded via a namespace (and not attached):
 [1] pillar_1.9.0           compiler_4.1.3         XVector_0.34.0        
 [4] rhdf5filters_1.6.0     bitops_1.0-7           tools_4.1.3           
 [7] zlibbioc_1.40.0        lifecycle_1.0.3        tibble_3.2.1          
[10] gtable_0.3.4           lattice_0.21-8         pkgconfig_2.0.3       
[13] rlang_1.1.1            DelayedArray_0.20.0    cli_3.6.1             
[16] RhpcBLASctl_0.23-42    GenomeInfoDbData_1.2.7 stringr_1.5.0         
[19] withr_2.5.0            dplyr_1.1.3            generics_0.1.3        
[22] vctrs_0.6.3            cowplot_1.1.1          grid_4.1.3            
[25] tidyselect_1.2.0       glue_1.6.2             R6_2.5.1              
[28] fansi_1.0.4            Rhdf5lib_1.16.0        codetools_0.2-19      
[31] scales_1.2.1           colorspace_2.1-0       utf8_1.2.3            
[34] stringi_1.7.12         RCurl_1.98-1.12        munsell_0.5.0         


------- Log Info


2024-04-02 15:11:08 : addClusters Input-Parameters, Class = list

addClusters Input-Parameters$: length = 1
                       
1 function (name)      
2 .Internal(args(name))


addClusters Input-Parameters$input: length = 1

addClusters Input-Parameters$reducedDims: length = 1
[1] "Harmony"


addClusters Input-Parameters$name: length = 1
[1] "ClustersHarm0.5"


addClusters Input-Parameters$sampleCells: length = 0
NULL


addClusters Input-Parameters$seed: length = 1
[1] 1


addClusters Input-Parameters$method: length = 1
[1] "Seurat"


addClusters Input-Parameters$dimsToUse: length = 0
NULL


addClusters Input-Parameters$scaleDims: length = 0
NULL


addClusters Input-Parameters$corCutOff: length = 1
[1] 0.75


addClusters Input-Parameters$knnAssign: length = 1
[1] 10


addClusters Input-Parameters$nOutlier: length = 1
[1] 5


addClusters Input-Parameters$maxClusters: length = 1
[1] 25


addClusters Input-Parameters$testBias: length = 1
[1] TRUE


addClusters Input-Parameters$filterBias: length = 1
[1] FALSE


addClusters Input-Parameters$biasClusters: length = 1
[1] 0.01


addClusters Input-Parameters$biasCol: length = 1
[1] "nFrags"


addClusters Input-Parameters$biasVals: length = 0
NULL


addClusters Input-Parameters$biasQuantiles: length = 2
[1] 0.05 0.95


addClusters Input-Parameters$biasEnrich: length = 1
[1] 10


addClusters Input-Parameters$biasProportion: length = 1
[1] 0.5


addClusters Input-Parameters$biasPval: length = 1
[1] 0.05


addClusters Input-Parameters$nPerm: length = 1
[1] 500


addClusters Input-Parameters$prefix: length = 1
[1] "C"


addClusters Input-Parameters$ArchRProj: length = 0
NULL


addClusters Input-Parameters$verbose: length = 1
[1] TRUE


addClusters Input-Parameters$tstart: length = 0
NULL


addClusters Input-Parameters$force: length = 1
[1] FALSE


addClusters Input-Parameters$logFile: length = 1
[1] "ArchRLogs/ArchR-addClusters-5d4cb19a7b-Date-2024-04-02_Time-15-11-08.log"


addClusters Input-Parameters$...: length = 1

2024-04-02 15:11:19 : Running Seurats FindClusters (Stuart et al. Cell 2019), 0.189 mins elapsed.
2024-04-02 16:01:37 : Testing Biased Clusters, 50.474 mins elapsed.
2024-04-02 16:01:48 : Testing Outlier Clusters, 50.675 mins elapsed.
2024-04-02 16:01:48 : Assigning Outlier Clusters (n = 36, nOutlier < 5 cells) to Neighbors, 50.676 mins elapsed.
2024-04-02 16:02:20 : Assigning Cluster Names to 25 Clusters, 51.208 mins elapsed.
2024-04-02 16:02:21 : Finished addClusters, 51.225 mins elapsed.
